2016-09-27 17:09:24,661 Running on a GPU
2016-09-27 17:09:24,811 STREAM IHDR 16 13
2016-09-27 17:09:24,811 STREAM IDAT 41 8192
2016-09-27 17:09:24,852 STREAM IHDR 16 13
2016-09-27 17:09:24,852 STREAM IDAT 41 8192
2016-09-27 17:09:26,613 frameNo:1
2016-09-27 17:09:26,613 save the model
2016-09-27 17:09:31,141 save the optimizer
2016-09-27 17:09:32,467 STREAM IHDR 16 13
2016-09-27 17:09:32,467 STREAM IDAT 41 8192
2016-09-27 17:09:32,697 frameNo:2
2016-09-27 17:09:32,701 STREAM IHDR 16 13
2016-09-27 17:09:32,701 STREAM IDAT 41 8192
2016-09-27 17:09:32,866 frameNo:3
2016-09-27 17:09:32,870 STREAM IHDR 16 13
2016-09-27 17:09:32,870 STREAM IDAT 41 8192
2016-09-27 17:09:33,032 frameNo:4
2016-09-27 17:09:33,034 STREAM IHDR 16 13
2016-09-27 17:09:33,034 STREAM IDAT 41 8192
2016-09-27 17:09:33,196 frameNo:5
2016-09-27 17:09:33,198 STREAM IHDR 16 13
2016-09-27 17:09:33,198 STREAM IDAT 41 8192
2016-09-27 17:09:33,368 frameNo:6
2016-09-27 17:09:33,372 STREAM IHDR 16 13
2016-09-27 17:09:33,372 STREAM IDAT 41 8192
2016-09-27 17:09:33,582 frameNo:7
2016-09-27 17:09:33,586 STREAM IHDR 16 13
2016-09-27 17:09:33,586 STREAM IDAT 41 8192
2016-09-27 17:09:33,757 frameNo:8
2016-09-27 17:09:33,758 STREAM IHDR 16 13
2016-09-27 17:09:33,758 STREAM IDAT 41 8192
2016-09-27 17:09:33,939 frameNo:9
2016-09-27 17:09:35,330 loss:0.258633732796
2016-09-27 17:09:35,333 STREAM IHDR 16 13
2016-09-27 17:09:35,333 STREAM IDAT 41 8192
2016-09-27 17:09:35,441 frameNo:10
2016-09-27 17:09:35,443 STREAM IHDR 16 13
2016-09-27 17:09:35,443 STREAM IDAT 41 8192
2016-09-27 17:09:35,549 frameNo:11
2016-09-27 17:09:35,556 STREAM IHDR 16 13
2016-09-27 17:09:35,556 STREAM IDAT 41 8192
2016-09-27 17:09:35,661 frameNo:12
2016-09-27 17:09:35,665 STREAM IHDR 16 13
2016-09-27 17:09:35,665 STREAM IDAT 41 8192
2016-09-27 17:09:35,773 frameNo:13
2016-09-27 17:09:35,775 STREAM IHDR 16 13
2016-09-27 17:09:35,775 STREAM IDAT 41 8192
2016-09-27 17:09:35,880 frameNo:14
2016-09-27 17:09:35,885 STREAM IHDR 16 13
2016-09-27 17:09:35,885 STREAM IDAT 41 8192
2016-09-27 17:09:35,990 frameNo:15
2016-09-27 17:09:35,991 STREAM IHDR 16 13
2016-09-27 17:09:35,991 STREAM IDAT 41 8192
2016-09-27 17:09:36,098 frameNo:16
2016-09-27 17:09:36,099 STREAM IHDR 16 13
2016-09-27 17:09:36,100 STREAM IDAT 41 8192
2016-09-27 17:09:36,205 frameNo:17
2016-09-27 17:09:36,206 STREAM IHDR 16 13
2016-09-27 17:09:36,207 STREAM IDAT 41 8192
2016-09-27 17:09:36,313 frameNo:18
2016-09-27 17:09:36,314 STREAM IHDR 16 13
2016-09-27 17:09:36,314 STREAM IDAT 41 8192
2016-09-27 17:09:36,486 frameNo:19
2016-09-27 17:09:37,405 loss:0.128311544657
2016-09-27 17:09:37,408 STREAM IHDR 16 13
2016-09-27 17:09:37,408 STREAM IDAT 41 8192
2016-09-27 17:09:37,514 frameNo:20
2016-09-27 17:09:37,519 STREAM IHDR 16 13
2016-09-27 17:09:37,520 STREAM IDAT 41 8192
2016-09-27 17:09:37,625 frameNo:21
2016-09-27 17:09:37,631 STREAM IHDR 16 13
2016-09-27 17:09:37,631 STREAM IDAT 41 8192
2016-09-27 17:09:37,736 frameNo:22
2016-09-27 17:09:37,741 STREAM IHDR 16 13
2016-09-27 17:09:37,741 STREAM IDAT 41 8192
2016-09-27 17:09:37,847 frameNo:23
2016-09-27 17:09:37,852 STREAM IHDR 16 13
2016-09-27 17:09:37,852 STREAM IDAT 41 8192
2016-09-27 17:09:37,957 frameNo:24
2016-09-27 17:09:37,961 STREAM IHDR 16 13
2016-09-27 17:09:37,962 STREAM IDAT 41 8192
2016-09-27 17:09:38,070 frameNo:25
2016-09-27 17:09:38,074 STREAM IHDR 16 13
2016-09-27 17:09:38,074 STREAM IDAT 41 8192
2016-09-27 17:09:38,179 frameNo:26
2016-09-27 17:09:38,184 STREAM IHDR 16 13
2016-09-27 17:09:38,184 STREAM IDAT 41 8192
2016-09-27 17:09:38,289 frameNo:27
2016-09-27 17:09:38,290 STREAM IHDR 16 13
2016-09-27 17:09:38,291 STREAM IDAT 41 8192
2016-09-27 17:09:38,398 frameNo:28
2016-09-27 17:09:38,403 STREAM IHDR 16 13
2016-09-27 17:09:38,403 STREAM IDAT 41 8192
2016-09-27 17:09:38,508 frameNo:29
2016-09-27 17:09:39,456 loss:0.154375597835
2016-09-27 17:09:39,458 STREAM IHDR 16 13
2016-09-27 17:09:39,458 STREAM IDAT 41 8192
2016-09-27 17:09:39,565 frameNo:30
2016-09-27 17:09:39,570 STREAM IHDR 16 13
2016-09-27 17:09:39,571 STREAM IDAT 41 8192
2016-09-27 17:09:39,675 frameNo:31
2016-09-27 17:09:39,677 STREAM IHDR 16 13
2016-09-27 17:09:39,677 STREAM IDAT 41 8192
2016-09-27 17:09:39,782 frameNo:32
2016-09-27 17:09:39,784 STREAM IHDR 16 13
2016-09-27 17:09:39,784 STREAM IDAT 41 8192
2016-09-27 17:09:39,891 frameNo:33
2016-09-27 17:09:39,893 STREAM IHDR 16 13
2016-09-27 17:09:39,893 STREAM IDAT 41 8192
2016-09-27 17:09:39,998 frameNo:34
2016-09-27 17:09:39,999 STREAM IHDR 16 13
2016-09-27 17:09:40,000 STREAM IDAT 41 8192
2016-09-27 17:09:40,105 frameNo:35
2016-09-27 17:09:40,106 STREAM IHDR 16 13
2016-09-27 17:09:40,106 STREAM IDAT 41 8192
2016-09-27 17:09:40,211 frameNo:36
2016-09-27 17:09:40,212 STREAM IHDR 16 13
2016-09-27 17:09:40,212 STREAM IDAT 41 8192
2016-09-27 17:09:40,353 frameNo:37
2016-09-27 17:09:40,355 STREAM IHDR 16 13
2016-09-27 17:09:40,355 STREAM IDAT 41 8192
2016-09-27 17:09:40,461 frameNo:38
2016-09-27 17:09:40,462 STREAM IHDR 16 13
2016-09-27 17:09:40,462 STREAM IDAT 41 8192
2016-09-27 17:09:40,568 frameNo:39
2016-09-27 17:09:41,500 loss:0.114035777748
2016-09-27 17:09:41,502 STREAM IHDR 16 13
2016-09-27 17:09:41,502 STREAM IDAT 41 8192
2016-09-27 17:09:41,607 frameNo:40
2016-09-27 17:09:41,608 STREAM IHDR 16 13
2016-09-27 17:09:41,608 STREAM IDAT 41 8192
2016-09-27 17:09:41,714 frameNo:41
2016-09-27 17:09:41,716 STREAM IHDR 16 13
2016-09-27 17:09:41,716 STREAM IDAT 41 8192
2016-09-27 17:09:41,821 frameNo:42
2016-09-27 17:09:41,822 STREAM IHDR 16 13
2016-09-27 17:09:41,823 STREAM IDAT 41 8192
2016-09-27 17:09:41,927 frameNo:43
2016-09-27 17:09:41,928 STREAM IHDR 16 13
2016-09-27 17:09:41,929 STREAM IDAT 41 8192
2016-09-27 17:09:42,034 frameNo:44
2016-09-27 17:09:42,035 STREAM IHDR 16 13
2016-09-27 17:09:42,035 STREAM IDAT 41 8192
2016-09-27 17:09:42,142 frameNo:45
2016-09-27 17:09:42,144 STREAM IHDR 16 13
2016-09-27 17:09:42,144 STREAM IDAT 41 8192
2016-09-27 17:09:42,249 frameNo:46
2016-09-27 17:09:42,250 STREAM IHDR 16 13
2016-09-27 17:09:42,250 STREAM IDAT 41 8192
2016-09-27 17:09:42,356 frameNo:47
2016-09-27 17:09:42,357 STREAM IHDR 16 13
2016-09-27 17:09:42,357 STREAM IDAT 41 8192
2016-09-27 17:09:42,466 frameNo:48
2016-09-27 17:09:42,467 STREAM IHDR 16 13
2016-09-27 17:09:42,467 STREAM IDAT 41 8192
2016-09-27 17:09:42,572 frameNo:49
2016-09-27 17:09:43,540 loss:0.0497821606696
2016-09-27 17:09:43,541 STREAM IHDR 16 13
2016-09-27 17:09:43,542 STREAM IDAT 41 8192
2016-09-27 17:09:43,647 frameNo:50
2016-09-27 17:09:43,649 STREAM IHDR 16 13
2016-09-27 17:09:43,649 STREAM IDAT 41 8192
2016-09-27 17:09:43,754 frameNo:51
2016-09-27 17:09:43,755 STREAM IHDR 16 13
2016-09-27 17:09:43,756 STREAM IDAT 41 8192
2016-09-27 17:09:43,862 frameNo:52
2016-09-27 17:09:43,863 STREAM IHDR 16 13
2016-09-27 17:09:43,863 STREAM IDAT 41 8192
2016-09-27 17:09:43,971 frameNo:53
2016-09-27 17:09:43,972 STREAM IHDR 16 13
2016-09-27 17:09:43,973 STREAM IDAT 41 8192
2016-09-27 17:09:44,079 frameNo:54
2016-09-27 17:09:44,080 STREAM IHDR 16 13
2016-09-27 17:09:44,081 STREAM IDAT 41 8192
2016-09-27 17:09:44,185 frameNo:55
2016-09-27 17:09:44,187 STREAM IHDR 16 13
2016-09-27 17:09:44,187 STREAM IDAT 41 8192
2016-09-27 17:09:44,291 frameNo:56
2016-09-27 17:09:44,298 STREAM IHDR 16 13
2016-09-27 17:09:44,298 STREAM IDAT 41 8192
2016-09-27 17:09:44,406 frameNo:57
2016-09-27 17:09:44,407 STREAM IHDR 16 13
2016-09-27 17:09:44,408 STREAM IDAT 41 8192
2016-09-27 17:09:44,512 frameNo:58
2016-09-27 17:09:44,514 STREAM IHDR 16 13
2016-09-27 17:09:44,514 STREAM IDAT 41 8192
2016-09-27 17:09:44,618 frameNo:59
2016-09-27 17:09:45,548 loss:0.0392561666667
2016-09-27 17:09:45,549 STREAM IHDR 16 13
2016-09-27 17:09:45,550 STREAM IDAT 41 8192
2016-09-27 17:09:45,655 frameNo:60
2016-09-27 17:09:45,657 STREAM IHDR 16 13
2016-09-27 17:09:45,657 STREAM IDAT 41 8192
2016-09-27 17:09:45,764 frameNo:61
2016-09-27 17:09:45,765 STREAM IHDR 16 13
2016-09-27 17:09:45,765 STREAM IDAT 41 8192
2016-09-27 17:09:45,873 frameNo:62
2016-09-27 17:09:45,874 STREAM IHDR 16 13
2016-09-27 17:09:45,875 STREAM IDAT 41 8192
2016-09-27 17:09:45,980 frameNo:63
2016-09-27 17:09:45,982 STREAM IHDR 16 13
2016-09-27 17:09:45,982 STREAM IDAT 41 8192
2016-09-27 17:09:46,087 frameNo:64
2016-09-27 17:09:46,088 STREAM IHDR 16 13
2016-09-27 17:09:46,089 STREAM IDAT 41 8192
2016-09-27 17:09:46,203 frameNo:65
2016-09-27 17:09:46,205 STREAM IHDR 16 13
2016-09-27 17:09:46,206 STREAM IDAT 41 8192
2016-09-27 17:09:46,313 frameNo:66
2016-09-27 17:09:46,314 STREAM IHDR 16 13
2016-09-27 17:09:46,314 STREAM IDAT 41 8192
2016-09-27 17:09:46,420 frameNo:67
2016-09-27 17:09:46,421 STREAM IHDR 16 13
2016-09-27 17:09:46,421 STREAM IDAT 41 8192
2016-09-27 17:09:46,529 frameNo:68
2016-09-27 17:09:46,530 STREAM IHDR 16 13
2016-09-27 17:09:46,530 STREAM IDAT 41 8192
2016-09-27 17:09:46,673 frameNo:69
2016-09-27 17:09:47,643 loss:0.049378015101
2016-09-27 17:09:47,647 STREAM IHDR 16 13
2016-09-27 17:09:47,648 STREAM IDAT 41 8192
2016-09-27 17:09:47,753 frameNo:70
2016-09-27 17:09:47,755 STREAM IHDR 16 13
2016-09-27 17:09:47,755 STREAM IDAT 41 8192
2016-09-27 17:09:47,860 frameNo:71
2016-09-27 17:09:47,861 STREAM IHDR 16 13
2016-09-27 17:09:47,861 STREAM IDAT 41 8192
2016-09-27 17:09:47,966 frameNo:72
2016-09-27 17:09:47,968 STREAM IHDR 16 13
2016-09-27 17:09:47,968 STREAM IDAT 41 8192
2016-09-27 17:09:48,075 frameNo:73
2016-09-27 17:09:48,077 STREAM IHDR 16 13
2016-09-27 17:09:48,077 STREAM IDAT 41 8192
2016-09-27 17:09:48,182 frameNo:74
2016-09-27 17:09:48,183 STREAM IHDR 16 13
2016-09-27 17:09:48,184 STREAM IDAT 41 8192
2016-09-27 17:09:48,288 frameNo:75
2016-09-27 17:09:48,289 STREAM IHDR 16 13
2016-09-27 17:09:48,289 STREAM IDAT 41 8192
2016-09-27 17:09:48,394 frameNo:76
2016-09-27 17:09:48,395 STREAM IHDR 16 13
2016-09-27 17:09:48,395 STREAM IDAT 41 8192
2016-09-27 17:09:48,503 frameNo:77
2016-09-27 17:09:48,505 STREAM IHDR 16 13
2016-09-27 17:09:48,505 STREAM IDAT 41 8192
2016-09-27 17:09:48,611 frameNo:78
2016-09-27 17:09:48,612 STREAM IHDR 16 13
2016-09-27 17:09:48,612 STREAM IDAT 41 8192
2016-09-27 17:09:48,717 frameNo:79
2016-09-27 17:09:49,638 loss:0.0745547115803
2016-09-27 17:09:49,641 STREAM IHDR 16 13
2016-09-27 17:09:49,641 STREAM IDAT 41 8192
2016-09-27 17:09:49,746 frameNo:80
2016-09-27 17:09:49,747 STREAM IHDR 16 13
2016-09-27 17:09:49,747 STREAM IDAT 41 8192
2016-09-27 17:09:49,853 frameNo:81
2016-09-27 17:09:49,854 STREAM IHDR 16 13
2016-09-27 17:09:49,854 STREAM IDAT 41 8192
2016-09-27 17:09:49,961 frameNo:82
2016-09-27 17:09:49,963 STREAM IHDR 16 13
2016-09-27 17:09:49,963 STREAM IDAT 41 8192
2016-09-27 17:09:50,070 frameNo:83
2016-09-27 17:09:50,071 STREAM IHDR 16 13
2016-09-27 17:09:50,071 STREAM IDAT 41 8192
2016-09-27 17:09:50,177 frameNo:84
2016-09-27 17:09:50,178 STREAM IHDR 16 13
2016-09-27 17:09:50,178 STREAM IDAT 41 8192
2016-09-27 17:09:50,286 frameNo:85
2016-09-27 17:09:50,287 STREAM IHDR 16 13
2016-09-27 17:09:50,287 STREAM IDAT 41 8192
2016-09-27 17:09:50,392 frameNo:86
2016-09-27 17:09:50,393 STREAM IHDR 16 13
2016-09-27 17:09:50,394 STREAM IDAT 41 8192
2016-09-27 17:09:50,499 frameNo:87
2016-09-27 17:09:50,501 STREAM IHDR 16 13
2016-09-27 17:09:50,501 STREAM IDAT 41 8192
2016-09-27 17:09:50,610 frameNo:88
2016-09-27 17:09:50,611 STREAM IHDR 16 13
2016-09-27 17:09:50,611 STREAM IDAT 41 8192
2016-09-27 17:09:50,718 frameNo:89
