2016-09-27 16:58:50,361 Running on a GPU
2016-09-27 16:58:50,447 STREAM IHDR 16 13
2016-09-27 16:58:50,447 STREAM IDAT 41 8192
2016-09-27 16:58:50,486 STREAM IHDR 16 13
2016-09-27 16:58:50,487 STREAM IDAT 41 8192
2016-09-27 16:58:51,931 frameNo:1
2016-09-27 16:58:51,931 save the model
2016-09-27 16:58:55,730 save the optimizer
2016-09-27 16:58:56,941 STREAM IHDR 16 13
2016-09-27 16:58:56,941 STREAM IDAT 41 8192
2016-09-27 16:58:57,145 frameNo:2
2016-09-27 16:58:57,147 STREAM IHDR 16 13
2016-09-27 16:58:57,148 STREAM IDAT 41 8192
2016-09-27 16:58:57,347 frameNo:3
2016-09-27 16:58:57,349 STREAM IHDR 16 13
2016-09-27 16:58:57,349 STREAM IDAT 41 8192
2016-09-27 16:58:57,555 frameNo:4
2016-09-27 16:58:57,557 STREAM IHDR 16 13
2016-09-27 16:58:57,557 STREAM IDAT 41 8192
2016-09-27 16:58:57,760 frameNo:5
2016-09-27 16:58:57,762 STREAM IHDR 16 13
2016-09-27 16:58:57,762 STREAM IDAT 41 8192
2016-09-27 16:58:57,968 frameNo:6
2016-09-27 16:58:57,970 STREAM IHDR 16 13
2016-09-27 16:58:57,970 STREAM IDAT 41 8192
2016-09-27 16:58:58,179 frameNo:7
2016-09-27 16:58:58,181 STREAM IHDR 16 13
2016-09-27 16:58:58,181 STREAM IDAT 41 8192
2016-09-27 17:00:31,631 Running on a GPU
2016-09-27 17:00:31,686 STREAM IHDR 16 13
2016-09-27 17:00:31,686 STREAM IDAT 41 8192
2016-09-27 17:00:31,736 STREAM IHDR 16 13
2016-09-27 17:00:31,736 STREAM IDAT 41 8192
2016-09-27 17:00:32,922 frameNo:1
2016-09-27 17:00:32,923 save the model
2016-09-27 17:00:36,587 save the optimizer
2016-09-27 17:00:37,806 STREAM IHDR 16 13
2016-09-27 17:00:37,806 STREAM IDAT 41 8192
2016-09-27 17:00:38,005 frameNo:2
2016-09-27 17:00:38,007 STREAM IHDR 16 13
2016-09-27 17:00:38,007 STREAM IDAT 41 8192
2016-09-27 17:00:38,165 frameNo:3
2016-09-27 17:00:38,167 STREAM IHDR 16 13
2016-09-27 17:00:38,167 STREAM IDAT 41 8192
2016-09-27 17:00:38,326 frameNo:4
2016-09-27 17:00:38,328 STREAM IHDR 16 13
2016-09-27 17:00:38,328 STREAM IDAT 41 8192
2016-09-27 17:00:38,494 frameNo:5
2016-09-27 17:00:38,496 STREAM IHDR 16 13
2016-09-27 17:00:38,496 STREAM IDAT 41 8192
2016-09-27 17:00:38,669 frameNo:6
2016-09-27 17:00:38,671 STREAM IHDR 16 13
2016-09-27 17:00:38,671 STREAM IDAT 41 8192
2016-09-27 17:00:38,872 frameNo:7
2016-09-27 17:00:38,874 STREAM IHDR 16 13
2016-09-27 17:00:38,874 STREAM IDAT 41 8192
2016-09-27 17:00:39,051 frameNo:8
2016-09-27 17:00:39,053 STREAM IHDR 16 13
2016-09-27 17:00:39,053 STREAM IDAT 41 8192
2016-09-27 17:00:39,231 frameNo:9
2016-09-27 17:00:40,639 loss:0.310338288546
2016-09-27 17:00:40,642 STREAM IHDR 16 13
2016-09-27 17:00:40,642 STREAM IDAT 41 8192
2016-09-27 17:00:40,750 frameNo:10
2016-09-27 17:00:40,752 STREAM IHDR 16 13
2016-09-27 17:00:40,752 STREAM IDAT 41 8192
2016-09-27 17:00:40,859 frameNo:11
2016-09-27 17:00:40,861 STREAM IHDR 16 13
2016-09-27 17:00:40,861 STREAM IDAT 41 8192
2016-09-27 17:00:40,968 frameNo:12
2016-09-27 17:00:40,970 STREAM IHDR 16 13
2016-09-27 17:00:40,970 STREAM IDAT 41 8192
2016-09-27 17:00:41,079 frameNo:13
2016-09-27 17:00:41,081 STREAM IHDR 16 13
2016-09-27 17:00:41,081 STREAM IDAT 41 8192
2016-09-27 17:00:41,188 frameNo:14
2016-09-27 17:00:41,190 STREAM IHDR 16 13
2016-09-27 17:00:41,190 STREAM IDAT 41 8192
2016-09-27 17:00:41,296 frameNo:15
2016-09-27 17:00:41,298 STREAM IHDR 16 13
2016-09-27 17:00:41,298 STREAM IDAT 41 8192
2016-09-27 17:00:41,407 frameNo:16
2016-09-27 17:00:41,408 STREAM IHDR 16 13
2016-09-27 17:00:41,409 STREAM IDAT 41 8192
2016-09-27 17:00:41,516 frameNo:17
2016-09-27 17:00:41,518 STREAM IHDR 16 13
2016-09-27 17:00:41,518 STREAM IDAT 41 8192
2016-09-27 17:00:41,625 frameNo:18
2016-09-27 17:00:41,627 STREAM IHDR 16 13
2016-09-27 17:00:41,627 STREAM IDAT 41 8192
2016-09-27 17:00:41,795 frameNo:19
2016-09-27 17:00:42,706 loss:0.22101727128
2016-09-27 17:00:42,708 STREAM IHDR 16 13
2016-09-27 17:00:42,709 STREAM IDAT 41 8192
2016-09-27 17:00:42,816 frameNo:20
2016-09-27 17:00:42,818 STREAM IHDR 16 13
2016-09-27 17:00:42,818 STREAM IDAT 41 8192
2016-09-27 17:00:42,924 frameNo:21
2016-09-27 17:00:42,925 STREAM IHDR 16 13
2016-09-27 17:00:42,926 STREAM IDAT 41 8192
2016-09-27 17:00:43,033 frameNo:22
2016-09-27 17:00:43,035 STREAM IHDR 16 13
2016-09-27 17:00:43,035 STREAM IDAT 41 8192
2016-09-27 17:00:43,141 frameNo:23
2016-09-27 17:00:43,143 STREAM IHDR 16 13
2016-09-27 17:00:43,143 STREAM IDAT 41 8192
2016-09-27 17:00:43,249 frameNo:24
2016-09-27 17:00:43,251 STREAM IHDR 16 13
2016-09-27 17:00:43,251 STREAM IDAT 41 8192
2016-09-27 17:00:43,360 frameNo:25
2016-09-27 17:00:43,362 STREAM IHDR 16 13
2016-09-27 17:00:43,362 STREAM IDAT 41 8192
2016-09-27 17:00:43,469 frameNo:26
2016-09-27 17:00:43,470 STREAM IHDR 16 13
2016-09-27 17:00:43,470 STREAM IDAT 41 8192
2016-09-27 17:00:43,576 frameNo:27
2016-09-27 17:00:43,578 STREAM IHDR 16 13
2016-09-27 17:00:43,578 STREAM IDAT 41 8192
2016-09-27 17:00:43,687 frameNo:28
2016-09-27 17:00:43,749 STREAM IHDR 16 13
2016-09-27 17:00:43,749 STREAM IDAT 41 8192
2016-09-27 17:00:43,892 frameNo:29
2016-09-27 17:00:44,840 loss:0.183830097318
2016-09-27 17:00:44,906 STREAM IHDR 16 13
2016-09-27 17:00:44,907 STREAM IDAT 41 8192
2016-09-27 17:00:45,010 frameNo:30
2016-09-27 17:00:45,063 STREAM IHDR 16 13
2016-09-27 17:00:45,063 STREAM IDAT 41 8192
2016-09-27 17:00:45,165 frameNo:31
2016-09-27 17:00:45,229 STREAM IHDR 16 13
2016-09-27 17:00:45,229 STREAM IDAT 41 8192
2016-09-27 17:00:45,332 frameNo:32
2016-09-27 17:00:45,399 STREAM IHDR 16 13
2016-09-27 17:00:45,399 STREAM IDAT 41 8192
2016-09-27 17:00:45,505 frameNo:33
2016-09-27 17:00:45,571 STREAM IHDR 16 13
2016-09-27 17:00:45,571 STREAM IDAT 41 8192
2016-09-27 17:00:45,698 frameNo:34
2016-09-27 17:00:45,748 STREAM IHDR 16 13
2016-09-27 17:00:45,749 STREAM IDAT 41 8192
2016-09-27 17:00:45,874 frameNo:35
2016-09-27 17:00:45,942 STREAM IHDR 16 13
2016-09-27 17:00:45,943 STREAM IDAT 41 8192
2016-09-27 17:00:46,073 frameNo:36
2016-09-27 17:00:46,133 STREAM IHDR 16 13
2016-09-27 17:00:46,134 STREAM IDAT 41 8192
2016-09-27 17:00:46,312 frameNo:37
2016-09-27 17:00:46,372 STREAM IHDR 16 13
2016-09-27 17:00:46,372 STREAM IDAT 41 8192
2016-09-27 17:00:46,506 frameNo:38
2016-09-27 17:00:46,558 STREAM IHDR 16 13
2016-09-27 17:00:46,558 STREAM IDAT 41 8192
2016-09-27 17:00:46,692 frameNo:39
2016-09-27 17:00:47,623 loss:0.0500558950007
2016-09-27 17:00:47,694 STREAM IHDR 16 13
2016-09-27 17:00:47,694 STREAM IDAT 41 8192
2016-09-27 17:00:47,795 frameNo:40
2016-09-27 17:00:47,865 STREAM IHDR 16 13
2016-09-27 17:00:47,865 STREAM IDAT 41 8192
2016-09-27 17:00:47,969 frameNo:41
2016-09-27 17:00:48,043 STREAM IHDR 16 13
2016-09-27 17:00:48,043 STREAM IDAT 41 8192
2016-09-27 17:00:48,175 frameNo:42
2016-09-27 17:00:48,245 STREAM IHDR 16 13
2016-09-27 17:00:48,245 STREAM IDAT 41 8192
2016-09-27 17:00:48,377 frameNo:43
2016-09-27 17:00:48,441 STREAM IHDR 16 13
2016-09-27 17:00:48,441 STREAM IDAT 41 8192
2016-09-27 17:00:48,584 frameNo:44
2016-09-27 17:00:48,647 STREAM IHDR 16 13
2016-09-27 17:00:48,647 STREAM IDAT 41 8192
2016-09-27 17:00:48,784 frameNo:45
2016-09-27 17:00:48,850 STREAM IHDR 16 13
2016-09-27 17:00:48,850 STREAM IDAT 41 8192
2016-09-27 17:00:48,984 frameNo:46
2016-09-27 17:00:49,056 STREAM IHDR 16 13
2016-09-27 17:00:49,057 STREAM IDAT 41 8192
2016-09-27 17:00:49,190 frameNo:47
2016-09-27 17:00:49,244 STREAM IHDR 16 13
2016-09-27 17:00:49,245 STREAM IDAT 41 8192
2016-09-27 17:00:49,382 frameNo:48
2016-09-27 17:00:49,464 STREAM IHDR 16 13
2016-09-27 17:00:49,465 STREAM IDAT 41 8192
2016-09-27 17:00:49,599 frameNo:49
2016-09-27 17:00:50,546 loss:0.0471350513399
2016-09-27 17:00:50,623 STREAM IHDR 16 13
2016-09-27 17:00:50,623 STREAM IDAT 41 8192
2016-09-27 17:00:50,725 frameNo:50
2016-09-27 17:00:50,807 STREAM IHDR 16 13
2016-09-27 17:00:50,807 STREAM IDAT 41 8192
2016-09-27 17:00:50,911 frameNo:51
2016-09-27 17:00:50,992 STREAM IHDR 16 13
2016-09-27 17:00:50,992 STREAM IDAT 41 8192
2016-09-27 17:00:51,123 frameNo:52
2016-09-27 17:00:51,203 STREAM IHDR 16 13
2016-09-27 17:00:51,203 STREAM IDAT 41 8192
2016-09-27 17:00:51,339 frameNo:53
2016-09-27 17:00:51,409 STREAM IHDR 16 13
2016-09-27 17:00:51,410 STREAM IDAT 41 8192
2016-09-27 17:00:51,544 frameNo:54
2016-09-27 17:00:51,608 STREAM IHDR 16 13
2016-09-27 17:00:51,609 STREAM IDAT 41 8192
2016-09-27 17:00:51,743 frameNo:55
2016-09-27 17:00:51,813 STREAM IHDR 16 13
2016-09-27 17:00:51,814 STREAM IDAT 41 8192
2016-09-27 17:00:51,950 frameNo:56
2016-09-27 17:00:52,001 STREAM IHDR 16 13
2016-09-27 17:00:52,001 STREAM IDAT 41 8192
2016-09-27 17:00:52,135 frameNo:57
2016-09-27 17:00:52,212 STREAM IHDR 16 13
2016-09-27 17:00:52,212 STREAM IDAT 41 8192
2016-09-27 17:00:52,347 frameNo:58
2016-09-27 17:00:52,423 STREAM IHDR 16 13
2016-09-27 17:00:52,423 STREAM IDAT 41 8192
2016-09-27 17:00:52,556 frameNo:59
2016-09-27 17:00:53,480 loss:0.0338515304029
2016-09-27 17:00:53,539 STREAM IHDR 16 13
2016-09-27 17:00:53,539 STREAM IDAT 41 8192
2016-09-27 17:00:53,641 frameNo:60
2016-09-27 17:00:53,704 STREAM IHDR 16 13
2016-09-27 17:00:53,704 STREAM IDAT 41 8192
2016-09-27 17:00:53,806 frameNo:61
2016-09-27 17:00:53,852 STREAM IHDR 16 13
2016-09-27 17:00:53,852 STREAM IDAT 41 8192
2016-09-27 17:00:53,957 frameNo:62
2016-09-27 17:00:53,974 STREAM IHDR 16 13
2016-09-27 17:00:53,974 STREAM IDAT 41 8192
2016-09-27 17:00:54,087 frameNo:63
2016-09-27 17:00:54,151 STREAM IHDR 16 13
2016-09-27 17:00:54,151 STREAM IDAT 41 8192
2016-09-27 17:00:54,268 frameNo:64
2016-09-27 17:00:54,312 STREAM IHDR 16 13
2016-09-27 17:00:54,312 STREAM IDAT 41 8192
2016-09-27 17:00:54,433 frameNo:65
2016-09-27 17:00:54,492 STREAM IHDR 16 13
2016-09-27 17:00:54,492 STREAM IDAT 41 8192
2016-09-27 17:00:54,626 frameNo:66
2016-09-27 17:00:54,697 STREAM IHDR 16 13
2016-09-27 17:00:54,698 STREAM IDAT 41 8192
2016-09-27 17:00:54,831 frameNo:67
2016-09-27 17:00:54,911 STREAM IHDR 16 13
2016-09-27 17:00:54,911 STREAM IDAT 41 8192
2016-09-27 17:00:55,047 frameNo:68
2016-09-27 17:00:55,097 STREAM IHDR 16 13
2016-09-27 17:00:55,097 STREAM IDAT 41 8192
2016-09-27 17:00:55,277 frameNo:69
2016-09-27 17:00:56,220 loss:0.0699545219541
2016-09-27 17:00:56,296 STREAM IHDR 16 13
2016-09-27 17:00:56,296 STREAM IDAT 41 8192
2016-09-27 17:00:56,399 frameNo:70
2016-09-27 17:00:56,458 STREAM IHDR 16 13
2016-09-27 17:00:56,458 STREAM IDAT 41 8192
2016-09-27 17:00:56,568 frameNo:71
2016-09-27 17:00:56,584 STREAM IHDR 16 13
2016-09-27 17:00:56,585 STREAM IDAT 41 8192
2016-09-27 17:00:56,699 frameNo:72
2016-09-27 17:00:56,715 STREAM IHDR 16 13
2016-09-27 17:00:56,715 STREAM IDAT 41 8192
2016-09-27 17:00:56,833 frameNo:73
2016-09-27 17:00:56,913 STREAM IHDR 16 13
2016-09-27 17:00:56,913 STREAM IDAT 41 8192
2016-09-27 17:00:57,030 frameNo:74
2016-09-27 17:00:57,111 STREAM IHDR 16 13
2016-09-27 17:00:57,111 STREAM IDAT 41 8192
2016-09-27 17:00:57,227 frameNo:75
2016-09-27 17:00:57,296 STREAM IHDR 16 13
2016-09-27 17:00:57,296 STREAM IDAT 41 8192
2016-09-27 17:00:57,414 frameNo:76
2016-09-27 17:00:57,468 STREAM IHDR 16 13
2016-09-27 17:00:57,468 STREAM IDAT 41 8192
2016-09-27 17:00:57,596 frameNo:77
2016-09-27 17:00:57,670 STREAM IHDR 16 13
2016-09-27 17:00:57,671 STREAM IDAT 41 8192
2016-09-27 17:00:57,805 frameNo:78
2016-09-27 17:00:57,859 STREAM IHDR 16 13
2016-09-27 17:00:57,859 STREAM IDAT 41 8192
2016-09-27 17:00:57,996 frameNo:79
2016-09-27 17:00:58,924 loss:0.0673522874713
2016-09-27 17:00:58,991 STREAM IHDR 16 13
2016-09-27 17:00:58,992 STREAM IDAT 41 8192
2016-09-27 17:00:59,096 frameNo:80
2016-09-27 17:00:59,110 STREAM IHDR 16 13
2016-09-27 17:00:59,111 STREAM IDAT 41 8192
2016-09-27 17:00:59,213 frameNo:81
2016-09-27 17:00:59,259 STREAM IHDR 16 13
2016-09-27 17:00:59,260 STREAM IDAT 41 8192
2016-09-27 17:00:59,364 frameNo:82
2016-09-27 17:00:59,437 STREAM IHDR 16 13
2016-09-27 17:00:59,438 STREAM IDAT 41 8192
2016-09-27 17:00:59,543 frameNo:83
2016-09-27 17:00:59,629 STREAM IHDR 16 13
2016-09-27 17:00:59,629 STREAM IDAT 41 8192
2016-09-27 17:00:59,739 frameNo:84
2016-09-27 17:00:59,818 STREAM IHDR 16 13
2016-09-27 17:00:59,818 STREAM IDAT 41 8192
2016-09-27 17:00:59,931 frameNo:85
2016-09-27 17:00:59,998 STREAM IHDR 16 13
2016-09-27 17:00:59,998 STREAM IDAT 41 8192
2016-09-27 17:01:00,131 frameNo:86
2016-09-27 17:01:00,189 STREAM IHDR 16 13
2016-09-27 17:01:00,189 STREAM IDAT 41 8192
2016-09-27 17:01:00,324 frameNo:87
2016-09-27 17:01:00,398 STREAM IHDR 16 13
2016-09-27 17:01:00,398 STREAM IDAT 41 8192
2016-09-27 17:01:00,536 frameNo:88
2016-09-27 17:01:00,596 STREAM IHDR 16 13
2016-09-27 17:01:00,597 STREAM IDAT 41 8192
2016-09-27 17:01:00,731 frameNo:89
2016-09-27 17:01:01,651 loss:0.0773470252752
2016-09-27 17:01:01,668 STREAM IHDR 16 13
2016-09-27 17:01:01,668 STREAM IDAT 41 8192
2016-09-27 17:01:01,772 frameNo:90
2016-09-27 17:01:01,831 STREAM IHDR 16 13
2016-09-27 17:01:01,831 STREAM IDAT 41 8192
2016-09-27 17:01:01,933 frameNo:91
2016-09-27 17:01:01,959 STREAM IHDR 16 13
2016-09-27 17:01:01,960 STREAM IDAT 41 8192
2016-09-27 17:01:02,066 frameNo:92
2016-09-27 17:01:02,158 STREAM IHDR 16 13
2016-09-27 17:01:02,158 STREAM IDAT 41 8192
2016-09-27 17:01:02,269 frameNo:93
2016-09-27 17:01:02,337 STREAM IHDR 16 13
2016-09-27 17:01:02,337 STREAM IDAT 41 8192
2016-09-27 17:01:02,447 frameNo:94
2016-09-27 17:01:02,462 STREAM IHDR 16 13
2016-09-27 17:01:02,462 STREAM IDAT 41 8192
2016-09-27 17:01:02,587 frameNo:95
2016-09-27 17:01:02,665 STREAM IHDR 16 13
2016-09-27 17:01:02,665 STREAM IDAT 41 8192
2016-09-27 17:01:02,799 frameNo:96
2016-09-27 17:01:02,839 STREAM IHDR 16 13
2016-09-27 17:01:02,839 STREAM IDAT 41 8192
2016-09-27 17:01:02,976 frameNo:97
2016-09-27 17:01:03,049 STREAM IHDR 16 13
2016-09-27 17:01:03,049 STREAM IDAT 41 8192
2016-09-27 17:01:03,182 frameNo:98
2016-09-27 17:01:03,254 STREAM IHDR 16 13
2016-09-27 17:01:03,255 STREAM IDAT 41 8192
2016-09-27 17:01:03,389 frameNo:99
2016-09-27 17:01:04,318 loss:0.0601838119328
2016-09-27 17:01:04,339 STREAM IHDR 16 13
2016-09-27 17:01:04,339 STREAM IDAT 41 8192
2016-09-27 17:01:04,442 frameNo:100
2016-09-27 17:01:04,496 STREAM IHDR 16 13
2016-09-27 17:01:04,497 STREAM IDAT 41 8192
2016-09-27 17:01:04,600 frameNo:101
2016-09-27 17:01:04,666 STREAM IHDR 16 13
2016-09-27 17:01:04,666 STREAM IDAT 41 8192
2016-09-27 17:01:04,768 frameNo:102
2016-09-27 17:01:04,841 STREAM IHDR 16 13
2016-09-27 17:01:04,841 STREAM IDAT 41 8192
2016-09-27 17:01:04,943 frameNo:103
2016-09-27 17:01:05,002 STREAM IHDR 16 13
2016-09-27 17:01:05,003 STREAM IDAT 41 8192
2016-09-27 17:01:05,138 frameNo:104
2016-09-27 17:01:05,199 STREAM IHDR 16 13
2016-09-27 17:01:05,199 STREAM IDAT 41 8192
2016-09-27 17:01:05,334 frameNo:105
2016-09-27 17:01:05,394 STREAM IHDR 16 13
2016-09-27 17:01:05,394 STREAM IDAT 41 8192
2016-09-27 17:01:05,529 frameNo:106
2016-09-27 17:01:05,587 STREAM IHDR 16 13
2016-09-27 17:01:05,587 STREAM IDAT 41 8192
2016-09-27 17:01:05,720 frameNo:107
2016-09-27 17:01:05,788 STREAM IHDR 16 13
2016-09-27 17:01:05,789 STREAM IDAT 41 8192
2016-09-27 17:01:05,930 frameNo:108
2016-09-27 17:01:05,994 STREAM IHDR 16 13
2016-09-27 17:01:05,995 STREAM IDAT 41 8192
2016-09-27 17:01:06,128 frameNo:109
2016-09-27 17:01:07,066 loss:0.0391783006489
2016-09-27 17:01:07,139 STREAM IHDR 16 13
2016-09-27 17:01:07,140 STREAM IDAT 41 8192
2016-09-27 17:01:07,242 frameNo:110
2016-09-27 17:01:07,310 STREAM IHDR 16 13
2016-09-27 17:01:07,310 STREAM IDAT 41 8192
2016-09-27 17:01:07,412 frameNo:111
2016-09-27 17:01:07,479 STREAM IHDR 16 13
2016-09-27 17:01:07,479 STREAM IDAT 41 8192
2016-09-27 17:01:07,605 frameNo:112
2016-09-27 17:01:07,678 STREAM IHDR 16 13
2016-09-27 17:01:07,679 STREAM IDAT 41 8192
2016-09-27 17:01:07,815 frameNo:113
2016-09-27 17:01:38,247 Running on a GPU
2016-09-27 17:01:38,482 STREAM IHDR 16 13
2016-09-27 17:01:38,482 STREAM IDAT 41 8192
2016-09-27 17:01:38,531 STREAM IHDR 16 13
2016-09-27 17:01:38,531 STREAM IDAT 41 8192
2016-09-27 17:01:40,338 frameNo:1
2016-09-27 17:01:40,338 save the model
2016-09-27 17:01:44,998 save the optimizer
2016-09-27 17:01:46,290 STREAM IHDR 16 13
2016-09-27 17:01:46,290 STREAM IDAT 41 8192
2016-09-27 17:01:46,508 frameNo:2
2016-09-27 17:01:46,515 STREAM IHDR 16 13
2016-09-27 17:01:46,515 STREAM IDAT 41 8192
2016-09-27 17:01:46,686 frameNo:3
2016-09-27 17:01:46,693 STREAM IHDR 16 13
2016-09-27 17:01:46,693 STREAM IDAT 41 8192
2016-09-27 17:01:46,854 frameNo:4
2016-09-27 17:01:46,861 STREAM IHDR 16 13
2016-09-27 17:01:46,861 STREAM IDAT 41 8192
2016-09-27 17:01:47,024 frameNo:5
2016-09-27 17:01:47,032 STREAM IHDR 16 13
2016-09-27 17:01:47,032 STREAM IDAT 41 8192
2016-09-27 17:01:47,202 frameNo:6
2016-09-27 17:01:47,211 STREAM IHDR 16 13
2016-09-27 17:01:47,211 STREAM IDAT 41 8192
2016-09-27 17:01:47,448 frameNo:7
2016-09-27 17:01:47,456 STREAM IHDR 16 13
2016-09-27 17:01:47,456 STREAM IDAT 41 8192
2016-09-27 17:01:47,660 frameNo:8
2016-09-27 17:01:47,667 STREAM IHDR 16 13
2016-09-27 17:01:47,667 STREAM IDAT 41 8192
2016-09-27 17:01:47,893 frameNo:9
2016-09-27 17:01:49,556 loss:0.283868163824
2016-09-27 17:01:49,563 STREAM IHDR 16 13
2016-09-27 17:01:49,563 STREAM IDAT 41 8192
2016-09-27 17:01:49,672 frameNo:10
2016-09-27 17:01:49,679 STREAM IHDR 16 13
2016-09-27 17:01:49,679 STREAM IDAT 41 8192
2016-09-27 17:01:49,787 frameNo:11
2016-09-27 17:01:49,794 STREAM IHDR 16 13
2016-09-27 17:01:49,794 STREAM IDAT 41 8192
2016-09-27 17:01:49,901 frameNo:12
2016-09-27 17:01:49,910 STREAM IHDR 16 13
2016-09-27 17:01:49,910 STREAM IDAT 41 8192
2016-09-27 17:01:50,019 frameNo:13
2016-09-27 17:01:50,028 STREAM IHDR 16 13
2016-09-27 17:01:50,028 STREAM IDAT 41 8192
2016-09-27 17:01:50,135 frameNo:14
2016-09-27 17:01:50,144 STREAM IHDR 16 13
2016-09-27 17:01:50,144 STREAM IDAT 41 8192
2016-09-27 17:01:50,251 frameNo:15
2016-09-27 17:01:50,260 STREAM IHDR 16 13
2016-09-27 17:01:50,260 STREAM IDAT 41 8192
2016-09-27 17:01:50,369 frameNo:16
2016-09-27 17:01:50,376 STREAM IHDR 16 13
2016-09-27 17:01:50,376 STREAM IDAT 41 8192
2016-09-27 17:01:50,483 frameNo:17
2016-09-27 17:01:50,490 STREAM IHDR 16 13
2016-09-27 17:01:50,490 STREAM IDAT 41 8192
2016-09-27 17:01:50,598 frameNo:18
2016-09-27 17:01:50,606 STREAM IHDR 16 13
2016-09-27 17:01:50,606 STREAM IDAT 41 8192
2016-09-27 17:01:50,775 frameNo:19
2016-09-27 17:01:51,732 loss:0.212151944637
2016-09-27 17:01:51,743 STREAM IHDR 16 13
2016-09-27 17:01:51,743 STREAM IDAT 41 8192
2016-09-27 17:01:51,851 frameNo:20
2016-09-27 17:01:51,859 STREAM IHDR 16 13
2016-09-27 17:01:51,859 STREAM IDAT 41 8192
2016-09-27 17:01:51,966 frameNo:21
2016-09-27 17:01:51,974 STREAM IHDR 16 13
2016-09-27 17:01:51,974 STREAM IDAT 41 8192
2016-09-27 17:01:52,083 frameNo:22
2016-09-27 17:01:52,091 STREAM IHDR 16 13
2016-09-27 17:01:52,091 STREAM IDAT 41 8192
2016-09-27 17:01:52,198 frameNo:23
2016-09-27 17:01:52,207 STREAM IHDR 16 13
2016-09-27 17:01:52,207 STREAM IDAT 41 8192
2016-09-27 17:01:52,314 frameNo:24
2016-09-27 17:01:52,323 STREAM IHDR 16 13
2016-09-27 17:01:52,324 STREAM IDAT 41 8192
2016-09-27 17:01:52,434 frameNo:25
2016-09-27 17:01:52,443 STREAM IHDR 16 13
2016-09-27 17:01:52,443 STREAM IDAT 41 8192
2016-09-27 17:01:52,552 frameNo:26
2016-09-27 17:01:52,562 STREAM IHDR 16 13
2016-09-27 17:01:52,562 STREAM IDAT 41 8192
2016-09-27 17:01:52,670 frameNo:27
2016-09-27 17:01:52,672 STREAM IHDR 16 13
2016-09-27 17:01:52,672 STREAM IDAT 41 8192
2016-09-27 17:01:52,782 frameNo:28
2016-09-27 17:01:52,784 STREAM IHDR 16 13
2016-09-27 17:01:52,784 STREAM IDAT 41 8192
2016-09-27 17:01:52,892 frameNo:29
2016-09-27 17:01:53,870 loss:0.247585773468
2016-09-27 17:01:53,878 STREAM IHDR 16 13
2016-09-27 17:01:53,879 STREAM IDAT 41 8192
2016-09-27 17:01:53,986 frameNo:30
2016-09-27 17:01:53,993 STREAM IHDR 16 13
2016-09-27 17:01:53,993 STREAM IDAT 41 8192
2016-09-27 17:01:54,100 frameNo:31
2016-09-27 17:01:54,108 STREAM IHDR 16 13
2016-09-27 17:01:54,108 STREAM IDAT 41 8192
2016-09-27 17:01:54,215 frameNo:32
2016-09-27 17:01:54,223 STREAM IHDR 16 13
2016-09-27 17:01:54,223 STREAM IDAT 41 8192
2016-09-27 17:01:54,333 frameNo:33
2016-09-27 17:01:54,342 STREAM IHDR 16 13
2016-09-27 17:01:54,343 STREAM IDAT 41 8192
2016-09-27 17:01:54,450 frameNo:34
2016-09-27 17:01:54,459 STREAM IHDR 16 13
2016-09-27 17:01:54,459 STREAM IDAT 41 8192
2016-09-27 17:01:54,567 frameNo:35
2016-09-27 17:01:54,576 STREAM IHDR 16 13
2016-09-27 17:01:54,576 STREAM IDAT 41 8192
2016-09-27 17:01:54,684 frameNo:36
2016-09-27 17:01:54,687 STREAM IHDR 16 13
2016-09-27 17:01:54,687 STREAM IDAT 41 8192
2016-09-27 17:01:54,834 frameNo:37
2016-09-27 17:01:54,836 STREAM IHDR 16 13
2016-09-27 17:01:54,836 STREAM IDAT 41 8192
2016-09-27 17:01:54,944 frameNo:38
2016-09-27 17:01:54,946 STREAM IHDR 16 13
2016-09-27 17:01:54,947 STREAM IDAT 41 8192
2016-09-27 17:01:55,055 frameNo:39
2016-09-27 17:01:56,001 loss:0.140352740884
2016-09-27 17:01:56,009 STREAM IHDR 16 13
2016-09-27 17:01:56,009 STREAM IDAT 41 8192
2016-09-27 17:01:56,116 frameNo:40
2016-09-27 17:01:56,124 STREAM IHDR 16 13
2016-09-27 17:01:56,124 STREAM IDAT 41 8192
2016-09-27 17:01:56,232 frameNo:41
2016-09-27 17:01:56,241 STREAM IHDR 16 13
2016-09-27 17:01:56,241 STREAM IDAT 41 8192
2016-09-27 17:01:56,347 frameNo:42
2016-09-27 17:01:56,353 STREAM IHDR 16 13
2016-09-27 17:01:56,354 STREAM IDAT 41 8192
2016-09-27 17:01:56,459 frameNo:43
2016-09-27 17:01:56,467 STREAM IHDR 16 13
2016-09-27 17:01:56,467 STREAM IDAT 41 8192
2016-09-27 17:01:56,575 frameNo:44
2016-09-27 17:01:56,583 STREAM IHDR 16 13
2016-09-27 17:01:56,583 STREAM IDAT 41 8192
2016-09-27 17:01:56,693 frameNo:45
2016-09-27 17:01:56,701 STREAM IHDR 16 13
2016-09-27 17:01:56,702 STREAM IDAT 41 8192
2016-09-27 17:01:56,808 frameNo:46
2016-09-27 17:01:56,817 STREAM IHDR 16 13
2016-09-27 17:01:56,817 STREAM IDAT 41 8192
2016-09-27 17:01:56,951 frameNo:47
2016-09-27 17:01:56,960 STREAM IHDR 16 13
2016-09-27 17:01:56,960 STREAM IDAT 41 8192
2016-09-27 17:01:57,079 frameNo:48
2016-09-27 17:01:57,088 STREAM IHDR 16 13
2016-09-27 17:01:57,088 STREAM IDAT 41 8192
2016-09-27 17:01:57,209 frameNo:49
2016-09-27 17:01:58,141 loss:0.11040956527
2016-09-27 17:01:58,150 STREAM IHDR 16 13
2016-09-27 17:01:58,150 STREAM IDAT 41 8192
2016-09-27 17:01:58,258 frameNo:50
2016-09-27 17:01:58,266 STREAM IHDR 16 13
2016-09-27 17:01:58,266 STREAM IDAT 41 8192
2016-09-27 17:01:58,372 frameNo:51
2016-09-27 17:01:58,380 STREAM IHDR 16 13
2016-09-27 17:01:58,380 STREAM IDAT 41 8192
2016-09-27 17:01:58,486 frameNo:52
2016-09-27 17:01:58,495 STREAM IHDR 16 13
2016-09-27 17:01:58,496 STREAM IDAT 41 8192
2016-09-27 17:01:58,604 frameNo:53
2016-09-27 17:01:58,613 STREAM IHDR 16 13
2016-09-27 17:01:58,613 STREAM IDAT 41 8192
2016-09-27 17:01:58,720 frameNo:54
2016-09-27 17:01:58,730 STREAM IHDR 16 13
2016-09-27 17:01:58,730 STREAM IDAT 41 8192
2016-09-27 17:01:58,837 frameNo:55
2016-09-27 17:01:58,839 STREAM IHDR 16 13
2016-09-27 17:01:58,839 STREAM IDAT 41 8192
2016-09-27 17:01:58,949 frameNo:56
2016-09-27 17:01:58,950 STREAM IHDR 16 13
2016-09-27 17:01:58,951 STREAM IDAT 41 8192
2016-09-27 17:01:59,059 frameNo:57
2016-09-27 17:01:59,061 STREAM IHDR 16 13
2016-09-27 17:01:59,061 STREAM IDAT 41 8192
2016-09-27 17:01:59,167 frameNo:58
2016-09-27 17:01:59,169 STREAM IHDR 16 13
2016-09-27 17:01:59,169 STREAM IDAT 41 8192
2016-09-27 17:01:59,276 frameNo:59
2016-09-27 17:02:00,195 loss:0.0826885551214
2016-09-27 17:02:00,197 STREAM IHDR 16 13
2016-09-27 17:02:00,197 STREAM IDAT 41 8192
2016-09-27 17:02:00,304 frameNo:60
2016-09-27 17:02:00,306 STREAM IHDR 16 13
2016-09-27 17:02:00,307 STREAM IDAT 41 8192
2016-09-27 17:02:00,412 frameNo:61
2016-09-27 17:02:00,414 STREAM IHDR 16 13
2016-09-27 17:02:00,414 STREAM IDAT 41 8192
2016-09-27 17:02:00,522 frameNo:62
2016-09-27 17:02:00,524 STREAM IHDR 16 13
2016-09-27 17:02:00,524 STREAM IDAT 41 8192
2016-09-27 17:02:00,631 frameNo:63
2016-09-27 17:02:00,633 STREAM IHDR 16 13
2016-09-27 17:02:00,633 STREAM IDAT 41 8192
2016-09-27 17:02:00,740 frameNo:64
2016-09-27 17:02:00,742 STREAM IHDR 16 13
2016-09-27 17:02:00,742 STREAM IDAT 41 8192
2016-09-27 17:02:00,853 frameNo:65
2016-09-27 17:02:00,855 STREAM IHDR 16 13
2016-09-27 17:02:00,855 STREAM IDAT 41 8192
2016-09-27 17:02:00,962 frameNo:66
2016-09-27 17:02:00,964 STREAM IHDR 16 13
2016-09-27 17:02:00,964 STREAM IDAT 41 8192
2016-09-27 17:02:01,071 frameNo:67
2016-09-27 17:02:01,072 STREAM IHDR 16 13
2016-09-27 17:02:01,073 STREAM IDAT 41 8192
2016-09-27 17:02:01,181 frameNo:68
2016-09-27 17:02:01,183 STREAM IHDR 16 13
2016-09-27 17:02:01,183 STREAM IDAT 41 8192
2016-09-27 17:02:01,325 frameNo:69
2016-09-27 17:02:02,263 loss:0.106706403196
2016-09-27 17:02:02,265 STREAM IHDR 16 13
2016-09-27 17:02:02,266 STREAM IDAT 41 8192
2016-09-27 17:02:02,374 frameNo:70
2016-09-27 17:02:02,376 STREAM IHDR 16 13
2016-09-27 17:02:02,376 STREAM IDAT 41 8192
2016-09-27 17:02:02,482 frameNo:71
2016-09-27 17:02:02,484 STREAM IHDR 16 13
2016-09-27 17:02:02,485 STREAM IDAT 41 8192
2016-09-27 17:02:02,591 frameNo:72
2016-09-27 17:02:02,593 STREAM IHDR 16 13
2016-09-27 17:02:02,593 STREAM IDAT 41 8192
2016-09-27 17:02:02,701 frameNo:73
2016-09-27 17:02:02,703 STREAM IHDR 16 13
2016-09-27 17:02:02,703 STREAM IDAT 41 8192
2016-09-27 17:02:02,810 frameNo:74
2016-09-27 17:02:02,812 STREAM IHDR 16 13
2016-09-27 17:02:02,812 STREAM IDAT 41 8192
2016-09-27 17:02:02,919 frameNo:75
2016-09-27 17:02:02,921 STREAM IHDR 16 13
2016-09-27 17:02:02,921 STREAM IDAT 41 8192
2016-09-27 17:02:03,031 frameNo:76
2016-09-27 17:02:03,033 STREAM IHDR 16 13
2016-09-27 17:02:03,033 STREAM IDAT 41 8192
2016-09-27 17:02:03,141 frameNo:77
2016-09-27 17:02:03,143 STREAM IHDR 16 13
2016-09-27 17:02:03,143 STREAM IDAT 41 8192
2016-09-27 17:02:03,249 frameNo:78
2016-09-27 17:02:03,251 STREAM IHDR 16 13
2016-09-27 17:02:03,251 STREAM IDAT 41 8192
2016-09-27 17:02:03,360 frameNo:79
2016-09-27 17:02:04,270 loss:0.163092777133
2016-09-27 17:02:04,272 STREAM IHDR 16 13
2016-09-27 17:02:04,272 STREAM IDAT 41 8192
2016-09-27 17:02:04,381 frameNo:80
2016-09-27 17:02:04,383 STREAM IHDR 16 13
2016-09-27 17:02:04,383 STREAM IDAT 41 8192
2016-09-27 17:02:04,489 frameNo:81
2016-09-27 17:02:04,491 STREAM IHDR 16 13
2016-09-27 17:02:04,491 STREAM IDAT 41 8192
2016-09-27 17:02:04,599 frameNo:82
2016-09-27 17:02:04,601 STREAM IHDR 16 13
2016-09-27 17:02:04,601 STREAM IDAT 41 8192
2016-09-27 17:02:04,707 frameNo:83
2016-09-27 17:02:04,709 STREAM IHDR 16 13
2016-09-27 17:02:04,709 STREAM IDAT 41 8192
2016-09-27 17:02:04,817 frameNo:84
2016-09-27 17:02:04,818 STREAM IHDR 16 13
2016-09-27 17:02:04,819 STREAM IDAT 41 8192
2016-09-27 17:02:04,929 frameNo:85
2016-09-27 17:02:04,931 STREAM IHDR 16 13
2016-09-27 17:02:04,931 STREAM IDAT 41 8192
2016-09-27 17:02:05,038 frameNo:86
2016-09-27 17:02:05,040 STREAM IHDR 16 13
2016-09-27 17:02:05,040 STREAM IDAT 41 8192
2016-09-27 17:02:05,146 frameNo:87
2016-09-27 17:02:05,148 STREAM IHDR 16 13
2016-09-27 17:02:05,148 STREAM IDAT 41 8192
2016-09-27 17:02:05,258 frameNo:88
2016-09-27 17:02:05,260 STREAM IHDR 16 13
2016-09-27 17:02:05,260 STREAM IDAT 41 8192
2016-09-27 17:02:05,367 frameNo:89
2016-09-27 17:02:06,274 loss:0.186163708568
2016-09-27 17:02:06,276 STREAM IHDR 16 13
2016-09-27 17:02:06,276 STREAM IDAT 41 8192
2016-09-27 17:02:06,384 frameNo:90
2016-09-27 17:02:06,386 STREAM IHDR 16 13
2016-09-27 17:02:06,386 STREAM IDAT 41 8192
2016-09-27 17:02:06,493 frameNo:91
2016-09-27 17:02:06,494 STREAM IHDR 16 13
2016-09-27 17:02:06,495 STREAM IDAT 41 8192
2016-09-27 17:02:06,602 frameNo:92
2016-09-27 17:02:06,604 STREAM IHDR 16 13
2016-09-27 17:02:06,604 STREAM IDAT 41 8192
2016-09-27 17:02:06,714 frameNo:93
2016-09-27 17:02:06,716 STREAM IHDR 16 13
2016-09-27 17:02:06,716 STREAM IDAT 41 8192
2016-09-27 17:02:06,825 frameNo:94
2016-09-27 17:02:06,827 STREAM IHDR 16 13
2016-09-27 17:02:06,827 STREAM IDAT 41 8192
2016-09-27 17:02:06,934 frameNo:95
2016-09-27 17:02:06,936 STREAM IHDR 16 13
2016-09-27 17:02:06,936 STREAM IDAT 41 8192
2016-09-27 17:02:07,044 frameNo:96
2016-09-27 17:02:07,045 STREAM IHDR 16 13
2016-09-27 17:02:07,046 STREAM IDAT 41 8192
2016-09-27 17:02:07,156 frameNo:97
2016-09-27 17:02:07,158 STREAM IHDR 16 13
2016-09-27 17:02:07,158 STREAM IDAT 41 8192
2016-09-27 17:02:07,265 frameNo:98
2016-09-27 17:02:07,267 STREAM IHDR 16 13
2016-09-27 17:02:07,267 STREAM IDAT 41 8192
2016-09-27 17:02:07,375 frameNo:99
2016-09-27 17:02:08,292 loss:0.170270934701
2016-09-27 17:02:08,294 STREAM IHDR 16 13
2016-09-27 17:02:08,294 STREAM IDAT 41 8192
2016-09-27 17:02:08,402 frameNo:100
2016-09-27 17:02:08,404 STREAM IHDR 16 13
2016-09-27 17:02:08,404 STREAM IDAT 41 8192
2016-09-27 17:02:08,512 frameNo:101
2016-09-27 17:02:08,514 STREAM IHDR 16 13
2016-09-27 17:02:08,514 STREAM IDAT 41 8192
2016-09-27 17:02:08,620 frameNo:102
2016-09-27 17:02:08,622 STREAM IHDR 16 13
2016-09-27 17:02:08,622 STREAM IDAT 41 8192
2016-09-27 17:02:08,728 frameNo:103
2016-09-27 17:02:08,730 STREAM IHDR 16 13
2016-09-27 17:02:08,730 STREAM IDAT 41 8192
2016-09-27 17:02:08,840 frameNo:104
2016-09-27 17:02:08,842 STREAM IHDR 16 13
2016-09-27 17:02:08,842 STREAM IDAT 41 8192
2016-09-27 17:02:08,949 frameNo:105
2016-09-27 17:02:08,951 STREAM IHDR 16 13
2016-09-27 17:02:08,951 STREAM IDAT 41 8192
2016-09-27 17:02:09,060 frameNo:106
2016-09-27 17:02:09,062 STREAM IHDR 16 13
2016-09-27 17:02:09,062 STREAM IDAT 41 8192
2016-09-27 17:02:09,168 frameNo:107
2016-09-27 17:02:09,170 STREAM IHDR 16 13
2016-09-27 17:02:09,171 STREAM IDAT 41 8192
2016-09-27 17:02:09,280 frameNo:108
2016-09-27 17:02:09,282 STREAM IHDR 16 13
2016-09-27 17:02:09,282 STREAM IDAT 41 8192
2016-09-27 17:02:09,389 frameNo:109
2016-09-27 17:02:10,300 loss:0.131523415446
2016-09-27 17:02:10,303 STREAM IHDR 16 13
2016-09-27 17:02:10,303 STREAM IDAT 41 8192
2016-09-27 17:02:10,411 frameNo:110
2016-09-27 17:02:10,412 STREAM IHDR 16 13
2016-09-27 17:02:10,413 STREAM IDAT 41 8192
2016-09-27 17:02:10,519 frameNo:111
2016-09-27 17:02:10,520 STREAM IHDR 16 13
2016-09-27 17:02:10,521 STREAM IDAT 41 8192
2016-09-27 17:02:10,627 frameNo:112
2016-09-27 17:02:10,629 STREAM IHDR 16 13
2016-09-27 17:02:10,629 STREAM IDAT 41 8192
2016-09-27 17:02:10,738 frameNo:113
2016-09-27 17:02:10,738 loss-imagelist0 : <var@7f010aba4b90> , lenghth : 114
2016-09-27 17:02:10,822 STREAM IHDR 16 13
2016-09-27 17:02:10,822 STREAM IDAT 41 8192
2016-09-27 17:02:10,931 STREAM IHDR 16 13
2016-09-27 17:02:10,931 STREAM IDAT 41 8192
2016-09-27 17:02:11,066 frameNo:1
2016-09-27 17:02:11,131 STREAM IHDR 16 13
2016-09-27 17:02:11,132 STREAM IDAT 41 8192
2016-09-27 17:02:11,265 frameNo:2
2016-09-27 17:02:11,323 STREAM IHDR 16 13
2016-09-27 17:02:11,323 STREAM IDAT 41 8192
2016-09-27 17:02:11,461 frameNo:3
2016-09-27 17:02:11,534 STREAM IHDR 16 13
2016-09-27 17:02:11,534 STREAM IDAT 41 8192
2016-09-27 17:02:11,668 frameNo:4
2016-09-27 17:02:11,764 STREAM IHDR 16 13
2016-09-27 17:02:11,764 STREAM IDAT 41 8192
2016-09-27 17:02:11,898 frameNo:5
2016-09-27 17:02:11,989 STREAM IHDR 16 13
2016-09-27 17:02:11,990 STREAM IDAT 41 8192
2016-09-27 17:02:12,127 frameNo:6
2016-09-27 17:02:12,194 STREAM IHDR 16 13
2016-09-27 17:02:12,194 STREAM IDAT 41 8192
2016-09-27 17:02:12,414 frameNo:7
2016-09-27 17:02:12,496 STREAM IHDR 16 13
2016-09-27 17:02:12,496 STREAM IDAT 41 8192
2016-09-27 17:02:12,725 frameNo:8
2016-09-27 17:02:13,561 STREAM IHDR 16 13
2016-09-27 17:02:13,562 STREAM IDAT 41 8192
2016-09-27 17:02:13,796 frameNo:9
2016-09-27 17:02:14,682 loss:0.116420596838
2016-09-27 17:02:14,897 STREAM IHDR 16 13
2016-09-27 17:02:14,897 STREAM IDAT 41 8192
2016-09-27 17:02:15,007 frameNo:10
2016-09-27 17:02:15,401 STREAM IHDR 16 13
2016-09-27 17:02:15,401 STREAM IDAT 41 8192
2016-09-27 17:02:15,538 frameNo:11
2016-09-27 17:02:16,102 STREAM IHDR 16 13
2016-09-27 17:02:16,103 STREAM IDAT 41 8192
2016-09-27 17:02:16,237 frameNo:12
2016-09-27 17:02:16,432 STREAM IHDR 16 13
2016-09-27 17:02:16,432 STREAM IDAT 41 8192
2016-09-27 17:02:16,569 frameNo:13
2016-09-27 17:02:16,610 STREAM IHDR 16 13
2016-09-27 17:02:16,610 STREAM IDAT 41 8192
2016-09-27 17:02:16,749 frameNo:14
2016-09-27 17:02:16,944 STREAM IHDR 16 13
2016-09-27 17:02:16,945 STREAM IDAT 41 8192
2016-09-27 17:02:17,081 frameNo:15
2016-09-27 17:02:17,161 STREAM IHDR 16 13
2016-09-27 17:02:17,161 STREAM IDAT 41 8192
2016-09-27 17:02:17,297 frameNo:16
2016-09-27 17:02:17,378 STREAM IHDR 16 13
2016-09-27 17:02:17,378 STREAM IDAT 41 8192
2016-09-27 17:02:17,516 frameNo:17
2016-09-27 17:02:17,656 STREAM IHDR 16 13
2016-09-27 17:02:17,657 STREAM IDAT 41 8192
2016-09-27 17:02:17,845 frameNo:18
2016-09-27 17:02:17,919 STREAM IHDR 16 13
2016-09-27 17:02:17,920 STREAM IDAT 41 8192
2016-09-27 17:02:18,136 frameNo:19
2016-09-27 17:02:19,075 loss:0.106718927622
2016-09-27 17:02:19,095 STREAM IHDR 16 13
2016-09-27 17:02:19,095 STREAM IDAT 41 8192
2016-09-27 17:02:19,198 frameNo:20
2016-09-27 17:02:19,261 STREAM IHDR 16 13
2016-09-27 17:02:19,262 STREAM IDAT 41 8192
2016-09-27 17:02:19,365 frameNo:21
2016-09-27 17:02:19,439 STREAM IHDR 16 13
2016-09-27 17:02:19,439 STREAM IDAT 41 8192
2016-09-27 17:02:19,554 frameNo:22
2016-09-27 17:02:19,622 STREAM IHDR 16 13
2016-09-27 17:02:19,622 STREAM IDAT 41 8192
2016-09-27 17:02:19,745 frameNo:23
2016-09-27 17:02:19,821 STREAM IHDR 16 13
2016-09-27 17:02:19,821 STREAM IDAT 41 8192
2016-09-27 17:02:19,946 frameNo:24
2016-09-27 17:02:20,036 STREAM IHDR 16 13
2016-09-27 17:02:20,036 STREAM IDAT 41 8192
2016-09-27 17:02:20,173 frameNo:25
2016-09-27 17:02:20,340 STREAM IHDR 16 13
2016-09-27 17:02:20,340 STREAM IDAT 41 8192
2016-09-27 17:02:20,475 frameNo:26
2016-09-27 17:02:20,564 STREAM IHDR 16 13
2016-09-27 17:02:20,565 STREAM IDAT 41 8192
2016-09-27 17:02:20,700 frameNo:27
2016-09-27 17:02:20,771 STREAM IHDR 16 13
2016-09-27 17:02:20,771 STREAM IDAT 41 8192
2016-09-27 17:02:20,909 frameNo:28
2016-09-27 17:02:20,977 STREAM IHDR 16 13
2016-09-27 17:02:20,977 STREAM IDAT 41 8192
2016-09-27 17:02:21,112 frameNo:29
2016-09-27 17:02:22,114 loss:0.0965506583452
2016-09-27 17:02:23,236 STREAM IHDR 16 13
2016-09-27 17:02:23,236 STREAM IDAT 41 8192
2016-09-27 17:02:23,370 frameNo:30
2016-09-27 17:02:23,444 STREAM IHDR 16 13
2016-09-27 17:02:23,444 STREAM IDAT 41 8192
2016-09-27 17:02:23,577 frameNo:31
2016-09-27 17:02:23,650 STREAM IHDR 16 13
2016-09-27 17:02:23,651 STREAM IDAT 41 8192
2016-09-27 17:02:23,784 frameNo:32
2016-09-27 17:02:23,855 STREAM IHDR 16 13
2016-09-27 17:02:23,855 STREAM IDAT 41 8192
2016-09-27 17:02:23,991 frameNo:33
2016-09-27 17:02:24,071 STREAM IHDR 16 13
2016-09-27 17:02:24,071 STREAM IDAT 41 8192
2016-09-27 17:02:24,206 frameNo:34
2016-09-27 17:02:24,301 STREAM IHDR 16 13
2016-09-27 17:02:24,301 STREAM IDAT 41 8192
2016-09-27 17:02:24,435 frameNo:35
2016-09-27 17:02:24,511 STREAM IHDR 16 13
2016-09-27 17:02:24,512 STREAM IDAT 41 8192
2016-09-27 17:02:24,646 frameNo:36
2016-09-27 17:02:24,737 STREAM IHDR 16 13
2016-09-27 17:02:24,737 STREAM IDAT 41 8192
2016-09-27 17:02:24,874 frameNo:37
2016-09-27 17:02:24,939 STREAM IHDR 16 13
2016-09-27 17:02:24,940 STREAM IDAT 41 8192
2016-09-27 17:02:25,074 frameNo:38
2016-09-27 17:02:25,143 STREAM IHDR 16 13
2016-09-27 17:02:25,143 STREAM IDAT 41 8192
2016-09-27 17:02:25,276 frameNo:39
2016-09-27 17:02:26,198 loss:0.0988163799047
2016-09-27 17:02:26,344 STREAM IHDR 16 13
2016-09-27 17:02:26,344 STREAM IDAT 41 8192
2016-09-27 17:02:26,447 frameNo:40
2016-09-27 17:02:26,515 STREAM IHDR 16 13
2016-09-27 17:02:26,515 STREAM IDAT 41 8192
2016-09-27 17:02:26,649 frameNo:41
2016-09-27 17:02:26,720 STREAM IHDR 16 13
2016-09-27 17:02:26,720 STREAM IDAT 41 8192
2016-09-27 17:02:26,855 frameNo:42
2016-09-27 17:02:27,027 STREAM IHDR 16 13
2016-09-27 17:02:27,028 STREAM IDAT 41 8192
2016-09-27 17:02:27,161 frameNo:43
2016-09-27 17:02:27,229 STREAM IHDR 16 13
2016-09-27 17:02:27,229 STREAM IDAT 41 8192
2016-09-27 17:02:27,363 frameNo:44
2016-09-27 17:02:27,426 STREAM IHDR 16 13
2016-09-27 17:02:27,426 STREAM IDAT 41 8192
2016-09-27 17:02:27,564 frameNo:45
2016-09-27 17:02:27,649 STREAM IHDR 16 13
2016-09-27 17:02:27,650 STREAM IDAT 41 8192
2016-09-27 17:02:27,784 frameNo:46
2016-09-27 17:02:27,854 STREAM IHDR 16 13
2016-09-27 17:02:27,854 STREAM IDAT 41 8192
2016-09-27 17:02:27,988 frameNo:47
2016-09-27 17:02:28,055 STREAM IHDR 16 13
2016-09-27 17:02:28,056 STREAM IDAT 41 8192
2016-09-27 17:02:28,190 frameNo:48
2016-09-27 17:02:28,264 STREAM IHDR 16 13
2016-09-27 17:02:28,264 STREAM IDAT 41 8192
2016-09-27 17:02:28,451 frameNo:49
2016-09-27 17:02:29,373 loss:0.111018978059
2016-09-27 17:02:29,455 STREAM IHDR 16 13
2016-09-27 17:02:29,456 STREAM IDAT 41 8192
2016-09-27 17:02:29,558 frameNo:50
2016-09-27 17:02:29,621 STREAM IHDR 16 13
2016-09-27 17:02:29,621 STREAM IDAT 41 8192
2016-09-27 17:02:29,724 frameNo:51
2016-09-27 17:02:29,778 STREAM IHDR 16 13
2016-09-27 17:02:29,778 STREAM IDAT 41 8192
2016-09-27 17:02:29,881 frameNo:52
2016-09-27 17:02:29,941 STREAM IHDR 16 13
2016-09-27 17:02:29,941 STREAM IDAT 41 8192
2016-09-27 17:02:30,056 frameNo:53
2016-09-27 17:02:30,113 STREAM IHDR 16 13
2016-09-27 17:02:30,113 STREAM IDAT 41 8192
2016-09-27 17:02:30,240 frameNo:54
2016-09-27 17:02:30,254 STREAM IHDR 16 13
2016-09-27 17:02:30,254 STREAM IDAT 41 8192
2016-09-27 17:02:30,378 frameNo:55
2016-09-27 17:02:30,453 STREAM IHDR 16 13
2016-09-27 17:02:30,453 STREAM IDAT 41 8192
2016-09-27 17:02:30,588 frameNo:56
2016-09-27 17:02:30,656 STREAM IHDR 16 13
2016-09-27 17:02:30,657 STREAM IDAT 41 8192
2016-09-27 17:02:30,791 frameNo:57
2016-09-27 17:02:31,049 STREAM IHDR 16 13
2016-09-27 17:02:31,049 STREAM IDAT 41 8192
2016-09-27 17:02:31,184 frameNo:58
2016-09-27 17:02:31,260 STREAM IHDR 16 13
2016-09-27 17:02:31,260 STREAM IDAT 41 8192
2016-09-27 17:02:31,396 frameNo:59
2016-09-27 17:02:32,321 loss:0.119557544589
2016-09-27 17:02:32,386 STREAM IHDR 16 13
2016-09-27 17:02:32,386 STREAM IDAT 41 8192
2016-09-27 17:02:32,487 frameNo:60
2016-09-27 17:02:32,543 STREAM IHDR 16 13
2016-09-27 17:02:32,543 STREAM IDAT 41 8192
2016-09-27 17:02:32,645 frameNo:61
2016-09-27 17:02:32,709 STREAM IHDR 16 13
2016-09-27 17:02:32,709 STREAM IDAT 41 8192
2016-09-27 17:02:32,814 frameNo:62
2016-09-27 17:02:32,868 STREAM IHDR 16 13
2016-09-27 17:02:32,868 STREAM IDAT 41 8192
2016-09-27 17:02:32,971 frameNo:63
2016-09-27 17:02:33,022 STREAM IHDR 16 13
2016-09-27 17:02:33,022 STREAM IDAT 41 8192
2016-09-27 17:02:33,147 frameNo:64
2016-09-27 17:02:33,194 STREAM IHDR 16 13
2016-09-27 17:02:33,194 STREAM IDAT 41 8192
2016-09-27 17:02:33,323 frameNo:65
2016-09-27 17:02:33,365 STREAM IHDR 16 13
2016-09-27 17:02:33,365 STREAM IDAT 41 8192
2016-09-27 17:02:33,490 frameNo:66
2016-09-27 17:02:33,551 STREAM IHDR 16 13
2016-09-27 17:02:33,552 STREAM IDAT 41 8192
2016-09-27 17:02:33,676 frameNo:67
2016-09-27 17:02:33,689 STREAM IHDR 16 13
2016-09-27 17:02:33,689 STREAM IDAT 41 8192
2016-09-27 17:02:33,817 frameNo:68
2016-09-27 17:02:33,877 STREAM IHDR 16 13
2016-09-27 17:02:33,878 STREAM IDAT 41 8192
2016-09-27 17:02:34,003 frameNo:69
2016-09-27 17:02:34,934 loss:0.10682310164
2016-09-27 17:02:34,997 STREAM IHDR 16 13
2016-09-27 17:02:34,997 STREAM IDAT 41 8192
2016-09-27 17:02:35,100 frameNo:70
2016-09-27 17:02:35,156 STREAM IHDR 16 13
2016-09-27 17:02:35,156 STREAM IDAT 41 8192
2016-09-27 17:02:35,258 frameNo:71
2016-09-27 17:02:35,337 STREAM IHDR 16 13
2016-09-27 17:02:35,337 STREAM IDAT 41 8192
2016-09-27 17:02:35,439 frameNo:72
2016-09-27 17:02:35,499 STREAM IHDR 16 13
2016-09-27 17:02:35,499 STREAM IDAT 41 8192
2016-09-27 17:02:35,623 frameNo:73
2016-09-27 17:02:35,692 STREAM IHDR 16 13
2016-09-27 17:02:35,693 STREAM IDAT 41 8192
2016-09-27 17:02:35,820 frameNo:74
2016-09-27 17:02:35,890 STREAM IHDR 16 13
2016-09-27 17:02:35,890 STREAM IDAT 41 8192
2016-09-27 17:02:36,016 frameNo:75
2016-09-27 17:02:36,090 STREAM IHDR 16 13
2016-09-27 17:02:36,090 STREAM IDAT 41 8192
2016-09-27 17:02:36,224 frameNo:76
2016-09-27 17:02:36,297 STREAM IHDR 16 13
2016-09-27 17:02:36,297 STREAM IDAT 41 8192
2016-09-27 17:02:36,435 frameNo:77
2016-09-27 17:02:36,489 STREAM IHDR 16 13
2016-09-27 17:02:36,489 STREAM IDAT 41 8192
2016-09-27 17:02:36,622 frameNo:78
2016-09-27 17:02:36,686 STREAM IHDR 16 13
2016-09-27 17:02:36,686 STREAM IDAT 41 8192
2016-09-27 17:02:36,819 frameNo:79
2016-09-27 17:02:37,739 loss:0.0991715714335
2016-09-27 17:02:37,805 STREAM IHDR 16 13
2016-09-27 17:02:37,805 STREAM IDAT 41 8192
2016-09-27 17:02:37,906 frameNo:80
2016-09-27 17:02:37,956 STREAM IHDR 16 13
2016-09-27 17:02:37,957 STREAM IDAT 41 8192
2016-09-27 17:02:38,063 frameNo:81
2016-09-27 17:02:38,089 STREAM IHDR 16 13
2016-09-27 17:02:38,089 STREAM IDAT 41 8192
2016-09-27 17:02:38,200 frameNo:82
2016-09-27 17:02:38,200 loss-imagelist1 : <var@7f010a575810> , lenghth : 83
2016-09-27 17:02:38,270 STREAM IHDR 16 13
2016-09-27 17:02:38,270 STREAM IDAT 41 8192
2016-09-27 17:02:38,351 STREAM IHDR 16 13
2016-09-27 17:02:38,352 STREAM IDAT 41 8192
2016-09-27 17:02:38,463 frameNo:1
2016-09-27 17:02:38,531 STREAM IHDR 16 13
2016-09-27 17:02:38,531 STREAM IDAT 41 8192
2016-09-27 17:02:38,657 frameNo:2
2016-09-27 17:02:38,707 STREAM IHDR 16 13
2016-09-27 17:02:38,707 STREAM IDAT 41 8192
2016-09-27 17:02:38,836 frameNo:3
2016-09-27 17:02:38,877 STREAM IHDR 16 13
2016-09-27 17:02:38,877 STREAM IDAT 41 8192
2016-09-27 17:02:39,004 frameNo:4
2016-09-27 17:02:39,074 STREAM IHDR 16 13
2016-09-27 17:02:39,075 STREAM IDAT 41 8192
2016-09-27 17:02:39,200 frameNo:5
2016-09-27 17:02:39,272 STREAM IHDR 16 13
2016-09-27 17:02:39,272 STREAM IDAT 41 8192
2016-09-27 17:02:39,400 frameNo:6
2016-09-27 17:02:39,461 STREAM IHDR 16 13
2016-09-27 17:02:39,461 STREAM IDAT 41 8192
2016-09-27 17:02:39,593 frameNo:7
2016-09-27 17:02:39,683 STREAM IHDR 16 13
2016-09-27 17:02:39,683 STREAM IDAT 41 8192
2016-09-27 17:02:39,895 frameNo:8
2016-09-27 17:02:40,032 STREAM IHDR 16 13
2016-09-27 17:02:40,032 STREAM IDAT 41 8192
2016-09-27 17:02:40,277 frameNo:9
2016-09-27 17:02:41,141 loss:0.0395598188043
2016-09-27 17:02:41,242 STREAM IHDR 16 13
2016-09-27 17:02:41,242 STREAM IDAT 41 8192
2016-09-27 17:02:41,345 frameNo:10
2016-09-27 17:02:41,442 STREAM IHDR 16 13
2016-09-27 17:02:41,442 STREAM IDAT 41 8192
2016-09-27 17:02:41,559 frameNo:11
2016-09-27 17:02:41,590 STREAM IHDR 16 13
2016-09-27 17:02:41,590 STREAM IDAT 41 8192
2016-09-27 17:02:41,724 frameNo:12
2016-09-27 17:02:41,805 STREAM IHDR 16 13
2016-09-27 17:02:41,805 STREAM IDAT 41 8192
2016-09-27 17:02:41,941 frameNo:13
2016-09-27 17:02:42,010 STREAM IHDR 16 13
2016-09-27 17:02:42,010 STREAM IDAT 41 8192
2016-09-27 17:02:42,149 frameNo:14
2016-09-27 17:02:42,169 STREAM IHDR 16 13
2016-09-27 17:02:42,169 STREAM IDAT 41 8192
2016-09-27 17:02:42,305 frameNo:15
2016-09-27 17:02:42,371 STREAM IHDR 16 13
2016-09-27 17:02:42,372 STREAM IDAT 41 8192
2016-09-27 17:02:42,509 frameNo:16
2016-09-27 17:02:42,581 STREAM IHDR 16 13
2016-09-27 17:02:42,581 STREAM IDAT 41 8192
2016-09-27 17:02:42,720 frameNo:17
2016-09-27 17:02:42,986 STREAM IHDR 16 13
2016-09-27 17:02:42,986 STREAM IDAT 41 8192
2016-09-27 17:02:43,123 frameNo:18
2016-09-27 17:02:43,196 STREAM IHDR 16 13
2016-09-27 17:02:43,196 STREAM IDAT 41 8192
2016-09-27 17:02:43,417 frameNo:19
2016-09-27 17:02:44,357 loss:0.0379892811179
2016-09-27 17:02:44,513 STREAM IHDR 16 13
2016-09-27 17:02:44,513 STREAM IDAT 41 8192
2016-09-27 17:02:44,629 frameNo:20
2016-09-27 17:02:44,802 STREAM IHDR 16 13
2016-09-27 17:02:44,803 STREAM IDAT 41 8192
2016-09-27 17:02:44,920 frameNo:21
2016-09-27 17:02:44,981 STREAM IHDR 16 13
2016-09-27 17:02:44,981 STREAM IDAT 41 8192
2016-09-27 17:02:45,116 frameNo:22
2016-09-27 17:02:45,191 STREAM IHDR 16 13
2016-09-27 17:02:45,191 STREAM IDAT 41 8192
2016-09-27 17:02:45,325 frameNo:23
2016-09-27 17:02:45,397 STREAM IHDR 16 13
2016-09-27 17:02:45,397 STREAM IDAT 41 8192
2016-09-27 17:02:45,534 frameNo:24
2016-09-27 17:02:45,617 STREAM IHDR 16 13
2016-09-27 17:02:45,618 STREAM IDAT 41 8192
2016-09-27 17:02:45,754 frameNo:25
2016-09-27 17:02:45,830 STREAM IHDR 16 13
2016-09-27 17:02:45,830 STREAM IDAT 41 8192
2016-09-27 17:02:45,971 frameNo:26
2016-09-27 17:02:46,041 STREAM IHDR 16 13
2016-09-27 17:02:46,041 STREAM IDAT 41 8192
2016-09-27 17:02:46,177 frameNo:27
2016-09-27 17:02:46,261 STREAM IHDR 16 13
2016-09-27 17:02:46,261 STREAM IDAT 41 8192
2016-09-27 17:02:46,397 frameNo:28
2016-09-27 17:02:46,474 STREAM IHDR 16 13
2016-09-27 17:02:46,474 STREAM IDAT 41 8192
2016-09-27 17:02:46,672 frameNo:29
2016-09-27 17:02:47,595 loss:0.119054876268
2016-09-27 17:02:47,671 STREAM IHDR 16 13
2016-09-27 17:02:47,671 STREAM IDAT 41 8192
2016-09-27 17:02:47,775 frameNo:30
2016-09-27 17:02:47,844 STREAM IHDR 16 13
2016-09-27 17:02:47,844 STREAM IDAT 41 8192
2016-09-27 17:02:47,948 frameNo:31
2016-09-27 17:02:47,964 STREAM IHDR 16 13
2016-09-27 17:02:47,964 STREAM IDAT 41 8192
2016-09-27 17:02:48,082 frameNo:32
2016-09-27 17:02:48,146 STREAM IHDR 16 13
2016-09-27 17:02:48,146 STREAM IDAT 41 8192
2016-09-27 17:02:48,271 frameNo:33
2016-09-27 17:02:48,287 STREAM IHDR 16 13
2016-09-27 17:02:48,287 STREAM IDAT 41 8192
2016-09-27 17:02:48,418 frameNo:34
2016-09-27 17:02:48,492 STREAM IHDR 16 13
2016-09-27 17:02:48,492 STREAM IDAT 41 8192
2016-09-27 17:02:48,629 frameNo:35
2016-09-27 17:02:48,691 STREAM IHDR 16 13
2016-09-27 17:02:48,692 STREAM IDAT 41 8192
2016-09-27 17:02:48,828 frameNo:36
2016-09-27 17:02:48,844 STREAM IHDR 16 13
2016-09-27 17:02:48,844 STREAM IDAT 41 8192
2016-09-27 17:02:48,984 frameNo:37
2016-09-27 17:02:49,051 STREAM IHDR 16 13
2016-09-27 17:02:49,051 STREAM IDAT 41 8192
2016-09-27 17:02:49,187 frameNo:38
2016-09-27 17:02:49,246 STREAM IHDR 16 13
2016-09-27 17:02:49,247 STREAM IDAT 41 8192
2016-09-27 17:02:49,383 frameNo:39
2016-09-27 17:02:50,320 loss:0.219199493527
2016-09-27 17:02:50,392 STREAM IHDR 16 13
2016-09-27 17:02:50,392 STREAM IDAT 41 8192
2016-09-27 17:02:50,496 frameNo:40
2016-09-27 17:02:50,575 STREAM IHDR 16 13
2016-09-27 17:02:50,576 STREAM IDAT 41 8192
2016-09-27 17:02:50,680 frameNo:41
2016-09-27 17:02:50,755 STREAM IHDR 16 13
2016-09-27 17:02:50,755 STREAM IDAT 41 8192
2016-09-27 17:03:13,210 Running on a GPU
2016-09-27 17:03:13,257 STREAM IHDR 16 13
2016-09-27 17:03:13,257 STREAM IDAT 41 8192
2016-09-27 17:03:13,294 STREAM IHDR 16 13
2016-09-27 17:03:13,295 STREAM IDAT 41 8192
2016-09-27 17:03:18,612 frameNo:1
2016-09-27 17:03:18,613 save the model
2016-09-27 17:03:22,195 save the optimizer
2016-09-27 17:03:23,488 STREAM IHDR 16 13
2016-09-27 17:03:23,488 STREAM IDAT 41 8192
2016-09-27 17:03:23,673 frameNo:2
2016-09-27 17:03:23,675 STREAM IHDR 16 13
2016-09-27 17:03:23,675 STREAM IDAT 41 8192
2016-09-27 17:03:23,877 frameNo:3
2016-09-27 17:03:23,879 STREAM IHDR 16 13
2016-09-27 17:03:23,880 STREAM IDAT 41 8192
2016-09-27 17:03:24,081 frameNo:4
2016-09-27 17:03:24,084 STREAM IHDR 16 13
2016-09-27 17:03:24,084 STREAM IDAT 41 8192
2016-09-27 17:03:24,285 frameNo:5
2016-09-27 17:03:24,287 STREAM IHDR 16 13
2016-09-27 17:03:24,287 STREAM IDAT 41 8192
2016-09-27 17:03:24,492 frameNo:6
2016-09-27 17:03:24,494 STREAM IHDR 16 13
2016-09-27 17:03:24,494 STREAM IDAT 41 8192
2016-09-27 17:03:24,691 frameNo:7
2016-09-27 17:03:24,693 STREAM IHDR 16 13
2016-09-27 17:03:24,694 STREAM IDAT 41 8192
2016-09-27 17:03:24,866 frameNo:8
2016-09-27 17:03:24,868 STREAM IHDR 16 13
2016-09-27 17:03:24,868 STREAM IDAT 41 8192
2016-09-27 17:03:25,045 frameNo:9
2016-09-27 17:03:26,291 loss:0.267514288425
2016-09-27 17:03:26,293 STREAM IHDR 16 13
2016-09-27 17:03:26,293 STREAM IDAT 41 8192
2016-09-27 17:03:26,401 frameNo:10
2016-09-27 17:03:26,403 STREAM IHDR 16 13
2016-09-27 17:03:26,403 STREAM IDAT 41 8192
2016-09-27 17:03:26,511 frameNo:11
2016-09-27 17:03:26,513 STREAM IHDR 16 13
2016-09-27 17:03:26,513 STREAM IDAT 41 8192
2016-09-27 17:03:26,620 frameNo:12
2016-09-27 17:03:26,622 STREAM IHDR 16 13
2016-09-27 17:03:26,622 STREAM IDAT 41 8192
2016-09-27 17:03:26,732 frameNo:13
2016-09-27 17:03:26,734 STREAM IHDR 16 13
2016-09-27 17:03:26,734 STREAM IDAT 41 8192
2016-09-27 17:03:26,841 frameNo:14
2016-09-27 17:03:26,843 STREAM IHDR 16 13
2016-09-27 17:03:26,843 STREAM IDAT 41 8192
2016-09-27 17:03:26,950 frameNo:15
2016-09-27 17:03:26,951 STREAM IHDR 16 13
2016-09-27 17:03:26,952 STREAM IDAT 41 8192
2016-09-27 17:03:27,061 frameNo:16
2016-09-27 17:03:27,062 STREAM IHDR 16 13
2016-09-27 17:03:27,063 STREAM IDAT 41 8192
2016-09-27 17:03:27,178 frameNo:17
2016-09-27 17:03:27,180 STREAM IHDR 16 13
2016-09-27 17:03:27,180 STREAM IDAT 41 8192
2016-09-27 17:03:27,288 frameNo:18
2016-09-27 17:03:27,290 STREAM IHDR 16 13
2016-09-27 17:03:27,290 STREAM IDAT 41 8192
2016-09-27 17:03:27,460 frameNo:19
2016-09-27 17:03:28,418 loss:0.140623658895
2016-09-27 17:03:28,420 STREAM IHDR 16 13
2016-09-27 17:03:28,420 STREAM IDAT 41 8192
2016-09-27 17:03:28,528 frameNo:20
2016-09-27 17:03:28,529 STREAM IHDR 16 13
2016-09-27 17:03:28,530 STREAM IDAT 41 8192
2016-09-27 17:03:28,636 frameNo:21
2016-09-27 17:03:28,638 STREAM IHDR 16 13
2016-09-27 17:03:28,638 STREAM IDAT 41 8192
2016-09-27 17:03:28,747 frameNo:22
2016-09-27 17:03:28,749 STREAM IHDR 16 13
2016-09-27 17:03:28,749 STREAM IDAT 41 8192
2016-09-27 17:03:28,856 frameNo:23
2016-09-27 17:03:28,858 STREAM IHDR 16 13
2016-09-27 17:03:28,858 STREAM IDAT 41 8192
2016-09-27 17:03:28,964 frameNo:24
2016-09-27 17:03:28,966 STREAM IHDR 16 13
2016-09-27 17:03:28,966 STREAM IDAT 41 8192
2016-09-27 17:03:29,076 frameNo:25
2016-09-27 17:03:29,078 STREAM IHDR 16 13
2016-09-27 17:03:29,078 STREAM IDAT 41 8192
2016-09-27 17:03:29,184 frameNo:26
2016-09-27 17:03:29,185 STREAM IHDR 16 13
2016-09-27 17:03:29,186 STREAM IDAT 41 8192
2016-09-27 17:03:29,292 frameNo:27
2016-09-27 17:03:29,294 STREAM IHDR 16 13
2016-09-27 17:03:29,294 STREAM IDAT 41 8192
2016-09-27 17:03:29,403 frameNo:28
2016-09-27 17:03:29,405 STREAM IHDR 16 13
2016-09-27 17:03:29,405 STREAM IDAT 41 8192
2016-09-27 17:03:29,511 frameNo:29
2016-09-27 17:03:30,442 loss:0.112667240202
2016-09-27 17:03:30,444 STREAM IHDR 16 13
2016-09-27 17:03:30,444 STREAM IDAT 41 8192
2016-09-27 17:03:30,551 frameNo:30
2016-09-27 17:03:30,553 STREAM IHDR 16 13
2016-09-27 17:03:30,553 STREAM IDAT 41 8192
2016-09-27 17:03:30,659 frameNo:31
2016-09-27 17:03:30,661 STREAM IHDR 16 13
2016-09-27 17:03:30,661 STREAM IDAT 41 8192
2016-09-27 17:03:30,768 frameNo:32
2016-09-27 17:03:30,770 STREAM IHDR 16 13
2016-09-27 17:03:30,770 STREAM IDAT 41 8192
2016-09-27 17:03:30,879 frameNo:33
2016-09-27 17:03:30,881 STREAM IHDR 16 13
2016-09-27 17:03:30,881 STREAM IDAT 41 8192
2016-09-27 17:03:30,987 frameNo:34
2016-09-27 17:03:30,989 STREAM IHDR 16 13
2016-09-27 17:03:30,989 STREAM IDAT 41 8192
2016-09-27 17:03:31,095 frameNo:35
2016-09-27 17:03:31,097 STREAM IHDR 16 13
2016-09-27 17:03:31,097 STREAM IDAT 41 8192
2016-09-27 17:03:31,202 frameNo:36
2016-09-27 17:03:31,204 STREAM IHDR 16 13
2016-09-27 17:03:31,204 STREAM IDAT 41 8192
2016-09-27 17:03:31,348 frameNo:37
2016-09-27 17:03:31,351 STREAM IHDR 16 13
2016-09-27 17:03:31,351 STREAM IDAT 41 8192
2016-09-27 17:03:31,458 frameNo:38
2016-09-27 17:03:31,460 STREAM IHDR 16 13
2016-09-27 17:03:31,460 STREAM IDAT 41 8192
2016-09-27 17:03:31,568 frameNo:39
2016-09-27 17:03:32,497 loss:0.0735736563802
2016-09-27 17:03:32,500 STREAM IHDR 16 13
2016-09-27 17:03:32,500 STREAM IDAT 41 8192
2016-09-27 17:03:32,607 frameNo:40
2016-09-27 17:03:32,608 STREAM IHDR 16 13
2016-09-27 17:03:32,609 STREAM IDAT 41 8192
2016-09-27 17:03:32,715 frameNo:41
2016-09-27 17:03:32,717 STREAM IHDR 16 13
2016-09-27 17:03:32,717 STREAM IDAT 41 8192
2016-09-27 17:03:32,823 frameNo:42
2016-09-27 17:03:32,825 STREAM IHDR 16 13
2016-09-27 17:03:32,825 STREAM IDAT 41 8192
2016-09-27 17:03:32,932 frameNo:43
2016-09-27 17:03:32,934 STREAM IHDR 16 13
2016-09-27 17:03:32,934 STREAM IDAT 41 8192
2016-09-27 17:03:33,041 frameNo:44
2016-09-27 17:03:33,042 STREAM IHDR 16 13
2016-09-27 17:03:33,043 STREAM IDAT 41 8192
2016-09-27 17:03:33,151 frameNo:45
2016-09-27 17:03:33,153 STREAM IHDR 16 13
2016-09-27 17:03:33,153 STREAM IDAT 41 8192
2016-09-27 17:03:33,259 frameNo:46
2016-09-27 17:03:33,260 STREAM IHDR 16 13
2016-09-27 17:03:33,260 STREAM IDAT 41 8192
2016-09-27 17:03:33,367 frameNo:47
2016-09-27 17:03:33,369 STREAM IHDR 16 13
2016-09-27 17:03:33,369 STREAM IDAT 41 8192
2016-09-27 17:03:33,478 frameNo:48
2016-09-27 17:03:33,480 STREAM IHDR 16 13
2016-09-27 17:03:33,480 STREAM IDAT 41 8192
2016-09-27 17:03:33,586 frameNo:49
2016-09-27 17:03:34,501 loss:0.0413629859686
2016-09-27 17:03:34,503 STREAM IHDR 16 13
2016-09-27 17:03:34,504 STREAM IDAT 41 8192
2016-09-27 17:03:34,610 frameNo:50
2016-09-27 17:03:34,612 STREAM IHDR 16 13
2016-09-27 17:03:34,612 STREAM IDAT 41 8192
2016-09-27 17:03:34,718 frameNo:51
2016-09-27 17:03:34,720 STREAM IHDR 16 13
2016-09-27 17:03:34,720 STREAM IDAT 41 8192
2016-09-27 17:03:34,827 frameNo:52
2016-09-27 17:03:34,829 STREAM IHDR 16 13
2016-09-27 17:03:34,829 STREAM IDAT 41 8192
2016-09-27 17:03:34,938 frameNo:53
2016-09-27 17:03:34,940 STREAM IHDR 16 13
2016-09-27 17:03:34,940 STREAM IDAT 41 8192
2016-09-27 17:03:35,047 frameNo:54
2016-09-27 17:03:35,049 STREAM IHDR 16 13
2016-09-27 17:03:35,049 STREAM IDAT 41 8192
2016-09-27 17:03:35,156 frameNo:55
2016-09-27 17:03:35,158 STREAM IHDR 16 13
2016-09-27 17:03:35,158 STREAM IDAT 41 8192
2016-09-27 17:03:35,265 frameNo:56
2016-09-27 17:03:35,267 STREAM IHDR 16 13
2016-09-27 17:03:35,267 STREAM IDAT 41 8192
2016-09-27 17:03:35,376 frameNo:57
2016-09-27 17:03:35,378 STREAM IHDR 16 13
2016-09-27 17:03:35,378 STREAM IDAT 41 8192
2016-09-27 17:03:35,485 frameNo:58
2016-09-27 17:03:35,487 STREAM IHDR 16 13
2016-09-27 17:03:35,487 STREAM IDAT 41 8192
2016-09-27 17:03:35,593 frameNo:59
2016-09-27 17:03:36,510 loss:0.0522516220808
2016-09-27 17:03:36,513 STREAM IHDR 16 13
2016-09-27 17:03:36,513 STREAM IDAT 41 8192
2016-09-27 17:03:36,619 frameNo:60
2016-09-27 17:03:36,621 STREAM IHDR 16 13
2016-09-27 17:03:36,622 STREAM IDAT 41 8192
2016-09-27 17:03:36,728 frameNo:61
2016-09-27 17:03:36,731 STREAM IHDR 16 13
2016-09-27 17:03:36,731 STREAM IDAT 41 8192
2016-09-27 17:03:36,841 frameNo:62
2016-09-27 17:03:36,843 STREAM IHDR 16 13
2016-09-27 17:03:36,843 STREAM IDAT 41 8192
2016-09-27 17:03:36,950 frameNo:63
2016-09-27 17:03:36,952 STREAM IHDR 16 13
2016-09-27 17:03:36,952 STREAM IDAT 41 8192
2016-09-27 17:03:37,060 frameNo:64
2016-09-27 17:03:37,062 STREAM IHDR 16 13
2016-09-27 17:03:37,062 STREAM IDAT 41 8192
2016-09-27 17:03:37,171 frameNo:65
2016-09-27 17:03:37,173 STREAM IHDR 16 13
2016-09-27 17:03:37,173 STREAM IDAT 41 8192
2016-09-27 17:03:37,280 frameNo:66
2016-09-27 17:03:37,282 STREAM IHDR 16 13
2016-09-27 17:03:37,282 STREAM IDAT 41 8192
2016-09-27 17:03:37,389 frameNo:67
2016-09-27 17:03:37,390 STREAM IHDR 16 13
2016-09-27 17:03:37,391 STREAM IDAT 41 8192
2016-09-27 17:03:37,500 frameNo:68
2016-09-27 17:03:37,502 STREAM IHDR 16 13
2016-09-27 17:03:37,503 STREAM IDAT 41 8192
2016-09-27 17:03:37,648 frameNo:69
2016-09-27 17:03:38,578 loss:0.0529061220586
2016-09-27 17:03:38,581 STREAM IHDR 16 13
2016-09-27 17:03:38,581 STREAM IDAT 41 8192
2016-09-27 17:03:38,688 frameNo:70
2016-09-27 17:03:38,691 STREAM IHDR 16 13
2016-09-27 17:03:38,691 STREAM IDAT 41 8192
2016-09-27 17:03:38,797 frameNo:71
2016-09-27 17:03:38,799 STREAM IHDR 16 13
2016-09-27 17:03:38,799 STREAM IDAT 41 8192
2016-09-27 17:03:38,906 frameNo:72
2016-09-27 17:03:38,908 STREAM IHDR 16 13
2016-09-27 17:03:38,908 STREAM IDAT 41 8192
2016-09-27 17:03:39,017 frameNo:73
2016-09-27 17:03:39,019 STREAM IHDR 16 13
2016-09-27 17:03:39,019 STREAM IDAT 41 8192
2016-09-27 17:03:39,126 frameNo:74
2016-09-27 17:03:39,128 STREAM IHDR 16 13
2016-09-27 17:03:39,128 STREAM IDAT 41 8192
2016-09-27 17:03:39,234 frameNo:75
2016-09-27 17:03:39,236 STREAM IHDR 16 13
2016-09-27 17:03:39,236 STREAM IDAT 41 8192
2016-09-27 17:03:39,344 frameNo:76
2016-09-27 17:03:39,346 STREAM IHDR 16 13
2016-09-27 17:03:39,346 STREAM IDAT 41 8192
2016-09-27 17:03:39,455 frameNo:77
2016-09-27 17:03:39,457 STREAM IHDR 16 13
2016-09-27 17:03:39,457 STREAM IDAT 41 8192
2016-09-27 17:03:39,564 frameNo:78
2016-09-27 17:03:39,575 STREAM IHDR 16 13
2016-09-27 17:03:39,575 STREAM IDAT 41 8192
2016-09-27 17:03:39,681 frameNo:79
2016-09-27 17:03:40,601 loss:0.0725370272994
2016-09-27 17:03:40,603 STREAM IHDR 16 13
2016-09-27 17:03:40,603 STREAM IDAT 41 8192
2016-09-27 17:03:40,711 frameNo:80
2016-09-27 17:03:40,713 STREAM IHDR 16 13
2016-09-27 17:03:40,713 STREAM IDAT 41 8192
2016-09-27 17:03:40,821 frameNo:81
2016-09-27 17:03:40,822 STREAM IHDR 16 13
2016-09-27 17:03:40,823 STREAM IDAT 41 8192
2016-09-27 17:03:40,936 frameNo:82
2016-09-27 17:03:40,939 STREAM IHDR 16 13
2016-09-27 17:03:40,939 STREAM IDAT 41 8192
2016-09-27 17:03:41,050 frameNo:83
2016-09-27 17:03:41,052 STREAM IHDR 16 13
2016-09-27 17:03:41,052 STREAM IDAT 41 8192
2016-09-27 17:03:41,160 frameNo:84
2016-09-27 17:03:41,162 STREAM IHDR 16 13
2016-09-27 17:03:41,162 STREAM IDAT 41 8192
2016-09-27 17:03:41,272 frameNo:85
2016-09-27 17:03:41,274 STREAM IHDR 16 13
2016-09-27 17:03:41,274 STREAM IDAT 41 8192
2016-09-27 17:03:41,381 frameNo:86
2016-09-27 17:03:41,383 STREAM IHDR 16 13
2016-09-27 17:03:41,383 STREAM IDAT 41 8192
2016-09-27 17:03:41,490 frameNo:87
2016-09-27 17:03:41,492 STREAM IHDR 16 13
2016-09-27 17:03:41,492 STREAM IDAT 41 8192
2016-09-27 17:03:41,602 frameNo:88
2016-09-27 17:03:41,604 STREAM IHDR 16 13
2016-09-27 17:03:41,604 STREAM IDAT 41 8192
2016-09-27 17:03:41,710 frameNo:89
2016-09-27 17:03:42,654 loss:0.0754218399525
2016-09-27 17:03:42,656 STREAM IHDR 16 13
2016-09-27 17:03:42,657 STREAM IDAT 41 8192
2016-09-27 17:03:42,764 frameNo:90
2016-09-27 17:03:42,766 STREAM IHDR 16 13
2016-09-27 17:03:42,766 STREAM IDAT 41 8192
2016-09-27 17:03:42,872 frameNo:91
2016-09-27 17:03:42,874 STREAM IHDR 16 13
2016-09-27 17:03:42,875 STREAM IDAT 41 8192
2016-09-27 17:03:42,981 frameNo:92
2016-09-27 17:03:42,983 STREAM IHDR 16 13
2016-09-27 17:03:42,983 STREAM IDAT 41 8192
2016-09-27 17:03:43,091 frameNo:93
2016-09-27 17:03:43,093 STREAM IHDR 16 13
2016-09-27 17:03:43,093 STREAM IDAT 41 8192
2016-09-27 17:03:43,203 frameNo:94
2016-09-27 17:03:43,205 STREAM IHDR 16 13
2016-09-27 17:03:43,205 STREAM IDAT 41 8192
2016-09-27 17:03:43,312 frameNo:95
2016-09-27 17:03:43,314 STREAM IHDR 16 13
2016-09-27 17:03:43,314 STREAM IDAT 41 8192
2016-09-27 17:03:43,422 frameNo:96
2016-09-27 17:03:43,424 STREAM IHDR 16 13
2016-09-27 17:03:43,424 STREAM IDAT 41 8192
2016-09-27 17:03:43,534 frameNo:97
2016-09-27 17:03:43,536 STREAM IHDR 16 13
2016-09-27 17:03:43,536 STREAM IDAT 41 8192
2016-09-27 17:03:43,644 frameNo:98
2016-09-27 17:03:43,646 STREAM IHDR 16 13
2016-09-27 17:03:43,646 STREAM IDAT 41 8192
2016-09-27 17:03:43,753 frameNo:99
2016-09-27 17:03:44,671 loss:0.0628682151437
2016-09-27 17:03:44,673 STREAM IHDR 16 13
2016-09-27 17:03:44,673 STREAM IDAT 41 8192
2016-09-27 17:03:44,780 frameNo:100
2016-09-27 17:03:44,782 STREAM IHDR 16 13
2016-09-27 17:03:44,782 STREAM IDAT 41 8192
2016-09-27 17:03:44,889 frameNo:101
2016-09-27 17:03:44,891 STREAM IHDR 16 13
2016-09-27 17:03:44,891 STREAM IDAT 41 8192
2016-09-27 17:03:44,999 frameNo:102
2016-09-27 17:03:45,001 STREAM IHDR 16 13
2016-09-27 17:03:45,001 STREAM IDAT 41 8192
2016-09-27 17:03:45,111 frameNo:103
2016-09-27 17:03:45,113 STREAM IHDR 16 13
2016-09-27 17:03:45,113 STREAM IDAT 41 8192
2016-09-27 17:03:45,220 frameNo:104
2016-09-27 17:03:45,222 STREAM IHDR 16 13
2016-09-27 17:03:45,222 STREAM IDAT 41 8192
2016-09-27 17:03:45,329 frameNo:105
2016-09-27 17:03:45,331 STREAM IHDR 16 13
2016-09-27 17:03:45,331 STREAM IDAT 41 8192
2016-09-27 17:03:45,441 frameNo:106
2016-09-27 17:03:45,443 STREAM IHDR 16 13
2016-09-27 17:03:45,443 STREAM IDAT 41 8192
2016-09-27 17:03:45,550 frameNo:107
2016-09-27 17:03:45,552 STREAM IHDR 16 13
2016-09-27 17:03:45,553 STREAM IDAT 41 8192
2016-09-27 17:03:45,659 frameNo:108
2016-09-27 17:03:45,661 STREAM IHDR 16 13
2016-09-27 17:03:45,661 STREAM IDAT 41 8192
2016-09-27 17:03:45,770 frameNo:109
2016-09-27 17:03:46,701 loss:0.0465197600424
2016-09-27 17:03:46,703 STREAM IHDR 16 13
2016-09-27 17:03:46,703 STREAM IDAT 41 8192
2016-09-27 17:03:46,810 frameNo:110
2016-09-27 17:03:46,812 STREAM IHDR 16 13
2016-09-27 17:03:46,812 STREAM IDAT 41 8192
2016-09-27 17:03:46,920 frameNo:111
2016-09-27 17:03:46,922 STREAM IHDR 16 13
2016-09-27 17:03:46,922 STREAM IDAT 41 8192
2016-09-27 17:03:47,030 frameNo:112
2016-09-27 17:03:47,031 STREAM IHDR 16 13
2016-09-27 17:03:47,032 STREAM IDAT 41 8192
2016-09-27 17:03:47,139 frameNo:113
2016-09-27 17:03:47,145 loss-imagelist0 : 55.1508483887 , lenghth : 114
2016-09-27 17:03:47,149 STREAM IHDR 16 13
2016-09-27 17:03:47,149 STREAM IDAT 41 8192
2016-09-27 17:03:47,187 STREAM IHDR 16 13
2016-09-27 17:03:47,187 STREAM IDAT 41 8192
2016-09-27 17:03:47,297 frameNo:1
2016-09-27 17:03:47,299 STREAM IHDR 16 13
2016-09-27 17:03:47,299 STREAM IDAT 41 8192
2016-09-27 17:03:47,405 frameNo:2
2016-09-27 17:03:47,407 STREAM IHDR 16 13
2016-09-27 17:03:47,408 STREAM IDAT 41 8192
2016-09-27 17:03:47,515 frameNo:3
2016-09-27 17:03:47,517 STREAM IHDR 16 13
2016-09-27 17:03:47,517 STREAM IDAT 41 8192
2016-09-27 17:03:47,626 frameNo:4
2016-09-27 17:03:47,628 STREAM IHDR 16 13
2016-09-27 17:03:47,628 STREAM IDAT 41 8192
2016-09-27 17:03:47,735 frameNo:5
2016-09-27 17:03:47,737 STREAM IHDR 16 13
2016-09-27 17:03:47,737 STREAM IDAT 41 8192
2016-09-27 17:03:47,844 frameNo:6
2016-09-27 17:03:47,846 STREAM IHDR 16 13
2016-09-27 17:03:47,846 STREAM IDAT 41 8192
2016-09-27 17:03:47,953 frameNo:7
2016-09-27 17:03:47,955 STREAM IHDR 16 13
2016-09-27 17:03:47,955 STREAM IDAT 41 8192
2016-09-27 17:03:48,064 frameNo:8
2016-09-27 17:03:48,066 STREAM IHDR 16 13
2016-09-27 17:03:48,067 STREAM IDAT 41 8192
2016-09-27 17:03:48,173 frameNo:9
2016-09-27 17:03:49,017 loss:0.0472235791385
2016-09-27 17:03:49,020 STREAM IHDR 16 13
2016-09-27 17:03:49,020 STREAM IDAT 41 8192
2016-09-27 17:03:49,127 frameNo:10
2016-09-27 17:03:49,129 STREAM IHDR 16 13
2016-09-27 17:03:49,129 STREAM IDAT 41 8192
2016-09-27 17:03:49,236 frameNo:11
2016-09-27 17:03:49,238 STREAM IHDR 16 13
2016-09-27 17:03:49,238 STREAM IDAT 41 8192
2016-09-27 17:03:49,345 frameNo:12
2016-09-27 17:03:49,347 STREAM IHDR 16 13
2016-09-27 17:03:49,347 STREAM IDAT 41 8192
2016-09-27 17:03:49,457 frameNo:13
2016-09-27 17:03:49,459 STREAM IHDR 16 13
2016-09-27 17:03:49,459 STREAM IDAT 41 8192
2016-09-27 17:03:49,566 frameNo:14
2016-09-27 17:03:49,568 STREAM IHDR 16 13
2016-09-27 17:03:49,568 STREAM IDAT 41 8192
2016-09-27 17:03:49,674 frameNo:15
2016-09-27 17:03:49,676 STREAM IHDR 16 13
2016-09-27 17:03:49,677 STREAM IDAT 41 8192
2016-09-27 17:03:49,783 frameNo:16
2016-09-27 17:03:49,785 STREAM IHDR 16 13
2016-09-27 17:03:49,785 STREAM IDAT 41 8192
2016-09-27 17:03:49,894 frameNo:17
2016-09-27 17:03:49,897 STREAM IHDR 16 13
2016-09-27 17:03:49,897 STREAM IDAT 41 8192
2016-09-27 17:03:50,003 frameNo:18
2016-09-27 17:03:50,005 STREAM IHDR 16 13
2016-09-27 17:03:50,006 STREAM IDAT 41 8192
2016-09-27 17:03:50,112 frameNo:19
2016-09-27 17:03:51,035 loss:0.0548859462142
2016-09-27 17:03:51,037 STREAM IHDR 16 13
2016-09-27 17:03:51,037 STREAM IDAT 41 8192
2016-09-27 17:03:51,143 frameNo:20
2016-09-27 17:03:51,146 STREAM IHDR 16 13
2016-09-27 17:03:51,146 STREAM IDAT 41 8192
2016-09-27 17:03:51,253 frameNo:21
2016-09-27 17:03:51,255 STREAM IHDR 16 13
2016-09-27 17:03:51,255 STREAM IDAT 41 8192
2016-09-27 17:03:51,361 frameNo:22
2016-09-27 17:03:51,363 STREAM IHDR 16 13
2016-09-27 17:03:51,363 STREAM IDAT 41 8192
2016-09-27 17:03:51,470 frameNo:23
2016-09-27 17:03:51,472 STREAM IHDR 16 13
2016-09-27 17:03:51,472 STREAM IDAT 41 8192
2016-09-27 17:03:51,581 frameNo:24
2016-09-27 17:03:51,583 STREAM IHDR 16 13
2016-09-27 17:03:51,583 STREAM IDAT 41 8192
2016-09-27 17:03:51,689 frameNo:25
2016-09-27 17:03:51,691 STREAM IHDR 16 13
2016-09-27 17:03:51,691 STREAM IDAT 41 8192
2016-09-27 17:03:51,797 frameNo:26
2016-09-27 17:03:51,799 STREAM IHDR 16 13
2016-09-27 17:03:51,799 STREAM IDAT 41 8192
2016-09-27 17:03:51,905 frameNo:27
2016-09-27 17:03:51,907 STREAM IHDR 16 13
2016-09-27 17:03:51,907 STREAM IDAT 41 8192
2016-09-27 17:03:52,016 frameNo:28
2016-09-27 17:03:52,018 STREAM IHDR 16 13
2016-09-27 17:03:52,018 STREAM IDAT 41 8192
2016-09-27 17:03:52,124 frameNo:29
2016-09-27 17:03:53,022 loss:0.0456871576607
2016-09-27 17:03:53,024 STREAM IHDR 16 13
2016-09-27 17:03:53,024 STREAM IDAT 41 8192
2016-09-27 17:03:53,132 frameNo:30
2016-09-27 17:03:53,134 STREAM IHDR 16 13
2016-09-27 17:03:53,134 STREAM IDAT 41 8192
2016-09-27 17:03:53,240 frameNo:31
2016-09-27 17:03:53,242 STREAM IHDR 16 13
2016-09-27 17:03:53,242 STREAM IDAT 41 8192
2016-09-27 17:03:53,349 frameNo:32
2016-09-27 17:03:53,351 STREAM IHDR 16 13
2016-09-27 17:03:53,351 STREAM IDAT 41 8192
2016-09-27 17:03:53,460 frameNo:33
2016-09-27 17:03:53,462 STREAM IHDR 16 13
2016-09-27 17:03:53,462 STREAM IDAT 41 8192
2016-09-27 17:03:53,568 frameNo:34
2016-09-27 17:03:53,570 STREAM IHDR 16 13
2016-09-27 17:03:53,571 STREAM IDAT 41 8192
2016-09-27 17:03:53,677 frameNo:35
2016-09-27 17:03:53,679 STREAM IHDR 16 13
2016-09-27 17:03:53,679 STREAM IDAT 41 8192
2016-09-27 17:03:53,787 frameNo:36
2016-09-27 17:03:53,789 STREAM IHDR 16 13
2016-09-27 17:03:53,790 STREAM IDAT 41 8192
2016-09-27 17:03:53,896 frameNo:37
2016-09-27 17:03:53,898 STREAM IHDR 16 13
2016-09-27 17:03:53,898 STREAM IDAT 41 8192
2016-09-27 17:03:54,004 frameNo:38
2016-09-27 17:03:54,006 STREAM IHDR 16 13
2016-09-27 17:03:54,006 STREAM IDAT 41 8192
2016-09-27 17:03:54,111 frameNo:39
2016-09-27 17:03:55,056 loss:0.0519160106778
2016-09-27 17:03:55,058 STREAM IHDR 16 13
2016-09-27 17:03:55,059 STREAM IDAT 41 8192
2016-09-27 17:03:55,167 frameNo:40
2016-09-27 17:03:55,169 STREAM IHDR 16 13
2016-09-27 17:03:55,169 STREAM IDAT 41 8192
2016-09-27 17:03:55,275 frameNo:41
2016-09-27 17:03:55,277 STREAM IHDR 16 13
2016-09-27 17:03:55,277 STREAM IDAT 41 8192
2016-09-27 17:03:55,386 frameNo:42
2016-09-27 17:03:55,388 STREAM IHDR 16 13
2016-09-27 17:03:55,388 STREAM IDAT 41 8192
2016-09-27 17:03:55,494 frameNo:43
2016-09-27 17:03:55,496 STREAM IHDR 16 13
2016-09-27 17:03:55,497 STREAM IDAT 41 8192
2016-09-27 17:03:55,603 frameNo:44
2016-09-27 17:03:55,605 STREAM IHDR 16 13
2016-09-27 17:03:55,605 STREAM IDAT 41 8192
2016-09-27 17:03:55,714 frameNo:45
2016-09-27 17:03:55,716 STREAM IHDR 16 13
2016-09-27 17:03:55,717 STREAM IDAT 41 8192
2016-09-27 17:03:55,823 frameNo:46
2016-09-27 17:03:55,824 STREAM IHDR 16 13
2016-09-27 17:03:55,825 STREAM IDAT 41 8192
2016-09-27 17:03:55,931 frameNo:47
2016-09-27 17:03:55,933 STREAM IHDR 16 13
2016-09-27 17:03:55,933 STREAM IDAT 41 8192
2016-09-27 17:03:56,042 frameNo:48
2016-09-27 17:03:56,045 STREAM IHDR 16 13
2016-09-27 17:03:56,045 STREAM IDAT 41 8192
2016-09-27 17:03:56,151 frameNo:49
2016-09-27 17:03:57,065 loss:0.0350391380489
2016-09-27 17:03:57,067 STREAM IHDR 16 13
2016-09-27 17:03:57,067 STREAM IDAT 41 8192
2016-09-27 17:03:57,200 frameNo:50
2016-09-27 17:03:57,203 STREAM IHDR 16 13
2016-09-27 17:03:57,203 STREAM IDAT 41 8192
2016-09-27 17:03:57,310 frameNo:51
2016-09-27 17:03:57,312 STREAM IHDR 16 13
2016-09-27 17:03:57,312 STREAM IDAT 41 8192
2016-09-27 17:03:57,418 frameNo:52
2016-09-27 17:03:57,420 STREAM IHDR 16 13
2016-09-27 17:03:57,420 STREAM IDAT 41 8192
2016-09-27 17:03:57,529 frameNo:53
2016-09-27 17:03:57,531 STREAM IHDR 16 13
2016-09-27 17:03:57,531 STREAM IDAT 41 8192
2016-09-27 17:03:57,637 frameNo:54
2016-09-27 17:03:57,639 STREAM IHDR 16 13
2016-09-27 17:03:57,639 STREAM IDAT 41 8192
2016-09-27 17:03:57,746 frameNo:55
2016-09-27 17:03:57,748 STREAM IHDR 16 13
2016-09-27 17:03:57,748 STREAM IDAT 41 8192
2016-09-27 17:03:57,854 frameNo:56
2016-09-27 17:03:57,856 STREAM IHDR 16 13
2016-09-27 17:03:57,856 STREAM IDAT 41 8192
2016-09-27 17:03:57,964 frameNo:57
2016-09-27 17:03:57,966 STREAM IHDR 16 13
2016-09-27 17:03:57,966 STREAM IDAT 41 8192
2016-09-27 17:03:58,072 frameNo:58
2016-09-27 17:03:58,074 STREAM IHDR 16 13
2016-09-27 17:03:58,074 STREAM IDAT 41 8192
2016-09-27 17:03:58,179 frameNo:59
2016-09-27 17:03:59,112 loss:0.031367175281
2016-09-27 17:03:59,114 STREAM IHDR 16 13
2016-09-27 17:03:59,114 STREAM IDAT 41 8192
2016-09-27 17:03:59,220 frameNo:60
2016-09-27 17:03:59,222 STREAM IHDR 16 13
2016-09-27 17:03:59,222 STREAM IDAT 41 8192
2016-09-27 17:03:59,329 frameNo:61
2016-09-27 17:03:59,331 STREAM IHDR 16 13
2016-09-27 17:03:59,331 STREAM IDAT 41 8192
2016-09-27 17:03:59,436 frameNo:62
2016-09-27 17:03:59,438 STREAM IHDR 16 13
2016-09-27 17:03:59,439 STREAM IDAT 41 8192
2016-09-27 17:03:59,546 frameNo:63
2016-09-27 17:03:59,548 STREAM IHDR 16 13
2016-09-27 17:03:59,548 STREAM IDAT 41 8192
2016-09-27 17:03:59,657 frameNo:64
2016-09-27 17:03:59,658 STREAM IHDR 16 13
2016-09-27 17:03:59,659 STREAM IDAT 41 8192
2016-09-27 17:03:59,765 frameNo:65
2016-09-27 17:03:59,767 STREAM IHDR 16 13
2016-09-27 17:03:59,768 STREAM IDAT 41 8192
2016-09-27 17:03:59,873 frameNo:66
2016-09-27 17:03:59,875 STREAM IHDR 16 13
2016-09-27 17:03:59,875 STREAM IDAT 41 8192
2016-09-27 17:03:59,981 frameNo:67
2016-09-27 17:03:59,983 STREAM IHDR 16 13
2016-09-27 17:03:59,983 STREAM IDAT 41 8192
2016-09-27 17:04:00,091 frameNo:68
2016-09-27 17:04:00,093 STREAM IHDR 16 13
2016-09-27 17:04:00,093 STREAM IDAT 41 8192
2016-09-27 17:04:00,199 frameNo:69
2016-09-27 17:04:01,114 loss:0.0349174514413
2016-09-27 17:04:01,116 STREAM IHDR 16 13
2016-09-27 17:04:01,117 STREAM IDAT 41 8192
2016-09-27 17:04:01,222 frameNo:70
2016-09-27 17:04:01,224 STREAM IHDR 16 13
2016-09-27 17:04:01,224 STREAM IDAT 41 8192
2016-09-27 17:04:01,330 frameNo:71
2016-09-27 17:04:01,332 STREAM IHDR 16 13
2016-09-27 17:04:01,332 STREAM IDAT 41 8192
2016-09-27 17:04:01,437 frameNo:72
2016-09-27 17:04:01,438 STREAM IHDR 16 13
2016-09-27 17:04:01,438 STREAM IDAT 41 8192
2016-09-27 17:04:01,547 frameNo:73
2016-09-27 17:04:01,549 STREAM IHDR 16 13
2016-09-27 17:04:01,549 STREAM IDAT 41 8192
2016-09-27 17:04:01,654 frameNo:74
2016-09-27 17:04:01,656 STREAM IHDR 16 13
2016-09-27 17:04:01,656 STREAM IDAT 41 8192
2016-09-27 17:04:01,761 frameNo:75
2016-09-27 17:04:01,762 STREAM IHDR 16 13
2016-09-27 17:04:01,762 STREAM IDAT 41 8192
2016-09-27 17:04:01,869 frameNo:76
2016-09-27 17:04:01,871 STREAM IHDR 16 13
2016-09-27 17:04:01,871 STREAM IDAT 41 8192
2016-09-27 17:04:01,976 frameNo:77
2016-09-27 17:04:01,978 STREAM IHDR 16 13
2016-09-27 17:04:01,978 STREAM IDAT 41 8192
2016-09-27 17:04:02,083 frameNo:78
2016-09-27 17:04:02,085 STREAM IHDR 16 13
2016-09-27 17:04:02,085 STREAM IDAT 41 8192
2016-09-27 17:04:02,189 frameNo:79
2016-09-27 17:04:03,109 loss:0.0367165654898
2016-09-27 17:04:03,111 STREAM IHDR 16 13
2016-09-27 17:04:03,111 STREAM IDAT 41 8192
2016-09-27 17:04:03,216 frameNo:80
2016-09-27 17:04:03,218 STREAM IHDR 16 13
2016-09-27 17:04:03,218 STREAM IDAT 41 8192
2016-09-27 17:04:03,322 frameNo:81
2016-09-27 17:04:03,324 STREAM IHDR 16 13
2016-09-27 17:04:03,324 STREAM IDAT 41 8192
2016-09-27 17:04:03,452 frameNo:82
2016-09-27 17:04:03,454 loss-imagelist1 : 17.5664310455 , lenghth : 83
2016-09-27 17:04:03,458 STREAM IHDR 16 13
2016-09-27 17:04:03,459 STREAM IDAT 41 8192
2016-09-27 17:04:03,496 STREAM IHDR 16 13
2016-09-27 17:04:03,496 STREAM IDAT 41 8192
2016-09-27 17:04:03,604 frameNo:1
2016-09-27 17:04:03,606 STREAM IHDR 16 13
2016-09-27 17:04:03,606 STREAM IDAT 41 8192
2016-09-27 17:04:03,712 frameNo:2
2016-09-27 17:04:03,713 STREAM IHDR 16 13
2016-09-27 17:04:03,713 STREAM IDAT 41 8192
2016-09-27 17:04:03,821 frameNo:3
2016-09-27 17:04:03,823 STREAM IHDR 16 13
2016-09-27 17:04:03,823 STREAM IDAT 41 8192
2016-09-27 17:04:03,929 frameNo:4
2016-09-27 17:04:03,931 STREAM IHDR 16 13
2016-09-27 17:04:03,931 STREAM IDAT 41 8192
2016-09-27 17:04:04,037 frameNo:5
2016-09-27 17:04:04,038 STREAM IHDR 16 13
2016-09-27 17:04:04,039 STREAM IDAT 41 8192
2016-09-27 17:04:04,146 frameNo:6
2016-09-27 17:04:04,148 STREAM IHDR 16 13
2016-09-27 17:04:04,148 STREAM IDAT 41 8192
2016-09-27 17:04:04,253 frameNo:7
2016-09-27 17:04:04,255 STREAM IHDR 16 13
2016-09-27 17:04:04,255 STREAM IDAT 41 8192
2016-09-27 17:04:04,361 frameNo:8
2016-09-27 17:04:04,363 STREAM IHDR 16 13
2016-09-27 17:04:04,363 STREAM IDAT 41 8192
2016-09-27 17:04:04,471 frameNo:9
2016-09-27 17:04:05,311 loss:0.0420140363276
2016-09-27 17:04:05,314 STREAM IHDR 16 13
2016-09-27 17:04:05,314 STREAM IDAT 41 8192
2016-09-27 17:04:05,421 frameNo:10
2016-09-27 17:04:05,423 STREAM IHDR 16 13
2016-09-27 17:04:05,423 STREAM IDAT 41 8192
2016-09-27 17:04:05,530 frameNo:11
2016-09-27 17:04:05,531 STREAM IHDR 16 13
2016-09-27 17:04:05,532 STREAM IDAT 41 8192
2016-09-27 17:04:05,637 frameNo:12
2016-09-27 17:04:05,639 STREAM IHDR 16 13
2016-09-27 17:04:05,639 STREAM IDAT 41 8192
2016-09-27 17:04:05,746 frameNo:13
2016-09-27 17:04:05,747 STREAM IHDR 16 13
2016-09-27 17:04:05,748 STREAM IDAT 41 8192
2016-09-27 17:04:05,856 frameNo:14
2016-09-27 17:04:05,858 STREAM IHDR 16 13
2016-09-27 17:04:05,858 STREAM IDAT 41 8192
2016-09-27 17:04:05,966 frameNo:15
2016-09-27 17:04:05,967 STREAM IHDR 16 13
2016-09-27 17:04:05,967 STREAM IDAT 41 8192
2016-09-27 17:04:06,074 frameNo:16
2016-09-27 17:04:06,075 STREAM IHDR 16 13
2016-09-27 17:04:06,076 STREAM IDAT 41 8192
2016-09-27 17:04:06,184 frameNo:17
2016-09-27 17:04:06,186 STREAM IHDR 16 13
2016-09-27 17:04:06,186 STREAM IDAT 41 8192
2016-09-27 17:04:06,292 frameNo:18
2016-09-27 17:04:06,294 STREAM IHDR 16 13
2016-09-27 17:04:06,294 STREAM IDAT 41 8192
2016-09-27 17:04:06,400 frameNo:19
2016-09-27 17:04:07,328 loss:0.0165018383414
2016-09-27 17:04:07,330 STREAM IHDR 16 13
2016-09-27 17:04:07,330 STREAM IDAT 41 8192
2016-09-27 17:04:07,437 frameNo:20
2016-09-27 17:04:07,439 STREAM IHDR 16 13
2016-09-27 17:04:07,439 STREAM IDAT 41 8192
2016-09-27 17:04:07,546 frameNo:21
2016-09-27 17:04:07,548 STREAM IHDR 16 13
2016-09-27 17:04:07,548 STREAM IDAT 41 8192
2016-09-27 17:04:07,655 frameNo:22
2016-09-27 17:04:07,656 STREAM IHDR 16 13
2016-09-27 17:04:07,656 STREAM IDAT 41 8192
2016-09-27 17:04:07,766 frameNo:23
2016-09-27 17:04:07,768 STREAM IHDR 16 13
2016-09-27 17:04:07,768 STREAM IDAT 41 8192
2016-09-27 17:04:07,875 frameNo:24
2016-09-27 17:04:07,877 STREAM IHDR 16 13
2016-09-27 17:04:07,877 STREAM IDAT 41 8192
2016-09-27 17:04:07,983 frameNo:25
2016-09-27 17:04:07,985 STREAM IHDR 16 13
2016-09-27 17:04:07,985 STREAM IDAT 41 8192
2016-09-27 17:04:08,094 frameNo:26
2016-09-27 17:04:08,096 STREAM IHDR 16 13
2016-09-27 17:04:08,097 STREAM IDAT 41 8192
2016-09-27 17:04:08,203 frameNo:27
2016-09-27 17:04:08,204 STREAM IHDR 16 13
2016-09-27 17:04:08,205 STREAM IDAT 41 8192
2016-09-27 17:04:08,311 frameNo:28
2016-09-27 17:04:08,312 STREAM IHDR 16 13
2016-09-27 17:04:08,313 STREAM IDAT 41 8192
2016-09-27 17:04:08,421 frameNo:29
2016-09-27 17:04:09,374 loss:0.0758850052953
2016-09-27 17:04:09,382 STREAM IHDR 16 13
2016-09-27 17:04:09,382 STREAM IDAT 41 8192
2016-09-27 17:04:09,489 frameNo:30
2016-09-27 17:04:09,497 STREAM IHDR 16 13
2016-09-27 17:04:09,497 STREAM IDAT 41 8192
2016-09-27 17:04:09,604 frameNo:31
2016-09-27 17:04:09,612 STREAM IHDR 16 13
2016-09-27 17:04:09,613 STREAM IDAT 41 8192
2016-09-27 17:04:09,741 frameNo:32
2016-09-27 17:04:09,751 STREAM IHDR 16 13
2016-09-27 17:04:09,751 STREAM IDAT 41 8192
2016-09-27 17:04:09,858 frameNo:33
2016-09-27 17:04:09,868 STREAM IHDR 16 13
2016-09-27 17:04:09,868 STREAM IDAT 41 8192
2016-09-27 17:04:09,975 frameNo:34
2016-09-27 17:04:09,982 STREAM IHDR 16 13
2016-09-27 17:04:09,982 STREAM IDAT 41 8192
2016-09-27 17:04:10,092 frameNo:35
2016-09-27 17:04:10,100 STREAM IHDR 16 13
2016-09-27 17:04:10,100 STREAM IDAT 41 8192
2016-09-27 17:04:10,206 frameNo:36
2016-09-27 17:04:10,208 STREAM IHDR 16 13
2016-09-27 17:04:10,208 STREAM IDAT 41 8192
2016-09-27 17:04:10,315 frameNo:37
2016-09-27 17:04:10,317 STREAM IHDR 16 13
2016-09-27 17:04:10,317 STREAM IDAT 41 8192
2016-09-27 17:04:10,425 frameNo:38
2016-09-27 17:04:10,434 STREAM IHDR 16 13
2016-09-27 17:04:10,434 STREAM IDAT 41 8192
2016-09-27 17:04:10,540 frameNo:39
2016-09-27 17:04:11,501 loss:0.132302701473
2016-09-27 17:04:11,509 STREAM IHDR 16 13
2016-09-27 17:04:11,509 STREAM IDAT 41 8192
2016-09-27 17:04:11,616 frameNo:40
2016-09-27 17:04:11,624 STREAM IHDR 16 13
2016-09-27 17:04:11,624 STREAM IDAT 41 8192
2016-09-27 17:04:11,731 frameNo:41
2016-09-27 17:04:11,740 STREAM IHDR 16 13
2016-09-27 17:04:11,740 STREAM IDAT 41 8192
2016-09-27 17:04:11,849 frameNo:42
2016-09-27 17:04:11,990 STREAM IHDR 16 13
2016-09-27 17:04:11,990 STREAM IDAT 41 8192
2016-09-27 17:04:12,125 frameNo:43
2016-09-27 17:04:12,231 STREAM IHDR 16 13
2016-09-27 17:04:12,231 STREAM IDAT 41 8192
2016-09-27 17:04:12,366 frameNo:44
2016-09-27 17:04:12,489 STREAM IHDR 16 13
2016-09-27 17:04:12,489 STREAM IDAT 41 8192
2016-09-27 17:04:12,626 frameNo:45
2016-09-27 17:04:12,740 STREAM IHDR 16 13
2016-09-27 17:04:12,740 STREAM IDAT 41 8192
2016-09-27 17:04:12,874 frameNo:46
2016-09-27 17:04:13,009 STREAM IHDR 16 13
2016-09-27 17:04:13,009 STREAM IDAT 41 8192
2016-09-27 17:04:13,143 frameNo:47
2016-09-27 17:04:13,205 STREAM IHDR 16 13
2016-09-27 17:04:13,205 STREAM IDAT 41 8192
2016-09-27 17:04:13,340 frameNo:48
2016-09-27 17:04:13,451 STREAM IHDR 16 13
2016-09-27 17:04:13,452 STREAM IDAT 41 8192
2016-09-27 17:04:13,589 frameNo:49
2016-09-27 17:04:14,555 loss:0.118383340538
2016-09-27 17:04:14,690 STREAM IHDR 16 13
2016-09-27 17:04:14,690 STREAM IDAT 41 8192
2016-09-27 17:04:14,794 frameNo:50
2016-09-27 17:04:14,891 STREAM IHDR 16 13
2016-09-27 17:04:14,891 STREAM IDAT 41 8192
2016-09-27 17:04:14,996 frameNo:51
2016-09-27 17:04:15,100 STREAM IHDR 16 13
2016-09-27 17:04:15,100 STREAM IDAT 41 8192
2016-09-27 17:04:15,235 frameNo:52
2016-09-27 17:04:15,348 STREAM IHDR 16 13
2016-09-27 17:04:15,348 STREAM IDAT 41 8192
2016-09-27 17:04:15,482 frameNo:53
2016-09-27 17:04:15,606 STREAM IHDR 16 13
2016-09-27 17:04:15,606 STREAM IDAT 41 8192
2016-09-27 17:04:15,744 frameNo:54
2016-09-27 17:04:15,828 STREAM IHDR 16 13
2016-09-27 17:04:15,828 STREAM IDAT 41 8192
2016-09-27 17:04:15,962 frameNo:55
2016-09-27 17:04:16,053 STREAM IHDR 16 13
2016-09-27 17:04:16,053 STREAM IDAT 41 8192
2016-09-27 17:04:16,187 frameNo:56
2016-09-27 17:04:16,296 STREAM IHDR 16 13
2016-09-27 17:04:16,296 STREAM IDAT 41 8192
2016-09-27 17:04:16,434 frameNo:57
2016-09-27 17:04:16,545 STREAM IHDR 16 13
2016-09-27 17:04:16,545 STREAM IDAT 41 8192
2016-09-27 17:04:16,680 frameNo:58
2016-09-27 17:04:16,770 STREAM IHDR 16 13
2016-09-27 17:04:16,770 STREAM IDAT 41 8192
2016-09-27 17:04:16,905 frameNo:59
