2016-09-27 17:06:26,020 Running on a GPU
2016-09-27 17:06:26,067 STREAM IHDR 16 13
2016-09-27 17:06:26,067 STREAM IDAT 41 8192
2016-09-27 17:06:26,106 STREAM IHDR 16 13
2016-09-27 17:06:26,106 STREAM IDAT 41 8192
2016-09-27 17:06:27,306 frameNo:1
2016-09-27 17:06:27,306 save the model
2016-09-27 17:06:31,487 save the optimizer
2016-09-27 17:06:32,730 STREAM IHDR 16 13
2016-09-27 17:06:32,731 STREAM IDAT 41 8192
2016-09-27 17:06:32,920 frameNo:2
2016-09-27 17:06:32,922 STREAM IHDR 16 13
2016-09-27 17:06:32,922 STREAM IDAT 41 8192
2016-09-27 17:06:33,085 frameNo:3
2016-09-27 17:06:33,087 STREAM IHDR 16 13
2016-09-27 17:06:33,087 STREAM IDAT 41 8192
2016-09-27 17:06:33,249 frameNo:4
2016-09-27 17:06:33,250 STREAM IHDR 16 13
2016-09-27 17:06:33,250 STREAM IDAT 41 8192
2016-09-27 17:06:33,412 frameNo:5
2016-09-27 17:06:33,414 STREAM IHDR 16 13
2016-09-27 17:06:33,414 STREAM IDAT 41 8192
2016-09-27 17:06:33,583 frameNo:6
2016-09-27 17:06:33,585 STREAM IHDR 16 13
2016-09-27 17:06:33,585 STREAM IDAT 41 8192
2016-09-27 17:06:33,783 frameNo:7
2016-09-27 17:06:33,785 STREAM IHDR 16 13
2016-09-27 17:06:33,785 STREAM IDAT 41 8192
2016-09-27 17:06:33,956 frameNo:8
2016-09-27 17:06:33,958 STREAM IHDR 16 13
2016-09-27 17:06:33,958 STREAM IDAT 41 8192
2016-09-27 17:06:34,134 frameNo:9
2016-09-27 17:06:35,439 loss:0.208692133427
2016-09-27 17:06:35,449 STREAM IHDR 16 13
2016-09-27 17:06:35,450 STREAM IDAT 41 8192
2016-09-27 17:06:35,564 frameNo:10
2016-09-27 17:06:35,572 STREAM IHDR 16 13
2016-09-27 17:06:35,572 STREAM IDAT 41 8192
2016-09-27 17:06:35,685 frameNo:11
2016-09-27 17:06:35,693 STREAM IHDR 16 13
2016-09-27 17:06:35,693 STREAM IDAT 41 8192
2016-09-27 17:06:35,806 frameNo:12
2016-09-27 17:06:35,814 STREAM IHDR 16 13
2016-09-27 17:06:35,814 STREAM IDAT 41 8192
2016-09-27 17:06:35,929 frameNo:13
2016-09-27 17:06:35,936 STREAM IHDR 16 13
2016-09-27 17:06:35,936 STREAM IDAT 41 8192
2016-09-27 17:06:36,046 frameNo:14
2016-09-27 17:06:36,053 STREAM IHDR 16 13
2016-09-27 17:06:36,053 STREAM IDAT 41 8192
2016-09-27 17:06:36,159 frameNo:15
2016-09-27 17:06:36,166 STREAM IHDR 16 13
2016-09-27 17:06:36,166 STREAM IDAT 41 8192
2016-09-27 17:06:36,274 frameNo:16
2016-09-27 17:06:36,280 STREAM IHDR 16 13
2016-09-27 17:06:36,280 STREAM IDAT 41 8192
2016-09-27 17:06:36,386 frameNo:17
2016-09-27 17:06:36,393 STREAM IHDR 16 13
2016-09-27 17:06:36,393 STREAM IDAT 41 8192
2016-09-27 17:06:36,500 frameNo:18
2016-09-27 17:06:36,507 STREAM IHDR 16 13
2016-09-27 17:06:36,507 STREAM IDAT 41 8192
2016-09-27 17:06:36,678 frameNo:19
2016-09-27 17:06:37,624 loss:0.135242715478
2016-09-27 17:06:37,632 STREAM IHDR 16 13
2016-09-27 17:06:37,632 STREAM IDAT 41 8192
2016-09-27 17:06:37,738 frameNo:20
2016-09-27 17:06:37,746 STREAM IHDR 16 13
2016-09-27 17:06:37,746 STREAM IDAT 41 8192
2016-09-27 17:06:37,852 frameNo:21
2016-09-27 17:06:37,860 STREAM IHDR 16 13
2016-09-27 17:06:37,861 STREAM IDAT 41 8192
2016-09-27 17:06:37,968 frameNo:22
2016-09-27 17:06:37,977 STREAM IHDR 16 13
2016-09-27 17:06:37,977 STREAM IDAT 41 8192
2016-09-27 17:06:38,083 frameNo:23
2016-09-27 17:06:38,092 STREAM IHDR 16 13
2016-09-27 17:06:38,092 STREAM IDAT 41 8192
2016-09-27 17:06:38,198 frameNo:24
2016-09-27 17:06:38,199 STREAM IHDR 16 13
2016-09-27 17:06:38,200 STREAM IDAT 41 8192
2016-09-27 17:06:38,308 frameNo:25
2016-09-27 17:06:38,310 STREAM IHDR 16 13
2016-09-27 17:06:38,310 STREAM IDAT 41 8192
2016-09-27 17:06:38,416 frameNo:26
2016-09-27 17:06:38,426 STREAM IHDR 16 13
2016-09-27 17:06:38,426 STREAM IDAT 41 8192
2016-09-27 17:06:38,532 frameNo:27
2016-09-27 17:06:38,554 STREAM IHDR 16 13
2016-09-27 17:06:38,554 STREAM IDAT 41 8192
2016-09-27 17:06:38,662 frameNo:28
2016-09-27 17:06:38,667 STREAM IHDR 16 13
2016-09-27 17:06:38,667 STREAM IDAT 41 8192
2016-09-27 17:06:38,772 frameNo:29
2016-09-27 17:06:39,728 loss:0.0850486680865
2016-09-27 17:06:39,736 STREAM IHDR 16 13
2016-09-27 17:06:39,737 STREAM IDAT 41 8192
2016-09-27 17:06:39,844 frameNo:30
2016-09-27 17:06:39,852 STREAM IHDR 16 13
2016-09-27 17:06:39,852 STREAM IDAT 41 8192
2016-09-27 17:06:39,957 frameNo:31
2016-09-27 17:06:39,965 STREAM IHDR 16 13
2016-09-27 17:06:39,965 STREAM IDAT 41 8192
2016-09-27 17:06:40,071 frameNo:32
2016-09-27 17:06:40,079 STREAM IHDR 16 13
2016-09-27 17:06:40,080 STREAM IDAT 41 8192
2016-09-27 17:06:40,188 frameNo:33
2016-09-27 17:06:40,197 STREAM IHDR 16 13
2016-09-27 17:06:40,197 STREAM IDAT 41 8192
2016-09-27 17:06:40,303 frameNo:34
2016-09-27 17:06:40,312 STREAM IHDR 16 13
2016-09-27 17:06:40,313 STREAM IDAT 41 8192
2016-09-27 17:06:40,418 frameNo:35
2016-09-27 17:06:40,425 STREAM IHDR 16 13
2016-09-27 17:06:40,425 STREAM IDAT 41 8192
2016-09-27 17:06:40,536 frameNo:36
2016-09-27 17:06:40,544 STREAM IHDR 16 13
2016-09-27 17:06:40,544 STREAM IDAT 41 8192
2016-09-27 17:06:40,690 frameNo:37
2016-09-27 17:06:40,698 STREAM IHDR 16 13
2016-09-27 17:06:40,698 STREAM IDAT 41 8192
2016-09-27 17:06:40,805 frameNo:38
2016-09-27 17:06:40,813 STREAM IHDR 16 13
2016-09-27 17:06:40,813 STREAM IDAT 41 8192
2016-09-27 17:06:40,919 frameNo:39
2016-09-27 17:06:41,853 loss:0.0654749199748
2016-09-27 17:06:41,862 STREAM IHDR 16 13
2016-09-27 17:06:41,862 STREAM IDAT 41 8192
2016-09-27 17:06:41,968 frameNo:40
2016-09-27 17:06:42,192 STREAM IHDR 16 13
2016-09-27 17:06:42,192 STREAM IDAT 41 8192
2016-09-27 17:06:42,327 frameNo:41
2016-09-27 17:06:42,337 STREAM IHDR 16 13
2016-09-27 17:06:42,337 STREAM IDAT 41 8192
2016-09-27 17:06:42,443 frameNo:42
2016-09-27 17:06:42,445 STREAM IHDR 16 13
2016-09-27 17:06:42,445 STREAM IDAT 41 8192
2016-09-27 17:06:42,555 frameNo:43
2016-09-27 17:06:42,572 STREAM IHDR 16 13
2016-09-27 17:06:42,572 STREAM IDAT 41 8192
2016-09-27 17:06:42,684 frameNo:44
2016-09-27 17:06:42,714 STREAM IHDR 16 13
2016-09-27 17:06:42,714 STREAM IDAT 41 8192
2016-09-27 17:06:42,828 frameNo:45
2016-09-27 17:06:42,873 STREAM IHDR 16 13
2016-09-27 17:06:42,874 STREAM IDAT 41 8192
2016-09-27 17:06:42,986 frameNo:46
2016-09-27 17:06:43,019 STREAM IHDR 16 13
2016-09-27 17:06:43,020 STREAM IDAT 41 8192
2016-09-27 17:06:43,133 frameNo:47
2016-09-27 17:06:43,167 STREAM IHDR 16 13
2016-09-27 17:06:43,167 STREAM IDAT 41 8192
2016-09-27 17:06:43,281 frameNo:48
2016-09-27 17:06:43,306 STREAM IHDR 16 13
2016-09-27 17:06:43,306 STREAM IDAT 41 8192
2016-09-27 17:06:43,417 frameNo:49
2016-09-27 17:06:44,369 loss:0.0551784448326
2016-09-27 17:06:44,380 STREAM IHDR 16 13
2016-09-27 17:06:44,380 STREAM IDAT 41 8192
2016-09-27 17:06:44,487 frameNo:50
2016-09-27 17:06:44,494 STREAM IHDR 16 13
2016-09-27 17:06:44,494 STREAM IDAT 41 8192
2016-09-27 17:06:44,600 frameNo:51
2016-09-27 17:06:44,608 STREAM IHDR 16 13
2016-09-27 17:06:44,608 STREAM IDAT 41 8192
2016-09-27 17:06:44,714 frameNo:52
2016-09-27 17:06:44,723 STREAM IHDR 16 13
2016-09-27 17:06:44,723 STREAM IDAT 41 8192
2016-09-27 17:06:44,831 frameNo:53
2016-09-27 17:06:44,840 STREAM IHDR 16 13
2016-09-27 17:06:44,840 STREAM IDAT 41 8192
2016-09-27 17:06:44,946 frameNo:54
2016-09-27 17:06:44,954 STREAM IHDR 16 13
2016-09-27 17:06:44,954 STREAM IDAT 41 8192
2016-09-27 17:06:45,060 frameNo:55
2016-09-27 17:06:45,067 STREAM IHDR 16 13
2016-09-27 17:06:45,067 STREAM IDAT 41 8192
2016-09-27 17:06:45,172 frameNo:56
2016-09-27 17:06:45,180 STREAM IHDR 16 13
2016-09-27 17:06:45,180 STREAM IDAT 41 8192
2016-09-27 17:06:45,288 frameNo:57
2016-09-27 17:06:45,296 STREAM IHDR 16 13
2016-09-27 17:06:45,296 STREAM IDAT 41 8192
2016-09-27 17:06:45,402 frameNo:58
2016-09-27 17:06:45,410 STREAM IHDR 16 13
2016-09-27 17:06:45,411 STREAM IDAT 41 8192
2016-09-27 17:06:45,517 frameNo:59
2016-09-27 17:06:46,468 loss:0.0447600111365
2016-09-27 17:06:46,477 STREAM IHDR 16 13
2016-09-27 17:06:46,477 STREAM IDAT 41 8192
2016-09-27 17:06:46,584 frameNo:60
2016-09-27 17:06:46,593 STREAM IHDR 16 13
2016-09-27 17:06:46,593 STREAM IDAT 41 8192
2016-09-27 17:06:46,698 frameNo:61
2016-09-27 17:06:46,700 STREAM IHDR 16 13
2016-09-27 17:06:46,700 STREAM IDAT 41 8192
2016-09-27 17:06:46,807 frameNo:62
2016-09-27 17:06:46,809 STREAM IHDR 16 13
2016-09-27 17:06:46,809 STREAM IDAT 41 8192
2016-09-27 17:06:46,915 frameNo:63
2016-09-27 17:06:46,932 STREAM IHDR 16 13
2016-09-27 17:06:46,933 STREAM IDAT 41 8192
2016-09-27 17:06:47,039 frameNo:64
2016-09-27 17:06:47,051 STREAM IHDR 16 13
2016-09-27 17:06:47,052 STREAM IDAT 41 8192
2016-09-27 17:06:47,160 frameNo:65
2016-09-27 17:06:47,168 STREAM IHDR 16 13
2016-09-27 17:06:47,168 STREAM IDAT 41 8192
2016-09-27 17:06:47,274 frameNo:66
2016-09-27 17:06:47,281 STREAM IHDR 16 13
2016-09-27 17:06:47,281 STREAM IDAT 41 8192
2016-09-27 17:06:47,388 frameNo:67
2016-09-27 17:06:47,393 STREAM IHDR 16 13
2016-09-27 17:06:47,393 STREAM IDAT 41 8192
2016-09-27 17:06:47,501 frameNo:68
2016-09-27 17:06:47,507 STREAM IHDR 16 13
2016-09-27 17:06:47,507 STREAM IDAT 41 8192
2016-09-27 17:06:47,646 frameNo:69
2016-09-27 17:06:48,597 loss:0.0463106222451
2016-09-27 17:06:48,608 STREAM IHDR 16 13
2016-09-27 17:06:48,608 STREAM IDAT 41 8192
2016-09-27 17:06:48,720 frameNo:70
2016-09-27 17:06:48,731 STREAM IHDR 16 13
2016-09-27 17:06:48,731 STREAM IDAT 41 8192
2016-09-27 17:06:48,840 frameNo:71
2016-09-27 17:06:48,848 STREAM IHDR 16 13
2016-09-27 17:06:48,848 STREAM IDAT 41 8192
2016-09-27 17:06:48,954 frameNo:72
2016-09-27 17:06:48,965 STREAM IHDR 16 13
2016-09-27 17:06:48,965 STREAM IDAT 41 8192
2016-09-27 17:06:49,079 frameNo:73
2016-09-27 17:06:49,090 STREAM IHDR 16 13
2016-09-27 17:06:49,090 STREAM IDAT 41 8192
2016-09-27 17:06:49,203 frameNo:74
2016-09-27 17:06:49,212 STREAM IHDR 16 13
2016-09-27 17:06:49,212 STREAM IDAT 41 8192
2016-09-27 17:06:49,324 frameNo:75
2016-09-27 17:06:49,332 STREAM IHDR 16 13
2016-09-27 17:06:49,333 STREAM IDAT 41 8192
2016-09-27 17:06:49,444 frameNo:76
2016-09-27 17:06:49,453 STREAM IHDR 16 13
2016-09-27 17:06:49,454 STREAM IDAT 41 8192
2016-09-27 17:06:49,565 frameNo:77
2016-09-27 17:06:49,574 STREAM IHDR 16 13
2016-09-27 17:06:49,574 STREAM IDAT 41 8192
2016-09-27 17:06:49,680 frameNo:78
2016-09-27 17:06:49,690 STREAM IHDR 16 13
2016-09-27 17:06:49,690 STREAM IDAT 41 8192
2016-09-27 17:06:49,796 frameNo:79
2016-09-27 17:06:50,753 loss:0.0800459235907
2016-09-27 17:06:50,761 STREAM IHDR 16 13
2016-09-27 17:06:50,762 STREAM IDAT 41 8192
2016-09-27 17:06:50,868 frameNo:80
2016-09-27 17:06:50,881 STREAM IHDR 16 13
2016-09-27 17:06:50,881 STREAM IDAT 41 8192
2016-09-27 17:06:50,987 frameNo:81
2016-09-27 17:06:50,996 STREAM IHDR 16 13
2016-09-27 17:06:50,996 STREAM IDAT 41 8192
2016-09-27 17:06:51,105 frameNo:82
2016-09-27 17:06:51,114 STREAM IHDR 16 13
2016-09-27 17:06:51,114 STREAM IDAT 41 8192
2016-09-27 17:06:51,221 frameNo:83
2016-09-27 17:06:51,229 STREAM IHDR 16 13
2016-09-27 17:06:51,229 STREAM IDAT 41 8192
2016-09-27 17:06:51,337 frameNo:84
2016-09-27 17:06:51,343 STREAM IHDR 16 13
2016-09-27 17:06:51,343 STREAM IDAT 41 8192
2016-09-27 17:06:51,453 frameNo:85
2016-09-27 17:06:51,460 STREAM IHDR 16 13
2016-09-27 17:06:51,460 STREAM IDAT 41 8192
2016-09-27 17:06:51,567 frameNo:86
2016-09-27 17:06:51,574 STREAM IHDR 16 13
2016-09-27 17:06:51,575 STREAM IDAT 41 8192
2016-09-27 17:06:51,681 frameNo:87
2016-09-27 17:06:51,689 STREAM IHDR 16 13
2016-09-27 17:06:51,689 STREAM IDAT 41 8192
2016-09-27 17:06:51,797 frameNo:88
2016-09-27 17:06:51,806 STREAM IHDR 16 13
2016-09-27 17:06:51,806 STREAM IDAT 41 8192
2016-09-27 17:06:51,913 frameNo:89
2016-09-27 17:06:52,819 loss:0.0856547355652
2016-09-27 17:06:52,834 STREAM IHDR 16 13
2016-09-27 17:06:52,834 STREAM IDAT 41 8192
2016-09-27 17:06:52,941 frameNo:90
2016-09-27 17:06:52,969 STREAM IHDR 16 13
2016-09-27 17:06:52,969 STREAM IDAT 41 8192
2016-09-27 17:06:53,076 frameNo:91
2016-09-27 17:06:53,102 STREAM IHDR 16 13
2016-09-27 17:06:53,102 STREAM IDAT 41 8192
2016-09-27 17:06:53,208 frameNo:92
2016-09-27 17:06:53,236 STREAM IHDR 16 13
2016-09-27 17:06:53,236 STREAM IDAT 41 8192
2016-09-27 17:06:53,342 frameNo:93
2016-09-27 17:06:53,370 STREAM IHDR 16 13
2016-09-27 17:06:53,370 STREAM IDAT 41 8192
2016-09-27 17:06:53,479 frameNo:94
2016-09-27 17:06:53,498 STREAM IHDR 16 13
2016-09-27 17:06:53,498 STREAM IDAT 41 8192
2016-09-27 17:06:53,605 frameNo:95
2016-09-27 17:06:53,624 STREAM IHDR 16 13
2016-09-27 17:06:53,625 STREAM IDAT 41 8192
2016-09-27 17:06:53,730 frameNo:96
2016-09-27 17:06:53,750 STREAM IHDR 16 13
2016-09-27 17:06:53,750 STREAM IDAT 41 8192
2016-09-27 17:06:53,859 frameNo:97
2016-09-27 17:06:53,874 STREAM IHDR 16 13
2016-09-27 17:06:53,874 STREAM IDAT 41 8192
2016-09-27 17:06:53,980 frameNo:98
2016-09-27 17:06:53,982 STREAM IHDR 16 13
2016-09-27 17:06:53,982 STREAM IDAT 41 8192
2016-09-27 17:06:54,089 frameNo:99
2016-09-27 17:06:55,038 loss:0.064496204257
2016-09-27 17:06:55,040 STREAM IHDR 16 13
2016-09-27 17:06:55,040 STREAM IDAT 41 8192
2016-09-27 17:06:55,147 frameNo:100
2016-09-27 17:06:55,148 STREAM IHDR 16 13
2016-09-27 17:06:55,149 STREAM IDAT 41 8192
2016-09-27 17:06:55,254 frameNo:101
2016-09-27 17:06:55,256 STREAM IHDR 16 13
2016-09-27 17:06:55,256 STREAM IDAT 41 8192
2016-09-27 17:06:55,363 frameNo:102
2016-09-27 17:06:55,365 STREAM IHDR 16 13
2016-09-27 17:06:55,365 STREAM IDAT 41 8192
2016-09-27 17:06:55,475 frameNo:103
2016-09-27 17:06:55,477 STREAM IHDR 16 13
2016-09-27 17:06:55,477 STREAM IDAT 41 8192
2016-09-27 17:06:55,583 frameNo:104
2016-09-27 17:06:55,585 STREAM IHDR 16 13
2016-09-27 17:06:55,585 STREAM IDAT 41 8192
2016-09-27 17:06:55,691 frameNo:105
2016-09-27 17:06:55,693 STREAM IHDR 16 13
2016-09-27 17:06:55,693 STREAM IDAT 41 8192
2016-09-27 17:06:55,801 frameNo:106
2016-09-27 17:06:55,803 STREAM IHDR 16 13
2016-09-27 17:06:55,803 STREAM IDAT 41 8192
2016-09-27 17:06:55,909 frameNo:107
2016-09-27 17:06:55,910 STREAM IHDR 16 13
2016-09-27 17:06:55,910 STREAM IDAT 41 8192
2016-09-27 17:06:56,017 frameNo:108
2016-09-27 17:06:56,019 STREAM IHDR 16 13
2016-09-27 17:06:56,019 STREAM IDAT 41 8192
2016-09-27 17:06:56,127 frameNo:109
2016-09-27 17:06:57,044 loss:0.0412678904831
2016-09-27 17:06:57,046 STREAM IHDR 16 13
2016-09-27 17:06:57,046 STREAM IDAT 41 8192
2016-09-27 17:06:57,153 frameNo:110
2016-09-27 17:06:57,155 STREAM IHDR 16 13
2016-09-27 17:06:57,155 STREAM IDAT 41 8192
2016-09-27 17:06:57,261 frameNo:111
2016-09-27 17:06:57,263 STREAM IHDR 16 13
2016-09-27 17:06:57,263 STREAM IDAT 41 8192
2016-09-27 17:06:57,368 frameNo:112
2016-09-27 17:06:57,370 STREAM IHDR 16 13
2016-09-27 17:06:57,370 STREAM IDAT 41 8192
2016-09-27 17:06:57,477 frameNo:113
2016-09-27 17:06:57,483 loss-imagelist0 : 50.7882270813 , lenghth : 114
2016-09-27 17:06:57,487 STREAM IHDR 16 13
2016-09-27 17:06:57,487 STREAM IDAT 41 8192
2016-09-27 17:06:57,525 STREAM IHDR 16 13
2016-09-27 17:06:57,525 STREAM IDAT 41 8192
2016-09-27 17:06:57,634 frameNo:1
2016-09-27 17:06:57,636 STREAM IHDR 16 13
2016-09-27 17:06:57,636 STREAM IDAT 41 8192
2016-09-27 17:06:57,741 frameNo:2
2016-09-27 17:06:57,743 STREAM IHDR 16 13
2016-09-27 17:06:57,743 STREAM IDAT 41 8192
2016-09-27 17:06:57,849 frameNo:3
2016-09-27 17:06:57,850 STREAM IHDR 16 13
2016-09-27 17:06:57,850 STREAM IDAT 41 8192
2016-09-27 17:06:57,959 frameNo:4
2016-09-27 17:06:57,960 STREAM IHDR 16 13
2016-09-27 17:06:57,960 STREAM IDAT 41 8192
2016-09-27 17:06:58,066 frameNo:5
2016-09-27 17:06:58,068 STREAM IHDR 16 13
2016-09-27 17:06:58,068 STREAM IDAT 41 8192
2016-09-27 17:06:58,174 frameNo:6
2016-09-27 17:06:58,175 STREAM IHDR 16 13
2016-09-27 17:06:58,175 STREAM IDAT 41 8192
2016-09-27 17:06:58,281 frameNo:7
2016-09-27 17:06:58,283 STREAM IHDR 16 13
2016-09-27 17:06:58,283 STREAM IDAT 41 8192
2016-09-27 17:06:58,392 frameNo:8
2016-09-27 17:06:58,394 STREAM IHDR 16 13
2016-09-27 17:06:58,394 STREAM IDAT 41 8192
2016-09-27 17:06:58,499 frameNo:9
2016-09-27 17:06:59,317 loss:0.0389185734093
2016-09-27 17:06:59,361 STREAM IHDR 16 13
2016-09-27 17:06:59,361 STREAM IDAT 41 8192
2016-09-27 17:06:59,467 frameNo:10
2016-09-27 17:06:59,469 STREAM IHDR 16 13
2016-09-27 17:06:59,469 STREAM IDAT 41 8192
2016-09-27 17:06:59,576 frameNo:11
2016-09-27 17:06:59,578 STREAM IHDR 16 13
2016-09-27 17:06:59,578 STREAM IDAT 41 8192
2016-09-27 17:06:59,684 frameNo:12
2016-09-27 17:06:59,686 STREAM IHDR 16 13
2016-09-27 17:06:59,686 STREAM IDAT 41 8192
2016-09-27 17:06:59,794 frameNo:13
2016-09-27 17:06:59,796 STREAM IHDR 16 13
2016-09-27 17:06:59,796 STREAM IDAT 41 8192
2016-09-27 17:06:59,902 frameNo:14
2016-09-27 17:06:59,904 STREAM IHDR 16 13
2016-09-27 17:06:59,904 STREAM IDAT 41 8192
2016-09-27 17:07:00,010 frameNo:15
2016-09-27 17:07:00,012 STREAM IHDR 16 13
2016-09-27 17:07:00,012 STREAM IDAT 41 8192
2016-09-27 17:07:00,118 frameNo:16
2016-09-27 17:07:00,119 STREAM IHDR 16 13
2016-09-27 17:07:00,120 STREAM IDAT 41 8192
2016-09-27 17:07:00,228 frameNo:17
2016-09-27 17:07:00,229 STREAM IHDR 16 13
2016-09-27 17:07:00,229 STREAM IDAT 41 8192
2016-09-27 17:07:00,335 frameNo:18
2016-09-27 17:07:00,337 STREAM IHDR 16 13
2016-09-27 17:07:00,337 STREAM IDAT 41 8192
2016-09-27 17:07:00,442 frameNo:19
2016-09-27 17:07:01,364 loss:0.0450961440802
2016-09-27 17:07:01,366 STREAM IHDR 16 13
2016-09-27 17:07:01,366 STREAM IDAT 41 8192
2016-09-27 17:07:01,472 frameNo:20
2016-09-27 17:07:01,474 STREAM IHDR 16 13
2016-09-27 17:07:01,474 STREAM IDAT 41 8192
2016-09-27 17:07:01,581 frameNo:21
2016-09-27 17:07:01,583 STREAM IHDR 16 13
2016-09-27 17:07:01,583 STREAM IDAT 41 8192
2016-09-27 17:07:01,688 frameNo:22
2016-09-27 17:07:01,690 STREAM IHDR 16 13
2016-09-27 17:07:01,690 STREAM IDAT 41 8192
2016-09-27 17:07:01,799 frameNo:23
2016-09-27 17:07:01,801 STREAM IHDR 16 13
2016-09-27 17:07:01,801 STREAM IDAT 41 8192
2016-09-27 17:07:01,914 frameNo:24
2016-09-27 17:07:01,916 STREAM IHDR 16 13
2016-09-27 17:07:01,916 STREAM IDAT 41 8192
2016-09-27 17:07:02,022 frameNo:25
2016-09-27 17:07:02,024 STREAM IHDR 16 13
2016-09-27 17:07:02,024 STREAM IDAT 41 8192
2016-09-27 17:07:02,129 frameNo:26
2016-09-27 17:07:02,131 STREAM IHDR 16 13
2016-09-27 17:07:02,131 STREAM IDAT 41 8192
2016-09-27 17:07:02,237 frameNo:27
2016-09-27 17:07:02,238 STREAM IHDR 16 13
2016-09-27 17:07:02,238 STREAM IDAT 41 8192
2016-09-27 17:07:02,347 frameNo:28
2016-09-27 17:07:02,349 STREAM IHDR 16 13
2016-09-27 17:07:02,349 STREAM IDAT 41 8192
2016-09-27 17:07:02,455 frameNo:29
2016-09-27 17:07:03,380 loss:0.0566231943667
2016-09-27 17:07:03,382 STREAM IHDR 16 13
2016-09-27 17:07:03,383 STREAM IDAT 41 8192
2016-09-27 17:07:03,488 frameNo:30
2016-09-27 17:07:03,490 STREAM IHDR 16 13
2016-09-27 17:07:03,490 STREAM IDAT 41 8192
2016-09-27 17:07:03,596 frameNo:31
2016-09-27 17:07:03,598 STREAM IHDR 16 13
2016-09-27 17:07:03,598 STREAM IDAT 41 8192
2016-09-27 17:07:03,703 frameNo:32
2016-09-27 17:07:03,704 STREAM IHDR 16 13
2016-09-27 17:07:03,705 STREAM IDAT 41 8192
2016-09-27 17:07:03,812 frameNo:33
2016-09-27 17:07:03,814 STREAM IHDR 16 13
2016-09-27 17:07:03,814 STREAM IDAT 41 8192
2016-09-27 17:07:03,919 frameNo:34
2016-09-27 17:07:03,921 STREAM IHDR 16 13
2016-09-27 17:07:03,921 STREAM IDAT 41 8192
2016-09-27 17:07:04,027 frameNo:35
2016-09-27 17:07:04,028 STREAM IHDR 16 13
2016-09-27 17:07:04,028 STREAM IDAT 41 8192
2016-09-27 17:07:04,135 frameNo:36
2016-09-27 17:07:04,137 STREAM IHDR 16 13
2016-09-27 17:07:04,137 STREAM IDAT 41 8192
2016-09-27 17:07:04,242 frameNo:37
2016-09-27 17:07:04,244 STREAM IHDR 16 13
2016-09-27 17:07:04,244 STREAM IDAT 41 8192
2016-09-27 17:07:04,349 frameNo:38
2016-09-27 17:07:04,350 STREAM IHDR 16 13
2016-09-27 17:07:04,350 STREAM IDAT 41 8192
2016-09-27 17:07:04,455 frameNo:39
2016-09-27 17:07:05,372 loss:0.0468147993088
2016-09-27 17:07:05,378 STREAM IHDR 16 13
2016-09-27 17:07:05,378 STREAM IDAT 41 8192
2016-09-27 17:07:05,483 frameNo:40
2016-09-27 17:07:05,485 STREAM IHDR 16 13
2016-09-27 17:07:05,485 STREAM IDAT 41 8192
2016-09-27 17:07:05,591 frameNo:41
2016-09-27 17:07:05,592 STREAM IHDR 16 13
2016-09-27 17:07:05,593 STREAM IDAT 41 8192
2016-09-27 17:07:05,699 frameNo:42
2016-09-27 17:07:05,701 STREAM IHDR 16 13
2016-09-27 17:07:05,701 STREAM IDAT 41 8192
2016-09-27 17:07:05,806 frameNo:43
2016-09-27 17:07:05,808 STREAM IHDR 16 13
2016-09-27 17:07:05,808 STREAM IDAT 41 8192
2016-09-27 17:07:05,913 frameNo:44
2016-09-27 17:07:05,915 STREAM IHDR 16 13
2016-09-27 17:07:05,915 STREAM IDAT 41 8192
2016-09-27 17:07:06,023 frameNo:45
2016-09-27 17:07:06,038 STREAM IHDR 16 13
2016-09-27 17:07:06,038 STREAM IDAT 41 8192
2016-09-27 17:07:06,143 frameNo:46
2016-09-27 17:07:06,145 STREAM IHDR 16 13
2016-09-27 17:07:06,145 STREAM IDAT 41 8192
2016-09-27 17:07:06,249 frameNo:47
2016-09-27 17:07:06,251 STREAM IHDR 16 13
2016-09-27 17:07:06,251 STREAM IDAT 41 8192
2016-09-27 17:07:06,358 frameNo:48
2016-09-27 17:07:06,365 STREAM IHDR 16 13
2016-09-27 17:07:06,365 STREAM IDAT 41 8192
2016-09-27 17:07:06,469 frameNo:49
2016-09-27 17:07:07,385 loss:0.0395590923727
2016-09-27 17:07:07,387 STREAM IHDR 16 13
2016-09-27 17:07:07,387 STREAM IDAT 41 8192
2016-09-27 17:07:07,519 frameNo:50
2016-09-27 17:07:07,522 STREAM IHDR 16 13
2016-09-27 17:07:07,522 STREAM IDAT 41 8192
2016-09-27 17:07:07,627 frameNo:51
2016-09-27 17:07:07,629 STREAM IHDR 16 13
2016-09-27 17:07:07,629 STREAM IDAT 41 8192
2016-09-27 17:07:07,735 frameNo:52
2016-09-27 17:07:07,737 STREAM IHDR 16 13
2016-09-27 17:07:07,737 STREAM IDAT 41 8192
2016-09-27 17:07:07,846 frameNo:53
2016-09-27 17:07:07,847 STREAM IHDR 16 13
2016-09-27 17:07:07,848 STREAM IDAT 41 8192
2016-09-27 17:07:07,953 frameNo:54
2016-09-27 17:07:07,954 STREAM IHDR 16 13
2016-09-27 17:07:07,955 STREAM IDAT 41 8192
2016-09-27 17:07:08,060 frameNo:55
2016-09-27 17:07:08,062 STREAM IHDR 16 13
2016-09-27 17:07:08,062 STREAM IDAT 41 8192
2016-09-27 17:07:08,166 frameNo:56
2016-09-27 17:07:08,168 STREAM IHDR 16 13
2016-09-27 17:07:08,168 STREAM IDAT 41 8192
2016-09-27 17:07:08,275 frameNo:57
2016-09-27 17:07:08,277 STREAM IHDR 16 13
2016-09-27 17:07:08,277 STREAM IDAT 41 8192
2016-09-27 17:07:08,382 frameNo:58
2016-09-27 17:07:08,383 STREAM IHDR 16 13
2016-09-27 17:07:08,384 STREAM IDAT 41 8192
2016-09-27 17:07:08,488 frameNo:59
2016-09-27 17:07:10,329 loss:0.0360254049301
2016-09-27 17:07:10,331 STREAM IHDR 16 13
2016-09-27 17:07:10,331 STREAM IDAT 41 8192
2016-09-27 17:07:10,463 frameNo:60
2016-09-27 17:07:10,466 STREAM IHDR 16 13
2016-09-27 17:07:10,466 STREAM IDAT 41 8192
2016-09-27 17:07:10,599 frameNo:61
2016-09-27 17:07:10,601 STREAM IHDR 16 13
2016-09-27 17:07:10,601 STREAM IDAT 41 8192
2016-09-27 17:07:10,734 frameNo:62
2016-09-27 17:07:10,736 STREAM IHDR 16 13
2016-09-27 17:07:10,736 STREAM IDAT 41 8192
2016-09-27 17:07:10,842 frameNo:63
2016-09-27 17:07:10,844 STREAM IHDR 16 13
2016-09-27 17:07:10,844 STREAM IDAT 41 8192
2016-09-27 17:07:10,951 frameNo:64
2016-09-27 17:07:10,953 STREAM IHDR 16 13
2016-09-27 17:07:10,953 STREAM IDAT 41 8192
2016-09-27 17:07:11,059 frameNo:65
2016-09-27 17:07:11,061 STREAM IHDR 16 13
2016-09-27 17:07:11,061 STREAM IDAT 41 8192
2016-09-27 17:07:11,166 frameNo:66
2016-09-27 17:07:11,168 STREAM IHDR 16 13
2016-09-27 17:07:11,168 STREAM IDAT 41 8192
2016-09-27 17:07:11,273 frameNo:67
2016-09-27 17:07:11,275 STREAM IHDR 16 13
2016-09-27 17:07:11,275 STREAM IDAT 41 8192
2016-09-27 17:07:11,383 frameNo:68
2016-09-27 17:07:11,391 STREAM IHDR 16 13
2016-09-27 17:07:11,391 STREAM IDAT 41 8192
2016-09-27 17:07:11,495 frameNo:69
2016-09-27 17:07:12,420 loss:0.0287089236081
2016-09-27 17:07:12,422 STREAM IHDR 16 13
2016-09-27 17:07:12,423 STREAM IDAT 41 8192
2016-09-27 17:07:12,528 frameNo:70
2016-09-27 17:07:12,530 STREAM IHDR 16 13
2016-09-27 17:07:12,530 STREAM IDAT 41 8192
2016-09-27 17:07:12,634 frameNo:71
2016-09-27 17:07:12,636 STREAM IHDR 16 13
2016-09-27 17:07:12,636 STREAM IDAT 41 8192
2016-09-27 17:07:12,741 frameNo:72
2016-09-27 17:07:12,743 STREAM IHDR 16 13
2016-09-27 17:07:12,743 STREAM IDAT 41 8192
2016-09-27 17:07:12,852 frameNo:73
2016-09-27 17:07:12,854 STREAM IHDR 16 13
2016-09-27 17:07:12,854 STREAM IDAT 41 8192
2016-09-27 17:07:12,960 frameNo:74
2016-09-27 17:07:12,962 STREAM IHDR 16 13
2016-09-27 17:07:12,962 STREAM IDAT 41 8192
2016-09-27 17:07:13,068 frameNo:75
2016-09-27 17:07:13,069 STREAM IHDR 16 13
2016-09-27 17:07:13,070 STREAM IDAT 41 8192
2016-09-27 17:07:13,178 frameNo:76
2016-09-27 17:07:13,179 STREAM IHDR 16 13
2016-09-27 17:07:13,180 STREAM IDAT 41 8192
2016-09-27 17:07:13,285 frameNo:77
2016-09-27 17:07:13,287 STREAM IHDR 16 13
2016-09-27 17:07:13,287 STREAM IDAT 41 8192
2016-09-27 17:07:13,392 frameNo:78
2016-09-27 17:07:13,394 STREAM IHDR 16 13
2016-09-27 17:07:13,394 STREAM IDAT 41 8192
2016-09-27 17:07:13,499 frameNo:79
2016-09-27 17:07:14,420 loss:0.029049962759
2016-09-27 17:07:14,422 STREAM IHDR 16 13
2016-09-27 17:07:14,422 STREAM IDAT 41 8192
2016-09-27 17:07:14,528 frameNo:80
2016-09-27 17:07:14,530 STREAM IHDR 16 13
2016-09-27 17:07:14,530 STREAM IDAT 41 8192
2016-09-27 17:07:14,635 frameNo:81
2016-09-27 17:07:14,636 STREAM IHDR 16 13
2016-09-27 17:07:14,636 STREAM IDAT 41 8192
2016-09-27 17:07:14,764 frameNo:82
2016-09-27 17:07:14,765 loss-imagelist1 : 18.3873329163 , lenghth : 83
2016-09-27 17:07:14,770 STREAM IHDR 16 13
2016-09-27 17:07:14,770 STREAM IDAT 41 8192
2016-09-27 17:07:14,807 STREAM IHDR 16 13
2016-09-27 17:07:14,807 STREAM IDAT 41 8192
2016-09-27 17:07:14,915 frameNo:1
2016-09-27 17:07:14,917 STREAM IHDR 16 13
2016-09-27 17:07:14,917 STREAM IDAT 41 8192
2016-09-27 17:07:15,023 frameNo:2
2016-09-27 17:07:15,025 STREAM IHDR 16 13
2016-09-27 17:07:15,025 STREAM IDAT 41 8192
2016-09-27 17:07:15,132 frameNo:3
2016-09-27 17:07:15,134 STREAM IHDR 16 13
2016-09-27 17:07:15,134 STREAM IDAT 41 8192
2016-09-27 17:07:15,241 frameNo:4
2016-09-27 17:07:15,243 STREAM IHDR 16 13
2016-09-27 17:07:15,243 STREAM IDAT 41 8192
2016-09-27 17:07:15,349 frameNo:5
2016-09-27 17:07:15,351 STREAM IHDR 16 13
2016-09-27 17:07:15,351 STREAM IDAT 41 8192
2016-09-27 17:07:15,458 frameNo:6
2016-09-27 17:07:15,460 STREAM IHDR 16 13
2016-09-27 17:07:15,460 STREAM IDAT 41 8192
2016-09-27 17:07:15,566 frameNo:7
2016-09-27 17:07:15,568 STREAM IHDR 16 13
2016-09-27 17:07:15,568 STREAM IDAT 41 8192
2016-09-27 17:07:15,674 frameNo:8
2016-09-27 17:07:15,675 STREAM IHDR 16 13
2016-09-27 17:07:15,675 STREAM IDAT 41 8192
2016-09-27 17:07:15,783 frameNo:9
2016-09-27 17:07:16,612 loss:0.0163971427828
2016-09-27 17:07:16,614 STREAM IHDR 16 13
2016-09-27 17:07:16,614 STREAM IDAT 41 8192
2016-09-27 17:07:16,721 frameNo:10
2016-09-27 17:07:16,722 STREAM IHDR 16 13
2016-09-27 17:07:16,722 STREAM IDAT 41 8192
2016-09-27 17:07:16,829 frameNo:11
2016-09-27 17:07:16,831 STREAM IHDR 16 13
2016-09-27 17:07:16,831 STREAM IDAT 41 8192
2016-09-27 17:07:16,936 frameNo:12
2016-09-27 17:07:16,938 STREAM IHDR 16 13
2016-09-27 17:07:16,938 STREAM IDAT 41 8192
2016-09-27 17:07:17,045 frameNo:13
2016-09-27 17:07:17,047 STREAM IHDR 16 13
2016-09-27 17:07:17,047 STREAM IDAT 41 8192
2016-09-27 17:07:17,155 frameNo:14
2016-09-27 17:07:17,157 STREAM IHDR 16 13
2016-09-27 17:07:17,157 STREAM IDAT 41 8192
2016-09-27 17:07:17,263 frameNo:15
2016-09-27 17:07:17,264 STREAM IHDR 16 13
2016-09-27 17:07:17,265 STREAM IDAT 41 8192
2016-09-27 17:07:17,371 frameNo:16
2016-09-27 17:07:17,372 STREAM IHDR 16 13
2016-09-27 17:07:17,373 STREAM IDAT 41 8192
2016-09-27 17:07:17,482 frameNo:17
2016-09-27 17:07:17,483 STREAM IHDR 16 13
2016-09-27 17:07:17,483 STREAM IDAT 41 8192
2016-09-27 17:07:17,589 frameNo:18
2016-09-27 17:07:17,591 STREAM IHDR 16 13
2016-09-27 17:07:17,591 STREAM IDAT 41 8192
2016-09-27 17:07:17,697 frameNo:19
2016-09-27 17:07:18,599 loss:0.0190407969058
2016-09-27 17:07:18,601 STREAM IHDR 16 13
2016-09-27 17:07:18,601 STREAM IDAT 41 8192
2016-09-27 17:07:18,708 frameNo:20
2016-09-27 17:07:18,710 STREAM IHDR 16 13
2016-09-27 17:07:18,711 STREAM IDAT 41 8192
2016-09-27 17:07:18,817 frameNo:21
2016-09-27 17:07:18,819 STREAM IHDR 16 13
2016-09-27 17:07:18,819 STREAM IDAT 41 8192
2016-09-27 17:07:18,926 frameNo:22
2016-09-27 17:07:18,928 STREAM IHDR 16 13
2016-09-27 17:07:18,928 STREAM IDAT 41 8192
2016-09-27 17:07:19,038 frameNo:23
2016-09-27 17:07:19,040 STREAM IHDR 16 13
2016-09-27 17:07:19,040 STREAM IDAT 41 8192
2016-09-27 17:07:19,147 frameNo:24
2016-09-27 17:07:19,148 STREAM IHDR 16 13
2016-09-27 17:07:19,148 STREAM IDAT 41 8192
2016-09-27 17:07:19,255 frameNo:25
2016-09-27 17:07:19,256 STREAM IHDR 16 13
2016-09-27 17:07:19,256 STREAM IDAT 41 8192
2016-09-27 17:07:19,365 frameNo:26
2016-09-27 17:07:19,367 STREAM IHDR 16 13
2016-09-27 17:07:19,367 STREAM IDAT 41 8192
2016-09-27 17:07:19,473 frameNo:27
2016-09-27 17:07:19,475 STREAM IHDR 16 13
2016-09-27 17:07:19,475 STREAM IDAT 41 8192
2016-09-27 17:07:19,582 frameNo:28
2016-09-27 17:07:19,584 STREAM IHDR 16 13
2016-09-27 17:07:19,584 STREAM IDAT 41 8192
2016-09-27 17:07:19,692 frameNo:29
2016-09-27 17:07:20,603 loss:0.0448898784816
2016-09-27 17:07:20,606 STREAM IHDR 16 13
2016-09-27 17:07:20,606 STREAM IDAT 41 8192
2016-09-27 17:07:20,714 frameNo:30
2016-09-27 17:07:20,716 STREAM IHDR 16 13
2016-09-27 17:07:20,716 STREAM IDAT 41 8192
2016-09-27 17:07:20,823 frameNo:31
2016-09-27 17:07:20,825 STREAM IHDR 16 13
2016-09-27 17:07:20,825 STREAM IDAT 41 8192
2016-09-27 17:07:20,953 frameNo:32
2016-09-27 17:07:20,955 STREAM IHDR 16 13
2016-09-27 17:07:20,956 STREAM IDAT 41 8192
2016-09-27 17:07:21,064 frameNo:33
2016-09-27 17:07:21,065 STREAM IHDR 16 13
2016-09-27 17:07:21,066 STREAM IDAT 41 8192
2016-09-27 17:07:21,172 frameNo:34
2016-09-27 17:07:21,174 STREAM IHDR 16 13
2016-09-27 17:07:21,174 STREAM IDAT 41 8192
2016-09-27 17:07:21,283 frameNo:35
2016-09-27 17:07:21,285 STREAM IHDR 16 13
2016-09-27 17:07:21,285 STREAM IDAT 41 8192
2016-09-27 17:07:21,391 frameNo:36
2016-09-27 17:07:21,393 STREAM IHDR 16 13
2016-09-27 17:07:21,393 STREAM IDAT 41 8192
2016-09-27 17:07:21,500 frameNo:37
2016-09-27 17:07:21,501 STREAM IHDR 16 13
2016-09-27 17:07:21,501 STREAM IDAT 41 8192
2016-09-27 17:07:21,609 frameNo:38
2016-09-27 17:07:21,611 STREAM IHDR 16 13
2016-09-27 17:07:21,611 STREAM IDAT 41 8192
2016-09-27 17:07:21,717 frameNo:39
2016-09-27 17:07:22,628 loss:0.129902824759
2016-09-27 17:07:22,630 STREAM IHDR 16 13
2016-09-27 17:07:22,630 STREAM IDAT 41 8192
2016-09-27 17:07:22,738 frameNo:40
2016-09-27 17:07:22,739 STREAM IHDR 16 13
2016-09-27 17:07:22,739 STREAM IDAT 41 8192
2016-09-27 17:07:22,852 frameNo:41
2016-09-27 17:07:22,854 STREAM IHDR 16 13
2016-09-27 17:07:22,854 STREAM IDAT 41 8192
2016-09-27 17:07:22,965 frameNo:42
2016-09-27 17:07:22,967 STREAM IHDR 16 13
2016-09-27 17:07:22,967 STREAM IDAT 41 8192
2016-09-27 17:07:23,075 frameNo:43
2016-09-27 17:07:23,077 STREAM IHDR 16 13
2016-09-27 17:07:23,077 STREAM IDAT 41 8192
2016-09-27 17:07:23,184 frameNo:44
2016-09-27 17:07:23,186 STREAM IHDR 16 13
2016-09-27 17:07:23,186 STREAM IDAT 41 8192
2016-09-27 17:07:23,295 frameNo:45
2016-09-27 17:07:23,296 STREAM IHDR 16 13
2016-09-27 17:07:23,297 STREAM IDAT 41 8192
2016-09-27 17:07:23,403 frameNo:46
2016-09-27 17:07:23,405 STREAM IHDR 16 13
2016-09-27 17:07:23,405 STREAM IDAT 41 8192
2016-09-27 17:07:23,512 frameNo:47
2016-09-27 17:07:23,513 STREAM IHDR 16 13
2016-09-27 17:07:23,513 STREAM IDAT 41 8192
2016-09-27 17:07:23,620 frameNo:48
2016-09-27 17:07:23,622 STREAM IHDR 16 13
2016-09-27 17:07:23,622 STREAM IDAT 41 8192
2016-09-27 17:07:23,730 frameNo:49
2016-09-27 17:07:24,661 loss:0.14809449017
2016-09-27 17:07:24,663 STREAM IHDR 16 13
2016-09-27 17:07:24,664 STREAM IDAT 41 8192
2016-09-27 17:07:24,770 frameNo:50
2016-09-27 17:07:24,772 STREAM IHDR 16 13
2016-09-27 17:07:24,772 STREAM IDAT 41 8192
2016-09-27 17:07:24,880 frameNo:51
2016-09-27 17:07:24,882 STREAM IHDR 16 13
2016-09-27 17:07:24,882 STREAM IDAT 41 8192
2016-09-27 17:07:24,989 frameNo:52
2016-09-27 17:07:24,991 STREAM IHDR 16 13
2016-09-27 17:07:24,991 STREAM IDAT 41 8192
2016-09-27 17:07:25,098 frameNo:53
2016-09-27 17:07:25,099 STREAM IHDR 16 13
2016-09-27 17:07:25,100 STREAM IDAT 41 8192
2016-09-27 17:07:25,209 frameNo:54
2016-09-27 17:07:25,230 STREAM IHDR 16 13
2016-09-27 17:07:25,231 STREAM IDAT 41 8192
2016-09-27 17:07:25,337 frameNo:55
2016-09-27 17:07:25,338 STREAM IHDR 16 13
2016-09-27 17:07:25,339 STREAM IDAT 41 8192
2016-09-27 17:07:25,445 frameNo:56
2016-09-27 17:07:25,447 STREAM IHDR 16 13
2016-09-27 17:07:25,447 STREAM IDAT 41 8192
2016-09-27 17:07:25,557 frameNo:57
2016-09-27 17:07:25,559 STREAM IHDR 16 13
2016-09-27 17:07:25,559 STREAM IDAT 41 8192
2016-09-27 17:07:25,665 frameNo:58
2016-09-27 17:07:25,668 STREAM IHDR 16 13
2016-09-27 17:07:25,668 STREAM IDAT 41 8192
2016-09-27 17:07:25,775 frameNo:59
2016-09-27 17:07:26,691 loss:0.132036283612
2016-09-27 17:07:26,927 STREAM IHDR 16 13
2016-09-27 17:07:26,927 STREAM IDAT 41 8192
2016-09-27 17:07:27,062 frameNo:60
2016-09-27 17:07:27,148 STREAM IHDR 16 13
2016-09-27 17:07:27,148 STREAM IDAT 41 8192
2016-09-27 17:07:27,282 frameNo:61
2016-09-27 17:07:27,351 STREAM IHDR 16 13
2016-09-27 17:07:27,351 STREAM IDAT 41 8192
2016-09-27 17:07:27,485 frameNo:62
2016-09-27 17:07:27,545 STREAM IHDR 16 13
2016-09-27 17:07:27,545 STREAM IDAT 41 8192
2016-09-27 17:07:27,717 frameNo:63
2016-09-27 17:07:27,778 STREAM IHDR 16 13
2016-09-27 17:07:27,779 STREAM IDAT 41 8192
2016-09-27 17:07:27,914 frameNo:64
2016-09-27 17:07:27,979 STREAM IHDR 16 13
2016-09-27 17:07:27,980 STREAM IDAT 41 8192
2016-09-27 17:07:28,114 frameNo:65
2016-09-27 17:07:28,178 STREAM IHDR 16 13
2016-09-27 17:07:28,179 STREAM IDAT 41 8192
2016-09-27 17:07:28,315 frameNo:66
2016-09-27 17:07:28,376 STREAM IHDR 16 13
2016-09-27 17:07:28,376 STREAM IDAT 41 8192
2016-09-27 17:07:28,510 frameNo:67
2016-09-27 17:07:28,601 STREAM IHDR 16 13
2016-09-27 17:07:28,601 STREAM IDAT 41 8192
2016-09-27 17:07:28,737 frameNo:68
2016-09-27 17:07:28,809 STREAM IHDR 16 13
2016-09-27 17:07:28,809 STREAM IDAT 41 8192
2016-09-27 17:07:28,945 frameNo:69
2016-09-27 17:07:29,857 loss:0.0206684675068
2016-09-27 17:07:30,241 STREAM IHDR 16 13
2016-09-27 17:07:30,242 STREAM IDAT 41 8192
2016-09-27 17:07:30,375 frameNo:70
2016-09-27 17:07:30,698 STREAM IHDR 16 13
2016-09-27 17:07:30,699 STREAM IDAT 41 8192
2016-09-27 17:07:30,832 frameNo:71
2016-09-27 17:07:30,899 STREAM IHDR 16 13
2016-09-27 17:07:30,900 STREAM IDAT 41 8192
2016-09-27 17:07:31,034 frameNo:72
2016-09-27 17:07:31,367 STREAM IHDR 16 13
2016-09-27 17:07:31,367 STREAM IDAT 41 8192
2016-09-27 17:07:31,501 frameNo:73
2016-09-27 17:07:31,585 STREAM IHDR 16 13
2016-09-27 17:07:31,585 STREAM IDAT 41 8192
2016-09-27 17:07:31,722 frameNo:74
2016-09-27 17:07:31,804 STREAM IHDR 16 13
2016-09-27 17:07:31,804 STREAM IDAT 41 8192
2016-09-27 17:07:31,938 frameNo:75
2016-09-27 17:07:32,034 STREAM IHDR 16 13
2016-09-27 17:07:32,034 STREAM IDAT 41 8192
2016-09-27 17:07:32,167 frameNo:76
2016-09-27 17:07:32,242 STREAM IHDR 16 13
2016-09-27 17:07:32,242 STREAM IDAT 41 8192
2016-09-27 17:07:32,378 frameNo:77
2016-09-27 17:07:32,488 STREAM IHDR 16 13
2016-09-27 17:07:32,488 STREAM IDAT 41 8192
2016-09-27 17:07:32,621 frameNo:78
2016-09-27 17:07:32,688 STREAM IHDR 16 13
2016-09-27 17:07:32,688 STREAM IDAT 41 8192
2016-09-27 17:07:32,821 frameNo:79
2016-09-27 17:07:33,756 loss:0.0486135706306
2016-09-27 17:07:33,854 STREAM IHDR 16 13
2016-09-27 17:07:33,854 STREAM IDAT 41 8192
2016-09-27 17:07:33,957 frameNo:80
2016-09-27 17:07:34,034 STREAM IHDR 16 13
2016-09-27 17:07:34,034 STREAM IDAT 41 8192
2016-09-27 17:07:34,157 frameNo:81
2016-09-27 17:07:34,297 STREAM IHDR 16 13
2016-09-27 17:07:34,297 STREAM IDAT 41 8192
2016-09-27 17:07:34,423 frameNo:82
2016-09-27 17:07:34,575 STREAM IHDR 16 13
2016-09-27 17:07:34,575 STREAM IDAT 41 8192
2016-09-27 17:07:34,709 frameNo:83
2016-09-27 17:07:34,800 STREAM IHDR 16 13
2016-09-27 17:07:34,800 STREAM IDAT 41 8192
2016-09-27 17:07:34,933 frameNo:84
2016-09-27 17:07:35,134 STREAM IHDR 16 13
2016-09-27 17:07:35,134 STREAM IDAT 41 8192
2016-09-27 17:07:35,267 frameNo:85
2016-09-27 17:07:35,319 STREAM IHDR 16 13
2016-09-27 17:07:35,320 STREAM IDAT 41 8192
2016-09-27 17:07:35,457 frameNo:86
2016-09-27 17:07:35,537 STREAM IHDR 16 13
2016-09-27 17:07:35,538 STREAM IDAT 41 8192
2016-09-27 17:07:35,670 frameNo:87
2016-09-27 17:07:35,900 STREAM IHDR 16 13
2016-09-27 17:07:35,901 STREAM IDAT 41 8192
2016-09-27 17:07:36,039 frameNo:88
2016-09-27 17:07:36,340 STREAM IHDR 16 13
2016-09-27 17:07:36,340 STREAM IDAT 41 8192
2016-09-27 17:07:36,475 frameNo:89
2016-09-27 17:07:37,451 loss:0.026228658855
2016-09-27 17:07:37,523 STREAM IHDR 16 13
2016-09-27 17:07:37,524 STREAM IDAT 41 8192
2016-09-27 17:07:37,632 frameNo:90
2016-09-27 17:07:37,795 STREAM IHDR 16 13
2016-09-27 17:07:37,795 STREAM IDAT 41 8192
2016-09-27 17:07:37,904 frameNo:91
2016-09-27 17:07:37,921 STREAM IHDR 16 13
2016-09-27 17:07:37,922 STREAM IDAT 41 8192
2016-09-27 17:07:38,038 frameNo:92
2016-09-27 17:07:38,093 STREAM IHDR 16 13
2016-09-27 17:07:38,094 STREAM IDAT 41 8192
2016-09-27 17:07:38,227 frameNo:93
2016-09-27 17:07:38,322 STREAM IHDR 16 13
2016-09-27 17:07:38,322 STREAM IDAT 41 8192
2016-09-27 17:07:38,459 frameNo:94
2016-09-27 17:07:38,543 STREAM IHDR 16 13
2016-09-27 17:07:38,544 STREAM IDAT 41 8192
2016-09-27 17:07:38,709 frameNo:95
2016-09-27 17:07:38,814 STREAM IHDR 16 13
2016-09-27 17:07:38,815 STREAM IDAT 41 8192
2016-09-27 17:07:38,949 frameNo:96
2016-09-27 17:07:38,971 STREAM IHDR 16 13
2016-09-27 17:07:38,972 STREAM IDAT 41 8192
2016-09-27 17:07:39,106 frameNo:97
2016-09-27 17:07:39,188 STREAM IHDR 16 13
2016-09-27 17:07:39,189 STREAM IDAT 41 8192
2016-09-27 17:07:39,324 frameNo:98
2016-09-27 17:07:39,344 STREAM IHDR 16 13
2016-09-27 17:07:39,344 STREAM IDAT 41 8192
2016-09-27 17:07:39,477 frameNo:99
2016-09-27 17:07:40,399 loss:0.0223757326603
2016-09-27 17:07:40,485 STREAM IHDR 16 13
2016-09-27 17:07:40,485 STREAM IDAT 41 8192
2016-09-27 17:07:40,593 frameNo:100
2016-09-27 17:07:40,649 STREAM IHDR 16 13
2016-09-27 17:07:40,649 STREAM IDAT 41 8192
2016-09-27 17:07:40,757 frameNo:101
2016-09-27 17:07:40,850 STREAM IHDR 16 13
2016-09-27 17:07:40,850 STREAM IDAT 41 8192
2016-09-27 17:07:40,961 frameNo:102
2016-09-27 17:07:41,030 STREAM IHDR 16 13
2016-09-27 17:07:41,031 STREAM IDAT 41 8192
2016-09-27 17:07:41,164 frameNo:103
2016-09-27 17:07:41,225 STREAM IHDR 16 13
2016-09-27 17:07:41,225 STREAM IDAT 41 8192
2016-09-27 17:07:41,358 frameNo:104
2016-09-27 17:07:41,419 STREAM IHDR 16 13
2016-09-27 17:07:41,419 STREAM IDAT 41 8192
2016-09-27 17:07:41,554 frameNo:105
2016-09-27 17:07:41,637 STREAM IHDR 16 13
2016-09-27 17:07:41,637 STREAM IDAT 41 8192
2016-09-27 17:07:41,769 frameNo:106
2016-09-27 17:07:41,849 STREAM IHDR 16 13
2016-09-27 17:07:41,850 STREAM IDAT 41 8192
2016-09-27 17:07:41,982 frameNo:107
2016-09-27 17:07:42,044 STREAM IHDR 16 13
2016-09-27 17:07:42,044 STREAM IDAT 41 8192
2016-09-27 17:07:42,176 frameNo:108
2016-09-27 17:07:42,252 STREAM IHDR 16 13
2016-09-27 17:07:42,253 STREAM IDAT 41 8192
2016-09-27 17:07:42,387 frameNo:109
2016-09-27 17:07:43,299 loss:0.0564120002091
2016-09-27 17:07:43,374 STREAM IHDR 16 13
2016-09-27 17:07:43,374 STREAM IDAT 41 8192
2016-09-27 17:07:43,476 frameNo:110
2016-09-27 17:07:43,543 STREAM IHDR 16 13
2016-09-27 17:07:43,544 STREAM IDAT 41 8192
2016-09-27 17:07:43,652 frameNo:111
2016-09-27 17:07:43,720 STREAM IHDR 16 13
2016-09-27 17:07:43,720 STREAM IDAT 41 8192
2016-09-27 17:07:43,827 frameNo:112
2016-09-27 17:07:43,879 STREAM IHDR 16 13
2016-09-27 17:07:43,879 STREAM IDAT 41 8192
2016-09-27 17:07:43,987 frameNo:113
2016-09-27 17:07:44,163 STREAM IHDR 16 13
2016-09-27 17:07:44,163 STREAM IDAT 41 8192
2016-09-27 17:07:44,297 frameNo:114
2016-09-27 17:07:44,352 STREAM IHDR 16 13
2016-09-27 17:07:44,352 STREAM IDAT 41 8192
2016-09-27 17:07:44,485 frameNo:115
2016-09-27 17:07:44,534 STREAM IHDR 16 13
2016-09-27 17:07:44,534 STREAM IDAT 41 8192
2016-09-27 17:07:44,665 frameNo:116
2016-09-27 17:07:44,717 STREAM IHDR 16 13
2016-09-27 17:07:44,717 STREAM IDAT 41 8192
2016-09-27 17:07:44,851 frameNo:117
2016-09-27 17:07:44,918 STREAM IHDR 16 13
2016-09-27 17:07:44,918 STREAM IDAT 41 8192
2016-09-27 17:07:45,050 frameNo:118
2016-09-27 17:07:45,123 STREAM IHDR 16 13
2016-09-27 17:07:45,123 STREAM IDAT 41 8192
2016-09-27 17:07:45,254 frameNo:119
2016-09-27 17:07:46,212 loss:0.13173532486
2016-09-27 17:07:46,276 STREAM IHDR 16 13
2016-09-27 17:07:46,276 STREAM IDAT 41 8192
2016-09-27 17:07:46,377 frameNo:120
2016-09-27 17:07:46,658 STREAM IHDR 16 13
2016-09-27 17:07:46,659 STREAM IDAT 41 8192
2016-09-27 17:07:46,789 frameNo:121
2016-09-27 17:07:46,870 STREAM IHDR 16 13
2016-09-27 17:07:46,870 STREAM IDAT 41 8192
2016-09-27 17:07:47,003 frameNo:122
2016-09-27 17:07:47,062 STREAM IHDR 16 13
2016-09-27 17:07:47,063 STREAM IDAT 41 8192
2016-09-27 17:07:47,197 frameNo:123
2016-09-27 17:07:47,305 STREAM IHDR 16 13
2016-09-27 17:07:47,305 STREAM IDAT 41 8192
2016-09-27 17:07:47,436 frameNo:124
2016-09-27 17:07:47,559 STREAM IHDR 16 13
2016-09-27 17:07:47,559 STREAM IDAT 41 8192
2016-09-27 17:07:47,690 frameNo:125
2016-09-27 17:07:47,963 STREAM IHDR 16 13
2016-09-27 17:07:47,963 STREAM IDAT 41 8192
2016-09-27 17:07:48,126 frameNo:126
2016-09-27 17:07:48,146 STREAM IHDR 16 13
2016-09-27 17:07:48,146 STREAM IDAT 41 8192
2016-09-27 17:07:48,278 frameNo:127
2016-09-27 17:07:48,399 STREAM IHDR 16 13
2016-09-27 17:07:48,399 STREAM IDAT 41 8192
2016-09-27 17:07:48,531 frameNo:128
2016-09-27 17:07:48,600 STREAM IHDR 16 13
2016-09-27 17:07:48,600 STREAM IDAT 41 8192
2016-09-27 17:07:48,734 frameNo:129
2016-09-27 17:07:49,676 loss:0.0710888206959
2016-09-27 17:07:49,743 STREAM IHDR 16 13
2016-09-27 17:07:49,743 STREAM IDAT 41 8192
2016-09-27 17:07:49,845 frameNo:130
2016-09-27 17:07:49,904 STREAM IHDR 16 13
2016-09-27 17:07:49,904 STREAM IDAT 41 8192
2016-09-27 17:07:50,007 frameNo:131
2016-09-27 17:07:50,094 STREAM IHDR 16 13
2016-09-27 17:07:50,095 STREAM IDAT 41 8192
2016-09-27 17:07:50,209 frameNo:132
2016-09-27 17:07:50,335 STREAM IHDR 16 13
2016-09-27 17:07:50,335 STREAM IDAT 41 8192
2016-09-27 17:07:50,449 frameNo:133
2016-09-27 17:07:50,506 STREAM IHDR 16 13
2016-09-27 17:07:50,507 STREAM IDAT 41 8192
2016-09-27 17:07:50,641 frameNo:134
2016-09-27 17:07:50,701 STREAM IHDR 16 13
2016-09-27 17:07:50,701 STREAM IDAT 41 8192
2016-09-27 17:07:50,832 frameNo:135
2016-09-27 17:07:50,926 STREAM IHDR 16 13
2016-09-27 17:07:50,926 STREAM IDAT 41 8192
2016-09-27 17:07:51,058 frameNo:136
2016-09-27 17:07:51,148 STREAM IHDR 16 13
2016-09-27 17:07:51,148 STREAM IDAT 41 8192
2016-09-27 17:07:51,282 frameNo:137
2016-09-27 17:07:51,357 STREAM IHDR 16 13
2016-09-27 17:07:51,357 STREAM IDAT 41 8192
2016-09-27 17:07:51,488 frameNo:138
2016-09-27 17:07:51,633 STREAM IHDR 16 13
2016-09-27 17:07:51,633 STREAM IDAT 41 8192
2016-09-27 17:07:51,764 frameNo:139
2016-09-27 17:07:52,715 loss:0.0270320232958
2016-09-27 17:07:52,795 STREAM IHDR 16 13
2016-09-27 17:07:52,796 STREAM IDAT 41 8192
2016-09-27 17:07:52,935 frameNo:140
2016-09-27 17:07:53,185 STREAM IHDR 16 13
2016-09-27 17:07:53,185 STREAM IDAT 41 8192
2016-09-27 17:07:53,317 frameNo:141
2016-09-27 17:07:53,501 STREAM IHDR 16 13
2016-09-27 17:07:53,501 STREAM IDAT 41 8192
2016-09-27 17:07:53,633 frameNo:142
2016-09-27 17:07:53,725 STREAM IHDR 16 13
2016-09-27 17:07:53,725 STREAM IDAT 41 8192
2016-09-27 17:07:53,860 frameNo:143
2016-09-27 17:07:53,965 STREAM IHDR 16 13
2016-09-27 17:07:53,965 STREAM IDAT 41 8192
2016-09-27 17:07:54,096 frameNo:144
2016-09-27 17:07:54,185 STREAM IHDR 16 13
2016-09-27 17:07:54,185 STREAM IDAT 41 8192
2016-09-27 17:07:54,317 frameNo:145
2016-09-27 17:07:54,386 STREAM IHDR 16 13
2016-09-27 17:07:54,386 STREAM IDAT 41 8192
2016-09-27 17:07:54,520 frameNo:146
2016-09-27 17:07:54,599 STREAM IHDR 16 13
2016-09-27 17:07:54,600 STREAM IDAT 41 8192
2016-09-27 17:07:54,731 frameNo:147
2016-09-27 17:07:54,792 STREAM IHDR 16 13
2016-09-27 17:07:54,792 STREAM IDAT 41 8192
2016-09-27 17:07:54,923 frameNo:148
2016-09-27 17:07:55,009 STREAM IHDR 16 13
2016-09-27 17:07:55,010 STREAM IDAT 41 8192
2016-09-27 17:07:55,143 frameNo:149
2016-09-27 17:07:56,075 loss:0.057122413069
2016-09-27 17:07:56,698 STREAM IHDR 16 13
2016-09-27 17:07:56,698 STREAM IDAT 41 8192
2016-09-27 17:07:56,828 frameNo:150
2016-09-27 17:07:56,992 STREAM IHDR 16 13
2016-09-27 17:07:56,992 STREAM IDAT 41 8192
2016-09-27 17:07:57,125 frameNo:151
2016-09-27 17:07:57,236 STREAM IHDR 16 13
2016-09-27 17:07:57,236 STREAM IDAT 41 8192
2016-09-27 17:07:57,367 frameNo:152
2016-09-27 17:07:57,446 STREAM IHDR 16 13
2016-09-27 17:07:57,447 STREAM IDAT 41 8192
2016-09-27 17:07:57,579 frameNo:153
2016-09-27 17:07:57,654 STREAM IHDR 16 13
2016-09-27 17:07:57,655 STREAM IDAT 41 8192
2016-09-27 17:07:57,786 frameNo:154
2016-09-27 17:07:57,855 STREAM IHDR 16 13
2016-09-27 17:07:57,856 STREAM IDAT 41 8192
2016-09-27 17:07:57,990 frameNo:155
2016-09-27 17:07:58,169 STREAM IHDR 16 13
2016-09-27 17:07:58,170 STREAM IDAT 41 8192
2016-09-27 17:07:58,300 frameNo:156
2016-09-27 17:07:58,391 STREAM IHDR 16 13
2016-09-27 17:07:58,391 STREAM IDAT 41 8192
2016-09-27 17:07:58,522 frameNo:157
2016-09-27 17:07:58,623 STREAM IHDR 16 13
2016-09-27 17:07:58,624 STREAM IDAT 41 8192
2016-09-27 17:07:58,799 frameNo:158
2016-09-27 17:07:58,897 STREAM IHDR 16 13
2016-09-27 17:07:58,898 STREAM IDAT 41 8192
2016-09-27 17:07:59,030 frameNo:159
2016-09-27 17:07:59,957 loss:0.0911464840174
2016-09-27 17:07:59,958 loss-imagelist2 : 53.6022872925 , lenghth : 160
2016-09-27 17:08:00,061 STREAM IHDR 16 13
2016-09-27 17:08:00,062 STREAM IDAT 41 8192
2016-09-27 17:08:00,206 STREAM IHDR 16 13
2016-09-27 17:08:00,206 STREAM IDAT 41 8192
2016-09-27 17:08:00,309 frameNo:1
2016-09-27 17:08:00,398 STREAM IHDR 16 13
2016-09-27 17:08:00,398 STREAM IDAT 41 8192
2016-09-27 17:08:00,502 frameNo:2
2016-09-27 17:08:00,617 STREAM IHDR 16 13
2016-09-27 17:08:00,618 STREAM IDAT 41 8192
2016-09-27 17:08:00,749 frameNo:3
2016-09-27 17:08:00,819 STREAM IHDR 16 13
2016-09-27 17:08:00,819 STREAM IDAT 41 8192
2016-09-27 17:08:00,955 frameNo:4
2016-09-27 17:08:01,042 STREAM IHDR 16 13
2016-09-27 17:08:01,042 STREAM IDAT 41 8192
2016-09-27 17:08:01,175 frameNo:5
2016-09-27 17:08:01,281 STREAM IHDR 16 13
2016-09-27 17:08:01,282 STREAM IDAT 41 8192
2016-09-27 17:08:01,414 frameNo:6
2016-09-27 17:08:01,509 STREAM IHDR 16 13
2016-09-27 17:08:01,509 STREAM IDAT 41 8192
2016-09-27 17:08:01,645 frameNo:7
2016-09-27 17:08:01,850 STREAM IHDR 16 13
2016-09-27 17:08:01,850 STREAM IDAT 41 8192
2016-09-27 17:08:01,983 frameNo:8
2016-09-27 17:08:02,144 STREAM IHDR 16 13
2016-09-27 17:08:02,145 STREAM IDAT 41 8192
2016-09-27 17:08:02,278 frameNo:9
2016-09-27 17:08:03,118 loss:0.0612026192248
2016-09-27 17:08:03,219 STREAM IHDR 16 13
2016-09-27 17:08:03,219 STREAM IDAT 41 8192
2016-09-27 17:08:03,322 frameNo:10
2016-09-27 17:08:03,387 STREAM IHDR 16 13
2016-09-27 17:08:03,387 STREAM IDAT 41 8192
2016-09-27 17:08:03,491 frameNo:11
2016-09-27 17:08:03,556 STREAM IHDR 16 13
2016-09-27 17:08:03,556 STREAM IDAT 41 8192
2016-09-27 17:08:03,693 frameNo:12
2016-09-27 17:08:03,748 STREAM IHDR 16 13
2016-09-27 17:08:03,748 STREAM IDAT 41 8192
2016-09-27 17:08:03,882 frameNo:13
2016-09-27 17:08:03,962 STREAM IHDR 16 13
2016-09-27 17:08:03,963 STREAM IDAT 41 8192
2016-09-27 17:08:04,095 frameNo:14
2016-09-27 17:08:04,175 STREAM IHDR 16 13
2016-09-27 17:08:04,175 STREAM IDAT 41 8192
2016-09-27 17:08:04,307 frameNo:15
2016-09-27 17:08:04,397 STREAM IHDR 16 13
2016-09-27 17:08:04,397 STREAM IDAT 41 8192
2016-09-27 17:08:04,534 frameNo:16
2016-09-27 17:08:04,602 STREAM IHDR 16 13
2016-09-27 17:08:04,602 STREAM IDAT 41 8192
2016-09-27 17:08:04,734 frameNo:17
2016-09-27 17:08:04,796 STREAM IHDR 16 13
2016-09-27 17:08:04,796 STREAM IDAT 41 8192
2016-09-27 17:08:04,928 frameNo:18
2016-09-27 17:08:05,010 STREAM IHDR 16 13
2016-09-27 17:08:05,010 STREAM IDAT 41 8192
2016-09-27 17:08:05,145 frameNo:19
2016-09-27 17:08:06,059 loss:0.036282658577
2016-09-27 17:08:06,142 STREAM IHDR 16 13
2016-09-27 17:08:06,143 STREAM IDAT 41 8192
2016-09-27 17:08:06,245 frameNo:20
2016-09-27 17:08:06,324 STREAM IHDR 16 13
2016-09-27 17:08:06,324 STREAM IDAT 41 8192
2016-09-27 17:08:06,429 frameNo:21
2016-09-27 17:08:06,531 STREAM IHDR 16 13
2016-09-27 17:08:06,531 STREAM IDAT 41 8192
2016-09-27 17:08:06,664 frameNo:22
2016-09-27 17:08:06,725 STREAM IHDR 16 13
2016-09-27 17:08:06,726 STREAM IDAT 41 8192
2016-09-27 17:08:06,858 frameNo:23
2016-09-27 17:08:06,915 STREAM IHDR 16 13
2016-09-27 17:08:06,915 STREAM IDAT 41 8192
2016-09-27 17:08:07,051 frameNo:24
2016-09-27 17:08:07,128 STREAM IHDR 16 13
2016-09-27 17:08:07,129 STREAM IDAT 41 8192
2016-09-27 17:08:07,261 frameNo:25
2016-09-27 17:08:07,339 STREAM IHDR 16 13
2016-09-27 17:08:07,339 STREAM IDAT 41 8192
2016-09-27 17:08:07,471 frameNo:26
2016-09-27 17:08:07,554 STREAM IHDR 16 13
2016-09-27 17:08:07,554 STREAM IDAT 41 8192
2016-09-27 17:08:07,686 frameNo:27
2016-09-27 17:08:07,748 STREAM IHDR 16 13
2016-09-27 17:08:07,748 STREAM IDAT 41 8192
2016-09-27 17:08:07,883 frameNo:28
2016-09-27 17:08:07,963 STREAM IHDR 16 13
2016-09-27 17:08:07,963 STREAM IDAT 41 8192
2016-09-27 17:08:08,096 frameNo:29
