2016-09-27 17:08:29,249 Running on a GPU
2016-09-27 17:08:29,296 STREAM IHDR 16 13
2016-09-27 17:08:29,296 STREAM IDAT 41 8192
2016-09-27 17:08:29,333 STREAM IHDR 16 13
2016-09-27 17:08:29,333 STREAM IDAT 41 8192
2016-09-27 17:08:30,667 frameNo:1
2016-09-27 17:08:30,667 save the model
2016-09-27 17:08:34,097 save the optimizer
2016-09-27 17:08:35,306 STREAM IHDR 16 13
2016-09-27 17:08:35,307 STREAM IDAT 41 8192
2016-09-27 17:08:35,500 frameNo:2
2016-09-27 17:08:35,503 STREAM IHDR 16 13
2016-09-27 17:08:35,503 STREAM IDAT 41 8192
2016-09-27 17:08:35,665 frameNo:3
2016-09-27 17:08:35,667 STREAM IHDR 16 13
2016-09-27 17:08:35,667 STREAM IDAT 41 8192
2016-09-27 17:08:35,828 frameNo:4
2016-09-27 17:08:35,830 STREAM IHDR 16 13
2016-09-27 17:08:35,830 STREAM IDAT 41 8192
2016-09-27 17:08:35,993 frameNo:5
2016-09-27 17:08:35,995 STREAM IHDR 16 13
2016-09-27 17:08:35,995 STREAM IDAT 41 8192
2016-09-27 17:08:36,161 frameNo:6
2016-09-27 17:08:36,163 STREAM IHDR 16 13
2016-09-27 17:08:36,163 STREAM IDAT 41 8192
2016-09-27 17:08:36,366 frameNo:7
2016-09-27 17:08:36,368 STREAM IHDR 16 13
2016-09-27 17:08:36,368 STREAM IDAT 41 8192
2016-09-27 17:08:36,540 frameNo:8
2016-09-27 17:08:36,542 STREAM IHDR 16 13
2016-09-27 17:08:36,542 STREAM IDAT 41 8192
2016-09-27 17:08:36,716 frameNo:9
2016-09-27 17:08:38,003 loss:0.223248630762
2016-09-27 17:08:38,014 STREAM IHDR 16 13
2016-09-27 17:08:38,014 STREAM IDAT 41 8192
2016-09-27 17:08:38,122 frameNo:10
2016-09-27 17:08:38,124 STREAM IHDR 16 13
2016-09-27 17:08:38,125 STREAM IDAT 41 8192
2016-09-27 17:08:38,231 frameNo:11
2016-09-27 17:08:38,233 STREAM IHDR 16 13
2016-09-27 17:08:38,233 STREAM IDAT 41 8192
2016-09-27 17:08:38,340 frameNo:12
2016-09-27 17:08:38,342 STREAM IHDR 16 13
2016-09-27 17:08:38,342 STREAM IDAT 41 8192
2016-09-27 17:08:38,452 frameNo:13
2016-09-27 17:08:38,454 STREAM IHDR 16 13
2016-09-27 17:08:38,454 STREAM IDAT 41 8192
2016-09-27 17:08:38,560 frameNo:14
2016-09-27 17:08:38,562 STREAM IHDR 16 13
2016-09-27 17:08:38,562 STREAM IDAT 41 8192
2016-09-27 17:08:38,677 frameNo:15
2016-09-27 17:08:38,679 STREAM IHDR 16 13
2016-09-27 17:08:38,679 STREAM IDAT 41 8192
2016-09-27 17:08:38,788 frameNo:16
2016-09-27 17:08:38,790 STREAM IHDR 16 13
2016-09-27 17:08:38,790 STREAM IDAT 41 8192
2016-09-27 17:08:38,896 frameNo:17
2016-09-27 17:08:38,898 STREAM IHDR 16 13
2016-09-27 17:08:38,898 STREAM IDAT 41 8192
2016-09-27 17:08:39,006 frameNo:18
2016-09-27 17:08:39,008 STREAM IHDR 16 13
2016-09-27 17:08:39,008 STREAM IDAT 41 8192
2016-09-27 17:08:39,177 frameNo:19
2016-09-27 17:08:40,113 loss:0.152321249247
2016-09-27 17:08:40,115 STREAM IHDR 16 13
2016-09-27 17:08:40,116 STREAM IDAT 41 8192
2016-09-27 17:08:40,222 frameNo:20
2016-09-27 17:08:40,244 STREAM IHDR 16 13
2016-09-27 17:08:40,244 STREAM IDAT 41 8192
2016-09-27 17:08:40,351 frameNo:21
2016-09-27 17:08:40,353 STREAM IHDR 16 13
2016-09-27 17:08:40,353 STREAM IDAT 41 8192
2016-09-27 17:08:40,461 frameNo:22
2016-09-27 17:08:40,463 STREAM IHDR 16 13
2016-09-27 17:08:40,463 STREAM IDAT 41 8192
2016-09-27 17:08:40,570 frameNo:23
2016-09-27 17:08:40,593 STREAM IHDR 16 13
2016-09-27 17:08:40,593 STREAM IDAT 41 8192
2016-09-27 17:08:40,700 frameNo:24
2016-09-27 17:08:40,702 STREAM IHDR 16 13
2016-09-27 17:08:40,702 STREAM IDAT 41 8192
2016-09-27 17:08:40,811 frameNo:25
2016-09-27 17:08:40,813 STREAM IHDR 16 13
2016-09-27 17:08:40,813 STREAM IDAT 41 8192
2016-09-27 17:08:40,919 frameNo:26
2016-09-27 17:08:40,921 STREAM IHDR 16 13
2016-09-27 17:08:40,921 STREAM IDAT 41 8192
2016-09-27 17:08:41,027 frameNo:27
2016-09-27 17:08:41,029 STREAM IHDR 16 13
2016-09-27 17:08:41,029 STREAM IDAT 41 8192
2016-09-27 17:08:41,137 frameNo:28
2016-09-27 17:08:41,139 STREAM IHDR 16 13
2016-09-27 17:08:41,139 STREAM IDAT 41 8192
2016-09-27 17:08:41,244 frameNo:29
2016-09-27 17:08:42,159 loss:0.0680379420519
2016-09-27 17:08:42,161 STREAM IHDR 16 13
2016-09-27 17:08:42,161 STREAM IDAT 41 8192
2016-09-27 17:08:42,267 frameNo:30
2016-09-27 17:08:42,269 STREAM IHDR 16 13
2016-09-27 17:08:42,270 STREAM IDAT 41 8192
2016-09-27 17:08:42,376 frameNo:31
2016-09-27 17:08:42,378 STREAM IHDR 16 13
2016-09-27 17:08:42,378 STREAM IDAT 41 8192
2016-09-27 17:08:42,483 frameNo:32
2016-09-27 17:08:42,485 STREAM IHDR 16 13
2016-09-27 17:08:42,485 STREAM IDAT 41 8192
2016-09-27 17:08:42,596 frameNo:33
2016-09-27 17:08:42,598 STREAM IHDR 16 13
2016-09-27 17:08:42,598 STREAM IDAT 41 8192
2016-09-27 17:08:42,704 frameNo:34
2016-09-27 17:08:42,706 STREAM IHDR 16 13
2016-09-27 17:08:42,706 STREAM IDAT 41 8192
2016-09-27 17:08:42,812 frameNo:35
2016-09-27 17:08:42,814 STREAM IHDR 16 13
2016-09-27 17:08:42,814 STREAM IDAT 41 8192
2016-09-27 17:08:42,920 frameNo:36
2016-09-27 17:08:42,924 STREAM IHDR 16 13
2016-09-27 17:08:42,924 STREAM IDAT 41 8192
2016-09-27 17:08:43,069 frameNo:37
2016-09-27 17:08:43,071 STREAM IHDR 16 13
2016-09-27 17:08:43,072 STREAM IDAT 41 8192
2016-09-27 17:08:43,180 frameNo:38
2016-09-27 17:08:43,182 STREAM IHDR 16 13
2016-09-27 17:08:43,182 STREAM IDAT 41 8192
2016-09-27 17:08:43,289 frameNo:39
2016-09-27 17:08:44,219 loss:0.0641845241189
2016-09-27 17:08:44,221 STREAM IHDR 16 13
2016-09-27 17:08:44,222 STREAM IDAT 41 8192
2016-09-27 17:08:44,327 frameNo:40
2016-09-27 17:08:44,329 STREAM IHDR 16 13
2016-09-27 17:08:44,329 STREAM IDAT 41 8192
2016-09-27 17:08:44,436 frameNo:41
2016-09-27 17:08:44,437 STREAM IHDR 16 13
2016-09-27 17:08:44,438 STREAM IDAT 41 8192
2016-09-27 17:08:44,543 frameNo:42
2016-09-27 17:08:44,545 STREAM IHDR 16 13
2016-09-27 17:08:44,545 STREAM IDAT 41 8192
2016-09-27 17:08:44,651 frameNo:43
2016-09-27 17:08:44,652 STREAM IHDR 16 13
2016-09-27 17:08:44,653 STREAM IDAT 41 8192
2016-09-27 17:08:44,758 frameNo:44
2016-09-27 17:08:44,760 STREAM IHDR 16 13
2016-09-27 17:08:44,760 STREAM IDAT 41 8192
2016-09-27 17:08:44,869 frameNo:45
2016-09-27 17:08:44,871 STREAM IHDR 16 13
2016-09-27 17:08:44,871 STREAM IDAT 41 8192
2016-09-27 17:08:44,976 frameNo:46
2016-09-27 17:08:44,978 STREAM IHDR 16 13
2016-09-27 17:08:44,979 STREAM IDAT 41 8192
2016-09-27 17:08:45,084 frameNo:47
2016-09-27 17:08:45,085 STREAM IHDR 16 13
2016-09-27 17:08:45,086 STREAM IDAT 41 8192
2016-09-27 17:08:45,194 frameNo:48
2016-09-27 17:08:45,195 STREAM IHDR 16 13
2016-09-27 17:08:45,196 STREAM IDAT 41 8192
2016-09-27 17:08:45,301 frameNo:49
2016-09-27 17:08:46,212 loss:0.061028778553
2016-09-27 17:08:46,215 STREAM IHDR 16 13
2016-09-27 17:08:46,215 STREAM IDAT 41 8192
2016-09-27 17:08:46,322 frameNo:50
2016-09-27 17:08:46,323 STREAM IHDR 16 13
2016-09-27 17:08:46,324 STREAM IDAT 41 8192
2016-09-27 17:08:46,430 frameNo:51
2016-09-27 17:08:46,432 STREAM IHDR 16 13
2016-09-27 17:08:46,432 STREAM IDAT 41 8192
2016-09-27 17:08:46,538 frameNo:52
2016-09-27 17:08:46,539 STREAM IHDR 16 13
2016-09-27 17:08:46,540 STREAM IDAT 41 8192
2016-09-27 17:08:46,648 frameNo:53
2016-09-27 17:08:46,649 STREAM IHDR 16 13
2016-09-27 17:08:46,649 STREAM IDAT 41 8192
2016-09-27 17:08:46,756 frameNo:54
2016-09-27 17:08:46,757 STREAM IHDR 16 13
2016-09-27 17:08:46,757 STREAM IDAT 41 8192
2016-09-27 17:08:46,863 frameNo:55
2016-09-27 17:08:46,865 STREAM IHDR 16 13
2016-09-27 17:08:46,865 STREAM IDAT 41 8192
2016-09-27 17:08:46,971 frameNo:56
2016-09-27 17:08:46,972 STREAM IHDR 16 13
2016-09-27 17:08:46,973 STREAM IDAT 41 8192
2016-09-27 17:08:47,081 frameNo:57
2016-09-27 17:08:47,083 STREAM IHDR 16 13
2016-09-27 17:08:47,083 STREAM IDAT 41 8192
2016-09-27 17:08:47,190 frameNo:58
2016-09-27 17:08:47,192 STREAM IHDR 16 13
2016-09-27 17:08:47,192 STREAM IDAT 41 8192
2016-09-27 17:08:47,297 frameNo:59
2016-09-27 17:08:48,214 loss:0.0713497176766
2016-09-27 17:08:48,217 STREAM IHDR 16 13
2016-09-27 17:08:48,217 STREAM IDAT 41 8192
2016-09-27 17:08:48,323 frameNo:60
2016-09-27 17:08:48,324 STREAM IHDR 16 13
2016-09-27 17:08:48,325 STREAM IDAT 41 8192
2016-09-27 17:08:48,431 frameNo:61
2016-09-27 17:08:48,433 STREAM IHDR 16 13
2016-09-27 17:08:48,433 STREAM IDAT 41 8192
2016-09-27 17:08:48,542 frameNo:62
2016-09-27 17:08:48,544 STREAM IHDR 16 13
2016-09-27 17:08:48,544 STREAM IDAT 41 8192
2016-09-27 17:08:48,650 frameNo:63
2016-09-27 17:08:48,651 STREAM IHDR 16 13
2016-09-27 17:08:48,652 STREAM IDAT 41 8192
2016-09-27 17:08:48,758 frameNo:64
2016-09-27 17:08:48,760 STREAM IHDR 16 13
2016-09-27 17:08:48,760 STREAM IDAT 41 8192
2016-09-27 17:08:48,869 frameNo:65
2016-09-27 17:08:48,871 STREAM IHDR 16 13
2016-09-27 17:08:48,871 STREAM IDAT 41 8192
2016-09-27 17:08:48,979 frameNo:66
2016-09-27 17:08:48,980 STREAM IHDR 16 13
2016-09-27 17:08:48,981 STREAM IDAT 41 8192
2016-09-27 17:08:49,087 frameNo:67
2016-09-27 17:08:49,089 STREAM IHDR 16 13
2016-09-27 17:08:49,089 STREAM IDAT 41 8192
2016-09-27 17:08:49,198 frameNo:68
2016-09-27 17:08:49,200 STREAM IHDR 16 13
2016-09-27 17:08:49,200 STREAM IDAT 41 8192
2016-09-27 17:08:49,345 frameNo:69
2016-09-27 17:08:50,272 loss:0.0534646846354
2016-09-27 17:08:50,274 STREAM IHDR 16 13
2016-09-27 17:08:50,274 STREAM IDAT 41 8192
2016-09-27 17:08:50,381 frameNo:70
2016-09-27 17:08:50,383 STREAM IHDR 16 13
2016-09-27 17:08:50,383 STREAM IDAT 41 8192
2016-09-27 17:08:50,490 frameNo:71
2016-09-27 17:08:50,492 STREAM IHDR 16 13
2016-09-27 17:08:50,492 STREAM IDAT 41 8192
2016-09-27 17:08:50,598 frameNo:72
2016-09-27 17:08:50,600 STREAM IHDR 16 13
2016-09-27 17:08:50,601 STREAM IDAT 41 8192
2016-09-27 17:08:50,709 frameNo:73
2016-09-27 17:08:50,711 STREAM IHDR 16 13
2016-09-27 17:08:50,711 STREAM IDAT 41 8192
2016-09-27 17:08:50,819 frameNo:74
2016-09-27 17:08:50,820 STREAM IHDR 16 13
2016-09-27 17:08:50,821 STREAM IDAT 41 8192
2016-09-27 17:08:50,927 frameNo:75
2016-09-27 17:08:50,928 STREAM IHDR 16 13
2016-09-27 17:08:50,929 STREAM IDAT 41 8192
2016-09-27 17:08:51,035 frameNo:76
2016-09-27 17:08:51,037 STREAM IHDR 16 13
2016-09-27 17:08:51,037 STREAM IDAT 41 8192
2016-09-27 17:08:51,146 frameNo:77
2016-09-27 17:08:51,148 STREAM IHDR 16 13
2016-09-27 17:08:51,148 STREAM IDAT 41 8192
2016-09-27 17:08:51,254 frameNo:78
2016-09-27 17:08:51,255 STREAM IHDR 16 13
2016-09-27 17:08:51,256 STREAM IDAT 41 8192
2016-09-27 17:08:51,362 frameNo:79
2016-09-27 17:08:52,287 loss:0.0671945586801
2016-09-27 17:08:52,289 STREAM IHDR 16 13
2016-09-27 17:08:52,289 STREAM IDAT 41 8192
2016-09-27 17:08:52,396 frameNo:80
2016-09-27 17:08:52,398 STREAM IHDR 16 13
2016-09-27 17:08:52,398 STREAM IDAT 41 8192
2016-09-27 17:08:52,506 frameNo:81
2016-09-27 17:08:52,508 STREAM IHDR 16 13
2016-09-27 17:08:52,508 STREAM IDAT 41 8192
2016-09-27 17:08:52,616 frameNo:82
2016-09-27 17:08:52,618 STREAM IHDR 16 13
2016-09-27 17:08:52,618 STREAM IDAT 41 8192
2016-09-27 17:08:52,726 frameNo:83
2016-09-27 17:08:52,728 STREAM IHDR 16 13
2016-09-27 17:08:52,728 STREAM IDAT 41 8192
2016-09-27 17:08:52,835 frameNo:84
2016-09-27 17:08:52,836 STREAM IHDR 16 13
2016-09-27 17:08:52,837 STREAM IDAT 41 8192
2016-09-27 17:08:52,946 frameNo:85
2016-09-27 17:08:52,948 STREAM IHDR 16 13
2016-09-27 17:08:52,948 STREAM IDAT 41 8192
2016-09-27 17:08:53,055 frameNo:86
2016-09-27 17:08:53,057 STREAM IHDR 16 13
2016-09-27 17:08:53,057 STREAM IDAT 41 8192
2016-09-27 17:08:53,163 frameNo:87
2016-09-27 17:08:53,165 STREAM IHDR 16 13
2016-09-27 17:08:53,165 STREAM IDAT 41 8192
2016-09-27 17:08:53,273 frameNo:88
2016-09-27 17:08:53,275 STREAM IHDR 16 13
2016-09-27 17:08:53,275 STREAM IDAT 41 8192
2016-09-27 17:08:53,381 frameNo:89
2016-09-27 17:08:54,299 loss:0.079852245748
2016-09-27 17:08:54,301 STREAM IHDR 16 13
2016-09-27 17:08:54,301 STREAM IDAT 41 8192
2016-09-27 17:08:54,408 frameNo:90
2016-09-27 17:08:54,409 STREAM IHDR 16 13
2016-09-27 17:08:54,410 STREAM IDAT 41 8192
2016-09-27 17:08:54,516 frameNo:91
2016-09-27 17:08:54,517 STREAM IHDR 16 13
2016-09-27 17:08:54,518 STREAM IDAT 41 8192
2016-09-27 17:08:54,624 frameNo:92
2016-09-27 17:08:54,626 STREAM IHDR 16 13
2016-09-27 17:08:54,626 STREAM IDAT 41 8192
2016-09-27 17:08:54,734 frameNo:93
2016-09-27 17:08:54,736 STREAM IHDR 16 13
2016-09-27 17:08:54,736 STREAM IDAT 41 8192
2016-09-27 17:08:54,846 frameNo:94
2016-09-27 17:08:54,848 STREAM IHDR 16 13
2016-09-27 17:08:54,848 STREAM IDAT 41 8192
2016-09-27 17:08:54,955 frameNo:95
2016-09-27 17:08:54,957 STREAM IHDR 16 13
2016-09-27 17:08:54,957 STREAM IDAT 41 8192
2016-09-27 17:08:55,064 frameNo:96
2016-09-27 17:08:55,066 STREAM IHDR 16 13
2016-09-27 17:08:55,066 STREAM IDAT 41 8192
2016-09-27 17:08:55,175 frameNo:97
2016-09-27 17:08:55,177 STREAM IHDR 16 13
2016-09-27 17:08:55,177 STREAM IDAT 41 8192
2016-09-27 17:08:55,284 frameNo:98
2016-09-27 17:08:55,295 STREAM IHDR 16 13
2016-09-27 17:08:55,295 STREAM IDAT 41 8192
2016-09-27 17:08:55,402 frameNo:99
2016-09-27 17:08:56,321 loss:0.0700334534049
2016-09-27 17:08:56,323 STREAM IHDR 16 13
2016-09-27 17:08:56,323 STREAM IDAT 41 8192
2016-09-27 17:08:56,430 frameNo:100
2016-09-27 17:08:56,432 STREAM IHDR 16 13
2016-09-27 17:08:56,433 STREAM IDAT 41 8192
2016-09-27 17:08:56,539 frameNo:101
2016-09-27 17:08:56,541 STREAM IHDR 16 13
2016-09-27 17:08:56,541 STREAM IDAT 41 8192
2016-09-27 17:08:56,648 frameNo:102
2016-09-27 17:08:56,650 STREAM IHDR 16 13
2016-09-27 17:08:56,650 STREAM IDAT 41 8192
2016-09-27 17:08:56,761 frameNo:103
2016-09-27 17:08:56,772 STREAM IHDR 16 13
2016-09-27 17:08:56,773 STREAM IDAT 41 8192
2016-09-27 17:08:56,880 frameNo:104
2016-09-27 17:08:56,890 STREAM IHDR 16 13
2016-09-27 17:08:56,890 STREAM IDAT 41 8192
2016-09-27 17:08:56,997 frameNo:105
2016-09-27 17:08:57,008 STREAM IHDR 16 13
2016-09-27 17:08:57,008 STREAM IDAT 41 8192
2016-09-27 17:08:57,117 frameNo:106
2016-09-27 17:08:57,121 STREAM IHDR 16 13
2016-09-27 17:08:57,121 STREAM IDAT 41 8192
2016-09-27 17:08:57,227 frameNo:107
2016-09-27 17:08:57,238 STREAM IHDR 16 13
2016-09-27 17:08:57,239 STREAM IDAT 41 8192
2016-09-27 17:08:57,345 frameNo:108
2016-09-27 17:08:57,347 STREAM IHDR 16 13
2016-09-27 17:08:57,347 STREAM IDAT 41 8192
2016-09-27 17:08:57,456 frameNo:109
2016-09-27 17:08:58,371 loss:0.0497783496976
2016-09-27 17:08:58,374 STREAM IHDR 16 13
2016-09-27 17:08:58,374 STREAM IDAT 41 8192
2016-09-27 17:08:58,480 frameNo:110
2016-09-27 17:08:58,482 STREAM IHDR 16 13
2016-09-27 17:08:58,483 STREAM IDAT 41 8192
2016-09-27 17:08:58,590 frameNo:111
2016-09-27 17:08:58,592 STREAM IHDR 16 13
2016-09-27 17:08:58,592 STREAM IDAT 41 8192
2016-09-27 17:08:58,700 frameNo:112
2016-09-27 17:08:58,702 STREAM IHDR 16 13
2016-09-27 17:08:58,702 STREAM IDAT 41 8192
2016-09-27 17:08:58,809 frameNo:113
2016-09-27 17:08:58,817 loss-imagelist0 : 52.2875137329 , lenghth : 114
2016-09-27 17:08:58,821 STREAM IHDR 16 13
2016-09-27 17:08:58,821 STREAM IDAT 41 8192
2016-09-27 17:08:58,859 STREAM IHDR 16 13
2016-09-27 17:08:58,859 STREAM IDAT 41 8192
2016-09-27 17:08:58,970 frameNo:1
2016-09-27 17:08:58,972 STREAM IHDR 16 13
2016-09-27 17:08:58,972 STREAM IDAT 41 8192
2016-09-27 17:08:59,079 frameNo:2
2016-09-27 17:08:59,080 STREAM IHDR 16 13
2016-09-27 17:08:59,081 STREAM IDAT 41 8192
2016-09-27 17:08:59,188 frameNo:3
2016-09-27 17:08:59,190 STREAM IHDR 16 13
2016-09-27 17:08:59,190 STREAM IDAT 41 8192
2016-09-27 17:08:59,299 frameNo:4
2016-09-27 17:08:59,301 STREAM IHDR 16 13
2016-09-27 17:08:59,301 STREAM IDAT 41 8192
2016-09-27 17:08:59,407 frameNo:5
2016-09-27 17:08:59,409 STREAM IHDR 16 13
2016-09-27 17:08:59,409 STREAM IDAT 41 8192
2016-09-27 17:08:59,516 frameNo:6
2016-09-27 17:08:59,518 STREAM IHDR 16 13
2016-09-27 17:08:59,518 STREAM IDAT 41 8192
2016-09-27 17:08:59,623 frameNo:7
2016-09-27 17:08:59,625 STREAM IHDR 16 13
2016-09-27 17:08:59,625 STREAM IDAT 41 8192
2016-09-27 17:08:59,734 frameNo:8
2016-09-27 17:08:59,736 STREAM IHDR 16 13
2016-09-27 17:08:59,736 STREAM IDAT 41 8192
2016-09-27 17:08:59,842 frameNo:9
2016-09-27 17:09:00,680 loss:0.0565593391657
2016-09-27 17:09:00,682 STREAM IHDR 16 13
2016-09-27 17:09:00,682 STREAM IDAT 41 8192
2016-09-27 17:09:00,789 frameNo:10
2016-09-27 17:09:00,791 STREAM IHDR 16 13
2016-09-27 17:09:00,791 STREAM IDAT 41 8192
2016-09-27 17:09:00,897 frameNo:11
2016-09-27 17:09:00,899 STREAM IHDR 16 13
2016-09-27 17:09:00,899 STREAM IDAT 41 8192
2016-09-27 17:09:01,006 frameNo:12
2016-09-27 17:09:01,008 STREAM IHDR 16 13
2016-09-27 17:09:01,008 STREAM IDAT 41 8192
2016-09-27 17:09:01,117 frameNo:13
2016-09-27 17:09:01,119 STREAM IHDR 16 13
2016-09-27 17:09:01,120 STREAM IDAT 41 8192
2016-09-27 17:09:01,226 frameNo:14
2016-09-27 17:09:01,227 STREAM IHDR 16 13
2016-09-27 17:09:01,228 STREAM IDAT 41 8192
2016-09-27 17:09:01,334 frameNo:15
2016-09-27 17:09:01,335 STREAM IHDR 16 13
2016-09-27 17:09:01,336 STREAM IDAT 41 8192
2016-09-27 17:09:01,441 frameNo:16
2016-09-27 17:09:01,443 STREAM IHDR 16 13
2016-09-27 17:09:01,443 STREAM IDAT 41 8192
2016-09-27 17:09:01,553 frameNo:17
2016-09-27 17:09:01,555 STREAM IHDR 16 13
2016-09-27 17:09:01,555 STREAM IDAT 41 8192
2016-09-27 17:09:01,661 frameNo:18
2016-09-27 17:09:01,663 STREAM IHDR 16 13
2016-09-27 17:09:01,663 STREAM IDAT 41 8192
2016-09-27 17:09:01,769 frameNo:19
2016-09-27 17:09:02,679 loss:0.0560660436749
2016-09-27 17:09:02,681 STREAM IHDR 16 13
2016-09-27 17:09:02,681 STREAM IDAT 41 8192
2016-09-27 17:09:02,788 frameNo:20
2016-09-27 17:09:02,789 STREAM IHDR 16 13
2016-09-27 17:09:02,790 STREAM IDAT 41 8192
2016-09-27 17:09:02,895 frameNo:21
2016-09-27 17:09:02,897 STREAM IHDR 16 13
2016-09-27 17:09:02,897 STREAM IDAT 41 8192
2016-09-27 17:09:03,003 frameNo:22
2016-09-27 17:09:03,004 STREAM IHDR 16 13
2016-09-27 17:09:03,005 STREAM IDAT 41 8192
2016-09-27 17:09:03,111 frameNo:23
2016-09-27 17:09:03,112 STREAM IHDR 16 13
2016-09-27 17:09:03,112 STREAM IDAT 41 8192
2016-09-27 17:09:03,219 frameNo:24
2016-09-27 17:09:03,221 STREAM IHDR 16 13
2016-09-27 17:09:03,221 STREAM IDAT 41 8192
2016-09-27 17:09:03,326 frameNo:25
2016-09-27 17:09:03,328 STREAM IHDR 16 13
2016-09-27 17:09:03,329 STREAM IDAT 41 8192
2016-09-27 17:09:03,434 frameNo:26
2016-09-27 17:09:03,436 STREAM IHDR 16 13
2016-09-27 17:09:03,436 STREAM IDAT 41 8192
2016-09-27 17:09:03,541 frameNo:27
2016-09-27 17:09:03,543 STREAM IHDR 16 13
2016-09-27 17:09:03,543 STREAM IDAT 41 8192
2016-09-27 17:09:03,652 frameNo:28
2016-09-27 17:09:03,654 STREAM IHDR 16 13
2016-09-27 17:09:03,654 STREAM IDAT 41 8192
2016-09-27 17:09:03,760 frameNo:29
2016-09-27 17:09:04,671 loss:0.0579991526902
2016-09-27 17:09:04,673 STREAM IHDR 16 13
2016-09-27 17:09:04,673 STREAM IDAT 41 8192
2016-09-27 17:09:04,780 frameNo:30
2016-09-27 17:09:04,782 STREAM IHDR 16 13
2016-09-27 17:09:04,782 STREAM IDAT 41 8192
2016-09-27 17:09:04,888 frameNo:31
2016-09-27 17:09:04,890 STREAM IHDR 16 13
2016-09-27 17:09:04,890 STREAM IDAT 41 8192
2016-09-27 17:09:05,000 frameNo:32
2016-09-27 17:09:05,002 STREAM IHDR 16 13
2016-09-27 17:09:05,002 STREAM IDAT 41 8192
2016-09-27 17:09:05,116 frameNo:33
2016-09-27 17:09:05,118 STREAM IHDR 16 13
2016-09-27 17:09:05,118 STREAM IDAT 41 8192
2016-09-27 17:09:05,224 frameNo:34
2016-09-27 17:09:05,226 STREAM IHDR 16 13
2016-09-27 17:09:05,226 STREAM IDAT 41 8192
2016-09-27 17:09:05,332 frameNo:35
2016-09-27 17:09:05,334 STREAM IHDR 16 13
2016-09-27 17:09:05,334 STREAM IDAT 41 8192
2016-09-27 17:09:05,442 frameNo:36
2016-09-27 17:09:05,444 STREAM IHDR 16 13
2016-09-27 17:09:05,445 STREAM IDAT 41 8192
2016-09-27 17:09:05,551 frameNo:37
2016-09-27 17:09:05,553 STREAM IHDR 16 13
2016-09-27 17:09:05,553 STREAM IDAT 41 8192
2016-09-27 17:09:05,659 frameNo:38
2016-09-27 17:09:05,661 STREAM IHDR 16 13
2016-09-27 17:09:05,661 STREAM IDAT 41 8192
2016-09-27 17:09:05,766 frameNo:39
2016-09-27 17:09:06,699 loss:0.0466870777309
2016-09-27 17:09:06,701 STREAM IHDR 16 13
2016-09-27 17:09:06,701 STREAM IDAT 41 8192
2016-09-27 17:09:06,808 frameNo:40
2016-09-27 17:09:06,810 STREAM IHDR 16 13
2016-09-27 17:09:06,810 STREAM IDAT 41 8192
2016-09-27 17:09:06,916 frameNo:41
2016-09-27 17:09:06,918 STREAM IHDR 16 13
2016-09-27 17:09:06,918 STREAM IDAT 41 8192
2016-09-27 17:09:07,026 frameNo:42
2016-09-27 17:09:07,028 STREAM IHDR 16 13
2016-09-27 17:09:07,028 STREAM IDAT 41 8192
2016-09-27 17:09:07,135 frameNo:43
2016-09-27 17:09:07,143 STREAM IHDR 16 13
2016-09-27 17:09:07,143 STREAM IDAT 41 8192
2016-09-27 17:09:07,249 frameNo:44
2016-09-27 17:09:07,279 STREAM IHDR 16 13
2016-09-27 17:09:07,279 STREAM IDAT 41 8192
2016-09-27 17:09:07,389 frameNo:45
2016-09-27 17:09:07,419 STREAM IHDR 16 13
2016-09-27 17:09:07,419 STREAM IDAT 41 8192
2016-09-27 17:09:07,526 frameNo:46
2016-09-27 17:09:07,555 STREAM IHDR 16 13
2016-09-27 17:09:07,555 STREAM IDAT 41 8192
2016-09-27 17:09:07,661 frameNo:47
2016-09-27 17:09:07,669 STREAM IHDR 16 13
2016-09-27 17:09:07,669 STREAM IDAT 41 8192
2016-09-27 17:09:07,777 frameNo:48
2016-09-27 17:09:07,783 STREAM IHDR 16 13
2016-09-27 17:09:07,783 STREAM IDAT 41 8192
2016-09-27 17:09:07,889 frameNo:49
2016-09-27 17:09:08,814 loss:0.0416738502681
2016-09-27 17:09:08,816 STREAM IHDR 16 13
2016-09-27 17:09:08,816 STREAM IDAT 41 8192
2016-09-27 17:09:08,949 frameNo:50
2016-09-27 17:09:08,960 STREAM IHDR 16 13
2016-09-27 17:09:08,960 STREAM IDAT 41 8192
2016-09-27 17:09:09,067 frameNo:51
2016-09-27 17:09:09,090 STREAM IHDR 16 13
2016-09-27 17:09:09,090 STREAM IDAT 41 8192
2016-09-27 17:09:09,196 frameNo:52
2016-09-27 17:09:09,232 STREAM IHDR 16 13
2016-09-27 17:09:09,233 STREAM IDAT 41 8192
2016-09-27 17:09:09,341 frameNo:53
2016-09-27 17:09:09,392 STREAM IHDR 16 13
2016-09-27 17:09:09,392 STREAM IDAT 41 8192
2016-09-27 17:09:09,498 frameNo:54
2016-09-27 17:09:09,553 STREAM IHDR 16 13
2016-09-27 17:09:09,553 STREAM IDAT 41 8192
2016-09-27 17:09:09,659 frameNo:55
2016-09-27 17:09:09,661 STREAM IHDR 16 13
2016-09-27 17:09:09,661 STREAM IDAT 41 8192
2016-09-27 17:09:09,767 frameNo:56
2016-09-27 17:09:09,769 STREAM IHDR 16 13
2016-09-27 17:09:09,769 STREAM IDAT 41 8192
2016-09-27 17:09:09,876 frameNo:57
2016-09-27 17:09:09,912 STREAM IHDR 16 13
2016-09-27 17:09:09,912 STREAM IDAT 41 8192
2016-09-27 17:09:10,019 frameNo:58
2016-09-27 17:09:10,077 STREAM IHDR 16 13
2016-09-27 17:09:10,078 STREAM IDAT 41 8192
2016-09-27 17:09:10,183 frameNo:59
2016-09-27 17:09:11,200 loss:0.0382798202336
2016-09-27 17:09:11,228 STREAM IHDR 16 13
2016-09-27 17:09:11,228 STREAM IDAT 41 8192
2016-09-27 17:09:11,334 frameNo:60
2016-09-27 17:09:11,356 STREAM IHDR 16 13
2016-09-27 17:09:11,356 STREAM IDAT 41 8192
2016-09-27 17:09:11,462 frameNo:61
2016-09-27 17:09:11,482 STREAM IHDR 16 13
2016-09-27 17:09:11,482 STREAM IDAT 41 8192
2016-09-27 17:09:11,614 frameNo:62
2016-09-27 17:09:11,629 STREAM IHDR 16 13
2016-09-27 17:09:11,629 STREAM IDAT 41 8192
2016-09-27 17:09:11,767 frameNo:63
2016-09-27 17:09:11,782 STREAM IHDR 16 13
2016-09-27 17:09:11,782 STREAM IDAT 41 8192
2016-09-27 17:09:11,921 frameNo:64
2016-09-27 17:09:11,923 STREAM IHDR 16 13
2016-09-27 17:09:11,924 STREAM IDAT 41 8192
2016-09-27 17:09:12,053 frameNo:65
2016-09-27 17:09:12,055 STREAM IHDR 16 13
2016-09-27 17:09:12,055 STREAM IDAT 41 8192
2016-09-27 17:09:12,174 frameNo:66
2016-09-27 17:09:12,185 STREAM IHDR 16 13
2016-09-27 17:09:12,185 STREAM IDAT 41 8192
2016-09-27 17:09:12,303 frameNo:67
2016-09-27 17:09:12,324 STREAM IHDR 16 13
2016-09-27 17:09:12,324 STREAM IDAT 41 8192
2016-09-27 17:09:12,445 frameNo:68
2016-09-27 17:09:12,456 STREAM IHDR 16 13
2016-09-27 17:09:12,457 STREAM IDAT 41 8192
2016-09-27 17:09:12,567 frameNo:69
2016-09-27 17:09:13,489 loss:0.0344104282558
2016-09-27 17:09:13,498 STREAM IHDR 16 13
2016-09-27 17:09:13,498 STREAM IDAT 41 8192
2016-09-27 17:09:13,604 frameNo:70
2016-09-27 17:09:13,612 STREAM IHDR 16 13
2016-09-27 17:09:13,613 STREAM IDAT 41 8192
2016-09-27 17:09:13,718 frameNo:71
2016-09-27 17:09:13,725 STREAM IHDR 16 13
2016-09-27 17:09:13,725 STREAM IDAT 41 8192
2016-09-27 17:09:13,830 frameNo:72
2016-09-27 17:09:13,837 STREAM IHDR 16 13
2016-09-27 17:09:13,838 STREAM IDAT 41 8192
2016-09-27 17:09:13,973 frameNo:73
2016-09-27 17:09:13,980 STREAM IHDR 16 13
2016-09-27 17:09:13,981 STREAM IDAT 41 8192
2016-09-27 17:09:14,097 frameNo:74
2016-09-27 17:09:14,105 STREAM IHDR 16 13
2016-09-27 17:09:14,106 STREAM IDAT 41 8192
2016-09-27 17:09:14,224 frameNo:75
2016-09-27 17:09:14,232 STREAM IHDR 16 13
2016-09-27 17:09:14,233 STREAM IDAT 41 8192
